2023-10-27 11:57:02,097 [ERROR] LogOutputStream:75 - [STDERR_REDIRECT] 
2023-10-27 11:57:09,762 [INFO] Activator:176 - 


2023-10-27 11:57:09,763 [INFO] Activator:177 - !SESSION log4j initialized
2023-10-27 11:57:12,406 [INFO] LogOutputStream:77 - [STDOUT_REDIRECT] 
2023-10-27 11:57:14,083 [INFO] ApplicationProperties:184 - Using Application install path: /opt/st/stm32cubeide_1.13.2/plugins/com.st.stm32cube.common.mx_6.9.2.202309101412
2023-10-27 11:57:14,100 [INFO] DbMcusXml:78 - Set database path to: /opt/st/stm32cubeide_1.13.2/plugins/com.st.stm32cube.common.mx_6.9.2.202309101412//db//mcu/
2023-10-27 11:57:14,100 [INFO] ApiDb:274 - Set plugin database path to: /opt/st/stm32cubeide_1.13.2/plugins/com.st.stm32cube.common.mx_6.9.2.202309101412//db//plugins/boardmanager/
2023-10-27 11:57:14,101 [WARN] ApiDb:259 - Overriding images path with different value:  => /opt/st/stm32cubeide_1.13.2/plugins/com.st.stm32cube.common.mx_6.9.2.202309101412//db//plugins/mcufinder/images/
2023-10-27 11:57:14,106 [INFO] ApiDb:250 - Set database path to: /home/martin/.stmcufinder/plugins/mcufinder//mcu/
2023-10-27 11:57:14,107 [INFO] DbMcusAds:125 - Set database path to: /home/martin/.stmcufinder/plugins/mcufinder//mcu/
2023-10-27 11:57:14,109 [INFO] CrossReferenceDbSqlite:203 - Set database path to: /home/martin/.stmcufinder/plugins/mcufinder//mcu/cs/
2023-10-27 11:57:14,197 [INFO] RulesReader:64 - Compatibility file has been processed (293 Rules)
2023-10-27 11:57:14,232 [INFO] DbMcusXml:78 - Set database path to: /opt/st/stm32cubeide_1.13.2/plugins/com.st.stm32cube.common.mx_6.9.2.202309101412//db//mcu/
2023-10-27 11:57:14,232 [INFO] ApiDb:274 - Set plugin database path to: /opt/st/stm32cubeide_1.13.2/plugins/com.st.stm32cube.common.mx_6.9.2.202309101412//db//plugins/boardmanager/
2023-10-27 11:57:14,232 [INFO] ApiDb:261 - Set plugin images path to: /opt/st/stm32cubeide_1.13.2/plugins/com.st.stm32cube.common.mx_6.9.2.202309101412//db//plugins/mcufinder/images/
2023-10-27 11:57:14,232 [WARN] DbFile:41 - Overriding database path with different value: /home/martin/.stmcufinder/plugins/mcufinder/ => /home/martin/.stmcufinder/plugins/mcufinder
2023-10-27 11:57:14,232 [INFO] ApiDb:250 - Set database path to: /home/martin/.stmcufinder/plugins/mcufinder//mcu/
2023-10-27 11:57:14,232 [WARN] DbFile:41 - Overriding database path with different value: /home/martin/.stmcufinder/plugins/mcufinder/ => /home/martin/.stmcufinder/plugins/mcufinder
2023-10-27 11:57:14,232 [INFO] DbMcusAds:125 - Set database path to: /home/martin/.stmcufinder/plugins/mcufinder//mcu/
2023-10-27 11:57:14,232 [WARN] DbFile:41 - Overriding database path with different value: /home/martin/.stmcufinder/plugins/mcufinder/ => /home/martin/.stmcufinder/plugins/mcufinder
2023-10-27 11:57:14,232 [WARN] DbFile:41 - Overriding database path with different value: /home/martin/.stmcufinder/plugins/mcufinder/ => /home/martin/.stmcufinder/plugins/mcufinder
2023-10-27 11:57:14,232 [INFO] CrossReferenceDbSqlite:203 - Set database path to: /home/martin/.stmcufinder/plugins/mcufinder//mcu/cs/
2023-10-27 11:57:14,272 [INFO] MainPanel:262 - HeapMemory: 268435456
2023-10-27 11:57:14,333 [INFO] DbMcusXml:78 - Set database path to: /opt/st/stm32cubeide_1.13.2/plugins/com.st.stm32cube.common.mx_6.9.2.202309101412//db//mcu/
2023-10-27 11:57:14,333 [INFO] ApiDb:274 - Set plugin database path to: /opt/st/stm32cubeide_1.13.2/plugins/com.st.stm32cube.common.mx_6.9.2.202309101412//db//plugins/boardmanager/
2023-10-27 11:57:14,333 [INFO] ApiDb:261 - Set plugin images path to: /opt/st/stm32cubeide_1.13.2/plugins/com.st.stm32cube.common.mx_6.9.2.202309101412//db//plugins/mcufinder/images/
2023-10-27 11:57:14,333 [WARN] DbFile:41 - Overriding database path with different value: /home/martin/.stmcufinder/plugins/mcufinder/ => /home/martin/.stmcufinder/plugins/mcufinder
2023-10-27 11:57:14,333 [INFO] ApiDb:250 - Set database path to: /home/martin/.stmcufinder/plugins/mcufinder//mcu/
2023-10-27 11:57:14,333 [WARN] DbFile:41 - Overriding database path with different value: /home/martin/.stmcufinder/plugins/mcufinder/ => /home/martin/.stmcufinder/plugins/mcufinder
2023-10-27 11:57:14,333 [INFO] DbMcusAds:125 - Set database path to: /home/martin/.stmcufinder/plugins/mcufinder//mcu/
2023-10-27 11:57:14,333 [WARN] DbFile:41 - Overriding database path with different value: /home/martin/.stmcufinder/plugins/mcufinder/ => /home/martin/.stmcufinder/plugins/mcufinder
2023-10-27 11:57:14,333 [WARN] DbFile:41 - Overriding database path with different value: /home/martin/.stmcufinder/plugins/mcufinder/ => /home/martin/.stmcufinder/plugins/mcufinder
2023-10-27 11:57:14,333 [INFO] CrossReferenceDbSqlite:203 - Set database path to: /home/martin/.stmcufinder/plugins/mcufinder//mcu/cs/
2023-10-27 11:57:14,349 [INFO] ApplicationProperties:184 - Using Application install path: /opt/st/stm32cubeide_1.13.2/plugins/com.st.stm32cube.common.mx_6.9.2.202309101412
2023-10-27 11:57:14,350 [INFO] PluginManage:196 - Search for loadable plugins [exclusion list=, ]
2023-10-27 11:57:14,351 [INFO] PluginManage:310 - Check plugin analytics
2023-10-27 11:57:14,456 [INFO] AnalyticsPlugin:253 - Accepted Software Licenses: 
2023-10-27 11:57:14,456 [INFO] AnalyticsPlugin:255 - Accepted CMSIS Pack Licenses: 
2023-10-27 11:57:14,456 [INFO] AnalyticsPlugin:257 - Accepted Firmware Licenses: FW.F4.1.27.0
2023-10-27 11:57:14,458 [INFO] PluginManage:359 - Loaded plugin analytics (category:tool,tabindex:-1)
2023-10-27 11:57:14,458 [INFO] PluginManage:310 - Check plugin cadmodel
2023-10-27 11:57:14,474 [INFO] CADModel:105 - Init CAD model plugin
2023-10-27 11:57:14,474 [INFO] PluginManage:359 - Loaded plugin cadmodel (category:power,tabindex:5)
2023-10-27 11:57:14,474 [INFO] PluginManage:310 - Check plugin clock
2023-10-27 11:57:14,480 [INFO] PluginManage:359 - Loaded plugin clock (category:base,tabindex:2)
2023-10-27 11:57:14,480 [INFO] PluginManage:310 - Check plugin ddr
2023-10-27 11:57:14,481 [INFO] PluginManage:359 - Loaded plugin ddr (category:tool,tabindex:6)
2023-10-27 11:57:14,481 [INFO] PluginManage:310 - Check plugin filemanager
2023-10-27 11:57:14,556 [INFO] PluginManage:359 - Loaded plugin filemanager (category:base,tabindex:10)
2023-10-27 11:57:14,557 [INFO] PluginManage:310 - Check plugin ipmanager
2023-10-27 11:57:14,560 [INFO] PluginManage:359 - Loaded plugin ipmanager (category:base,tabindex:5)
2023-10-27 11:57:14,560 [INFO] PluginManage:310 - Check plugin lpbam
2023-10-27 11:57:14,565 [INFO] PluginManage:359 - Loaded plugin lpbam (category:base,tabindex:0)
2023-10-27 11:57:14,565 [INFO] PluginManage:310 - Check plugin memorymap
2023-10-27 11:57:14,571 [INFO] PluginManage:359 - Loaded plugin memorymap (category:base,tabindex:4)
2023-10-27 11:57:14,571 [INFO] PluginManage:310 - Check plugin pinoutandconfiguration
2023-10-27 11:57:14,575 [INFO] PluginManage:359 - Loaded plugin pinoutandconfiguration (category:base,tabindex:1)
2023-10-27 11:57:14,575 [INFO] PluginManage:310 - Check plugin pinoutconfig
2023-10-27 11:57:14,625 [WARN] SupportedApi:132 - Cannot load RTOS API schema: s4s-elt-must-match.1: The content of 'definitions' must match (annotation?, (simpleType | complexType)?, (unique | key | keyref)*)). A problem was found starting at: attribute.
2023-10-27 11:57:14,699 [INFO] PluginManage:359 - Loaded plugin pinoutconfig (category:base,tabindex:0)
2023-10-27 11:57:14,699 [INFO] PluginManage:310 - Check plugin power
2023-10-27 11:57:14,705 [INFO] PluginManage:359 - Loaded plugin power (category:power,tabindex:4)
2023-10-27 11:57:14,705 [INFO] PluginManage:310 - Check plugin projectmanager
2023-10-27 11:57:14,715 [INFO] PluginManage:359 - Loaded plugin projectmanager (category:projectmanager,tabindex:3)
2023-10-27 11:57:14,716 [INFO] PluginManage:310 - Check plugin thirdparty
2023-10-27 11:57:14,790 [INFO] PluginManage:359 - Loaded plugin thirdparty (category:base,tabindex:-1)
2023-10-27 11:57:14,790 [WARN] IntegrityCheckThread:84 - waiting for thirdparty lock release [integrity check]
2023-10-27 11:57:14,791 [INFO] PluginManage:310 - Check plugin tools
2023-10-27 11:57:14,791 [INFO] IntegrityCheckThread:86 - entering critical section [integrity check]
2023-10-27 11:57:14,791 [INFO] ThirdPartyUpdaterWithRetryManager:70 - Updater plugin not ready yet. [1/15]
2023-10-27 11:57:14,792 [INFO] PluginManage:359 - Loaded plugin tools (category:base,tabindex:7)
2023-10-27 11:57:14,792 [INFO] PluginManage:310 - Check plugin tutovideos
2023-10-27 11:57:14,891 [INFO] PluginManage:359 - Loaded plugin tutovideos (category:base,tabindex:-1)
2023-10-27 11:57:14,891 [INFO] PluginManage:310 - Check plugin updater
2023-10-27 11:57:14,897 [INFO] PluginManage:359 - Loaded plugin updater (category:base,tabindex:12)
2023-10-27 11:57:14,898 [INFO] PluginManage:310 - Check plugin userauth
2023-10-27 11:57:14,901 [INFO] UserAuth:113 - Init User Auth plugin
2023-10-27 11:57:14,901 [INFO] PluginManage:359 - Loaded plugin userauth (category:base,tabindex:14)
2023-10-27 11:57:14,902 [INFO] PluginManage:283 - PluginManage : Loaded plugins [17]
2023-10-27 11:57:15,024 [INFO] PinOutPanel:1499 - setPackage(No Configuration,No Configuration)
2023-10-27 11:57:15,081 [INFO] CADModel:165 - CPN selected for project level
2023-10-27 11:57:15,081 [INFO] CADModel:114 - Register for checkConnection events
2023-10-27 11:57:15,087 [INFO] IPUIPlugin:80 - create IPUIPlugin
2023-10-27 11:57:15,087 [INFO] PluginManager:220 - loadIPPluginJar : add ts
2023-10-27 11:57:15,089 [INFO] IPUIPlugin:80 - create IPUIPlugin
2023-10-27 11:57:15,089 [INFO] PluginManager:220 - loadIPPluginJar : add dma3
2023-10-27 11:57:15,092 [INFO] IPUIPlugin:80 - create IPUIPlugin
2023-10-27 11:57:15,092 [INFO] PluginManager:220 - loadIPPluginJar : add spi
2023-10-27 11:57:15,093 [INFO] IPUIPlugin:80 - create IPUIPlugin
2023-10-27 11:57:15,094 [INFO] PluginManager:220 - loadIPPluginJar : add openamp
2023-10-27 11:57:15,095 [INFO] IPUIPlugin:80 - create IPUIPlugin
2023-10-27 11:57:15,095 [INFO] PluginManager:220 - loadIPPluginJar : add dfsdm
2023-10-27 11:57:15,098 [INFO] IPUIPlugin:80 - create IPUIPlugin
2023-10-27 11:57:15,099 [INFO] PluginManager:220 - loadIPPluginJar : add fmc
2023-10-27 11:57:15,100 [INFO] IPUIPlugin:80 - create IPUIPlugin
2023-10-27 11:57:15,100 [INFO] PluginManager:220 - loadIPPluginJar : add tracer_emb
2023-10-27 11:57:15,101 [INFO] IPUIPlugin:80 - create IPUIPlugin
2023-10-27 11:57:15,101 [INFO] PluginManager:220 - loadIPPluginJar : add i2s
2023-10-27 11:57:15,103 [INFO] IPUIPlugin:80 - create IPUIPlugin
2023-10-27 11:57:15,103 [INFO] PluginManager:220 - loadIPPluginJar : add nvic
2023-10-27 11:57:15,107 [INFO] IPUIPlugin:80 - create IPUIPlugin
2023-10-27 11:57:15,107 [INFO] PluginManager:220 - loadIPPluginJar : add dma
2023-10-27 11:57:15,110 [INFO] IPUIPlugin:80 - create IPUIPlugin
2023-10-27 11:57:15,110 [INFO] PluginManager:220 - loadIPPluginJar : add stm32_wpan
2023-10-27 11:57:15,111 [INFO] IPUIPlugin:80 - create IPUIPlugin
2023-10-27 11:57:15,111 [INFO] PluginManager:220 - loadIPPluginJar : add quadspi
2023-10-27 11:57:15,112 [INFO] IPUIPlugin:80 - create IPUIPlugin
2023-10-27 11:57:15,112 [INFO] PluginManager:220 - loadIPPluginJar : add gfxmmu
2023-10-27 11:57:15,113 [INFO] IPUIPlugin:80 - create IPUIPlugin
2023-10-27 11:57:15,113 [INFO] PluginManager:220 - loadIPPluginJar : add i2c
2023-10-27 11:57:15,114 [INFO] IPUIPlugin:80 - create IPUIPlugin
2023-10-27 11:57:15,114 [INFO] PluginManager:220 - loadIPPluginJar : add usart
2023-10-27 11:57:15,119 [INFO] IPUIPlugin:80 - create IPUIPlugin
2023-10-27 11:57:15,119 [INFO] PluginManager:220 - loadIPPluginJar : add linkedlist
2023-10-27 11:57:15,123 [INFO] IPUIPlugin:80 - create IPUIPlugin
2023-10-27 11:57:15,123 [INFO] PluginManager:220 - loadIPPluginJar : add mdma
2023-10-27 11:57:15,124 [INFO] IPUIPlugin:80 - create IPUIPlugin
2023-10-27 11:57:15,124 [INFO] PluginManager:220 - loadIPPluginJar : add fatfs
2023-10-27 11:57:15,125 [INFO] IPUIPlugin:80 - create IPUIPlugin
2023-10-27 11:57:15,126 [INFO] PluginManager:220 - loadIPPluginJar : add sai
2023-10-27 11:57:15,127 [INFO] IPUIPlugin:80 - create IPUIPlugin
2023-10-27 11:57:15,127 [INFO] PluginManager:220 - loadIPPluginJar : add opamp
2023-10-27 11:57:15,131 [INFO] IPUIPlugin:80 - create IPUIPlugin
2023-10-27 11:57:15,131 [INFO] PluginManager:220 - loadIPPluginJar : add adc
2023-10-27 11:57:15,133 [INFO] IPUIPlugin:80 - create IPUIPlugin
2023-10-27 11:57:15,133 [INFO] PluginManager:220 - loadIPPluginJar : add resmgrutility
2023-10-27 11:57:15,134 [INFO] IPUIPlugin:80 - create IPUIPlugin
2023-10-27 11:57:15,134 [INFO] PluginManager:220 - loadIPPluginJar : add tim
2023-10-27 11:57:15,136 [INFO] IPUIPlugin:80 - create IPUIPlugin
2023-10-27 11:57:15,136 [INFO] PluginManager:220 - loadIPPluginJar : add cryp
2023-10-27 11:57:15,138 [INFO] IPUIPlugin:80 - create IPUIPlugin
2023-10-27 11:57:15,138 [INFO] PluginManager:220 - loadIPPluginJar : add ipddr
2023-10-27 11:57:15,140 [INFO] IPUIPlugin:80 - create IPUIPlugin
2023-10-27 11:57:15,140 [INFO] PluginManager:220 - loadIPPluginJar : add can
2023-10-27 11:57:15,140 [INFO] IPUIPlugin:80 - create IPUIPlugin
2023-10-27 11:57:15,140 [INFO] PluginManager:220 - loadIPPluginJar : add genericplugin
2023-10-27 11:57:15,141 [INFO] IPUIPlugin:80 - create IPUIPlugin
2023-10-27 11:57:15,141 [INFO] PluginManager:220 - loadIPPluginJar : add comp
2023-10-27 11:57:15,142 [INFO] IPUIPlugin:80 - create IPUIPlugin
2023-10-27 11:57:15,142 [INFO] PluginManager:220 - loadIPPluginJar : add tsc
2023-10-27 11:57:15,146 [INFO] IPUIPlugin:80 - create IPUIPlugin
2023-10-27 11:57:15,146 [INFO] PluginManager:220 - loadIPPluginJar : add freertos
2023-10-27 11:57:15,147 [INFO] IPUIPlugin:80 - create IPUIPlugin
2023-10-27 11:57:15,147 [INFO] PluginManager:220 - loadIPPluginJar : add pdm2pcm
2023-10-27 11:57:15,148 [INFO] IPUIPlugin:80 - create IPUIPlugin
2023-10-27 11:57:15,148 [INFO] PluginManager:220 - loadIPPluginJar : add ltdc
2023-10-27 11:57:15,149 [INFO] IPUIPlugin:80 - create IPUIPlugin
2023-10-27 11:57:15,149 [INFO] PluginManager:220 - loadIPPluginJar : add ucpd
2023-10-27 11:57:15,153 [INFO] IPUIPlugin:80 - create IPUIPlugin
2023-10-27 11:57:15,155 [INFO] PluginManager:220 - loadIPPluginJar : add plateformsettings
2023-10-27 11:57:15,157 [INFO] IPUIPlugin:80 - create IPUIPlugin
2023-10-27 11:57:15,157 [INFO] PluginManager:220 - loadIPPluginJar : add i3c
2023-10-27 11:57:15,159 [INFO] IPUIPlugin:80 - create IPUIPlugin
2023-10-27 11:57:15,159 [INFO] PluginManager:220 - loadIPPluginJar : add usbx
2023-10-27 11:57:15,160 [INFO] IPUIPlugin:80 - create IPUIPlugin
2023-10-27 11:57:15,160 [INFO] PluginManager:220 - loadIPPluginJar : add lorawan
2023-10-27 11:57:15,162 [INFO] IPUIPlugin:80 - create IPUIPlugin
2023-10-27 11:57:15,162 [INFO] PluginManager:220 - loadIPPluginJar : add gtzc
2023-10-27 11:57:15,163 [INFO] IPUIPlugin:80 - create IPUIPlugin
2023-10-27 11:57:15,163 [INFO] PluginManager:220 - loadIPPluginJar : add aes
2023-10-27 11:57:15,164 [INFO] IPUIPlugin:80 - create IPUIPlugin
2023-10-27 11:57:15,164 [INFO] PluginManager:220 - loadIPPluginJar : add hash
2023-10-27 11:57:15,167 [INFO] IPUIPlugin:80 - create IPUIPlugin
2023-10-27 11:57:15,167 [INFO] PluginManager:220 - loadIPPluginJar : add gpio
2023-10-27 11:57:15,171 [INFO] IPUIPlugin:80 - create IPUIPlugin
2023-10-27 11:57:15,171 [INFO] PluginManager:220 - loadIPPluginJar : add gic
2023-10-27 11:57:15,173 [INFO] IPUIPlugin:80 - create IPUIPlugin
2023-10-27 11:57:15,173 [INFO] PluginManager:220 - loadIPPluginJar : add touchsensing
2023-10-27 11:57:15,266 [INFO] CADModel:165 - CPN selected for project level
2023-10-27 11:57:15,267 [INFO] CADModel:114 - Register for checkConnection events
2023-10-27 11:57:15,267 [FATAL] Updater:308 - Updater called before beeing initialized
2023-10-27 11:57:15,267 [ERROR] CADModel:125 - Updater not yet initialized, retry later 
2023-10-27 11:57:15,386 [INFO] CADModel:165 - CPN selected for project level
2023-10-27 11:57:15,386 [INFO] CADModel:114 - Register for checkConnection events
2023-10-27 11:57:15,386 [FATAL] Updater:308 - Updater called before beeing initialized
2023-10-27 11:57:15,386 [ERROR] CADModel:125 - Updater not yet initialized, retry later 
2023-10-27 11:57:15,389 [FATAL] Updater:308 - Updater called before beeing initialized
2023-10-27 11:57:15,440 [FATAL] Updater:308 - Updater called before beeing initialized
2023-10-27 11:57:15,444 [INFO] DbMcusAds:53 - JSON generation date=Tue Mar 07 05:50:55 ART 2023 (1678179055114)
2023-10-27 11:57:15,445 [FATAL] Updater:308 - Updater called before beeing initialized
2023-10-27 11:57:15,471 [WARN] DetailPanel:346 - Failed to get advertising image, set to default
2023-10-27 11:57:15,536 [FATAL] Updater:308 - Updater called before beeing initialized
2023-10-27 11:57:15,537 [FATAL] Updater:308 - Updater called before beeing initialized
2023-10-27 11:57:15,537 [FATAL] Updater:308 - Updater called before beeing initialized
2023-10-27 11:57:15,538 [WARN] DetailPanel:346 - Failed to get advertising image, set to default
2023-10-27 11:57:15,538 [FATAL] Updater:308 - Updater called before beeing initialized
2023-10-27 11:57:15,560 [ERROR] Updater:1120 - MainUpdater not yet initialized. External WinMGr cannot be set.
2023-10-27 11:57:15,561 [INFO] Updater:1056 - Updater Version found : 6.9.2
2023-10-27 11:57:15,575 [INFO] ApplicationProperties:184 - Using Application install path: /opt/st/stm32cubeide_1.13.2/plugins/com.st.stm32cube.common.mx_6.9.2.202309101412
2023-10-27 11:57:16,278 [INFO] MainUpdater:2868 - connection check result : 10
2023-10-27 11:57:16,279 [INFO] MainUpdater:285 - Updater Check For Update Now.
2023-10-27 11:57:16,279 [INFO] MicroXplorer:498 - Change Database Version : DB.6.0.92
2023-10-27 11:57:16,282 [INFO] McuFinderGlobals:63 - Set McuFinder mode to 2 (CubeIDE integrated)
2023-10-27 11:57:16,283 [INFO] UserAuth:179 - activating auth plugin
2023-10-27 11:57:16,285 [INFO] UserAuth:393 - Internet connection configuration mode: 1
2023-10-27 11:57:16,293 [INFO] JxBrowserEngine:151 - Initiate JxBrowser Engine with user profile folder
2023-10-27 11:57:16,421 [INFO] CheckServerUpdateThread:120 - End of CheckServer Thread
2023-10-27 11:57:16,708 [INFO] WebApp:157 - Instantiating new browser for Auth
2023-10-27 11:57:17,049 [INFO] WebApp:753 - Register for checkConnection events
2023-10-27 11:57:17,049 [INFO] WebApp:390 - Apply proxy settings
2023-10-27 11:57:17,049 [INFO] WebApp:475 - Chromium requires no authentication
2023-10-27 11:57:17,054 [INFO] WebApp:418 - Direct internet connection detected
2023-10-27 11:57:17,145 [INFO] WebApp:188 - Starting web application
2023-10-27 11:57:17,145 [INFO] WebApp:520 - Web application path used /opt/st/stm32cubeide_1.13.2/plugins/com.st.stm32cube.common.mx_6.9.2.202309101412/db/plugins/mcufinder/reactClient1/index.html
2023-10-27 11:57:17,888 [WARN] PackLoader:240 - Cannot read IP mode file for STMicroelectronics.X-CUBE-SMBUS.2.1.0
2023-10-27 11:57:17,922 [WARN] PackLoader:240 - Cannot read IP mode file for STMicroelectronics.X-CUBE-AZRTOS-F7.1.1.0
2023-10-27 11:57:17,933 [WARN] PackLoader:240 - Cannot read IP mode file for STMicroelectronics.FP-SNS-MOTENV1.4.3.2
2023-10-27 11:57:17,940 [WARN] PackLoader:240 - Cannot read IP mode file for STMicroelectronics.FP-SNS-FLIGHT1.5.0.2
2023-10-27 11:57:17,950 [WARN] PackLoader:240 - Cannot read IP mode file for STMicroelectronics.X-CUBE-DISPLAY.3.0.0
2023-10-27 11:57:17,963 [WARN] PackLoader:240 - Cannot read IP mode file for STMicroelectronics.X-CUBE-BLE1.7.0.0
2023-10-27 11:57:17,969 [WARN] PackLoader:240 - Cannot read IP mode file for emotas.I-CUBE-CANOPEN.1.3.0
2023-10-27 11:57:17,973 [WARN] PackLoader:240 - Cannot read IP mode file for STMicroelectronics.X-CUBE-TOUCHGFX.4.22.1
2023-10-27 11:57:17,978 [WARN] PackLoader:240 - Cannot read IP mode file for STMicroelectronics.FP-SNS-SMARTAG2.1.2.0
2023-10-27 11:57:17,991 [INFO] LogOutputStream:77 - [STDOUT_REDIRECT] 1 : Invalid condition id : UX_CORESTACK_Condition cause : null
2023-10-27 11:57:17,991 [INFO] LogOutputStream:77 - [STDOUT_REDIRECT] 1 : Invalid condition id : UX_CORESTACK_Condition cause : null
2023-10-27 11:57:17,991 [INFO] LogOutputStream:77 - [STDOUT_REDIRECT] 1 : Invalid condition id : UX_CORESTACK_Condition cause : null
2023-10-27 11:57:17,992 [INFO] LogOutputStream:77 - [STDOUT_REDIRECT] 1 : Invalid condition id : UX_CORESTACK_Condition cause : null
2023-10-27 11:57:17,992 [INFO] LogOutputStream:77 - [STDOUT_REDIRECT] 1 : Invalid condition id : UX_CORESTACK_Condition cause : null
2023-10-27 11:57:17,997 [WARN] PackLoader:240 - Cannot read IP mode file for STMicroelectronics.X-CUBE-AZRTOS-WL.2.0.0
2023-10-27 11:57:18,008 [WARN] PackLoader:240 - Cannot read IP mode file for WES.I-CUBE-Cesium.1.3.0
2023-10-27 11:57:18,012 [WARN] PackLoader:240 - Cannot read IP mode file for STMicroelectronics.X-CUBE-BLE2.3.3.0
2023-10-27 11:57:18,018 [WARN] PackLoader:240 - Cannot read IP mode file for STMicroelectronics.X-CUBE-ALGOBUILD.1.3.0
2023-10-27 11:57:18,039 [WARN] PackLoader:240 - Cannot read IP mode file for STMicroelectronics.X-CUBE-AZRTOS-G0.1.1.0
2023-10-27 11:57:18,047 [WARN] PackLoader:240 - Cannot read IP mode file for STMicroelectronics.X-CUBE-NFC4.3.0.0
2023-10-27 11:57:18,051 [WARN] PackLoader:240 - Cannot read IP mode file for STMicroelectronics.FP-ATR-SIGFOX1.3.2.0
2023-10-27 11:57:18,085 [WARN] PackLoader:240 - Cannot read IP mode file for SEGGER.I-CUBE-embOS.1.3.1
2023-10-27 11:57:18,138 [WARN] PackLoader:240 - Cannot read IP mode file for STMicroelectronics.X-CUBE-GNSS1.6.0.0
2023-10-27 11:57:18,156 [WARN] PackLoader:240 - Cannot read IP mode file for STMicroelectronics.X-CUBE-AZRTOS-F4.1.1.0
2023-10-27 11:57:18,163 [WARN] PackLoader:240 - Cannot read IP mode file for wolfSSL.I-CUBE-wolfSSL.5.6.3
2023-10-27 11:57:18,180 [WARN] PackLoader:240 - Cannot read IP mode file for STMicroelectronics.X-CUBE-AZRTOS-L5.2.0.0
2023-10-27 11:57:18,219 [WARN] PackLoader:240 - Cannot read IP mode file for STMicroelectronics.X-CUBE-MEMS1.9.6.0
2023-10-27 11:57:18,393 [WARN] PackLoader:240 - Cannot read IP mode file for STMicroelectronics.X-CUBE-EEPRMA1.4.2.0
2023-10-27 11:57:18,397 [WARN] PackLoader:240 - Cannot read IP mode file for ITTIA_DB.I-CUBE-ITTIADB.8.8.0
2023-10-27 11:57:18,403 [WARN] PackLoader:240 - Cannot read IP mode file for STMicroelectronics.X-CUBE-BLEMGR.2.0.0
2023-10-27 11:57:18,419 [WARN] ConditionMgr:438 - getConditionDescription Invalid condition id : UX DEVICE CLASS RTOS Condition cause : null
2023-10-27 11:57:18,419 [WARN] ConditionMgr:438 - getConditionDescription Invalid condition id : UX DEVICE CLASS RTOS Condition cause : null
2023-10-27 11:57:18,422 [WARN] PackLoader:240 - Cannot read IP mode file for STMicroelectronics.X-CUBE-AZRTOS-H7.3.1.0
2023-10-27 11:57:18,423 [WARN] ConditionMgr:1039 - genDependencies : Invalid condition id : UX DEVICE CLASS RTOS Condition cause : null
2023-10-27 11:57:18,424 [WARN] ConditionMgr:1039 - genDependencies : Invalid condition id : UX DEVICE CLASS RTOS Condition cause : null
2023-10-27 11:57:18,424 [WARN] ConditionMgr:1039 - genDependencies : Invalid condition id : UX DEVICE CLASS RTOS Condition cause : null
2023-10-27 11:57:18,424 [WARN] ConditionMgr:1039 - genDependencies : Invalid condition id : UX DEVICE CLASS RTOS Condition cause : null
2023-10-27 11:57:18,424 [WARN] ConditionMgr:1039 - genDependencies : Invalid condition id : UX DEVICE CLASS RTOS Condition cause : null
2023-10-27 11:57:18,429 [WARN] PackLoader:240 - Cannot read IP mode file for STMicroelectronics.X-CUBE-NFC7.1.0.1
2023-10-27 11:57:18,435 [WARN] PackLoader:240 - Cannot read IP mode file for STMicroelectronics.X-CUBE-NFC6.3.0.0
2023-10-27 11:57:18,440 [WARN] PackLoader:240 - Cannot read IP mode file for STMicroelectronics.X-CUBE-EEPRMA1.4.1.0
2023-10-27 11:57:18,443 [WARN] PackLoader:240 - Cannot read IP mode file for STMicroelectronics.X-CUBE-AI.8.1.0
2023-10-27 11:57:18,458 [WARN] ConditionMgr:438 - getConditionDescription Invalid condition id : LAN8742 Phy interface Condition cause : null
2023-10-27 11:57:18,458 [WARN] PackLoader:240 - Cannot read IP mode file for STMicroelectronics.X-CUBE-AZRTOS-L4.2.0.0
2023-10-27 11:57:18,459 [WARN] ConditionMgr:1039 - genDependencies : Invalid condition id : LAN8742 Phy interface Condition cause : null
2023-10-27 11:57:18,459 [WARN] ConditionMgr:1039 - genDependencies : Invalid condition id : LAN8742 Phy interface Condition cause : null
2023-10-27 11:57:18,459 [WARN] ConditionMgr:1039 - genDependencies : Invalid condition id : LAN8742 Phy interface Condition cause : null
2023-10-27 11:57:18,463 [WARN] PackLoader:240 - Cannot read IP mode file for STMicroelectronics.X-CUBE-SFXS2LP1.4.0.0
2023-10-27 11:57:18,465 [WARN] PackLoader:240 - Cannot read IP mode file for STMicroelectronics.X-CUBE-ISPU.1.1.0
2023-10-27 11:57:18,471 [WARN] ConditionMgr:438 - getConditionDescription Invalid condition id : UX DEVICE CLASS RTOS Condition cause : null
2023-10-27 11:57:18,471 [WARN] ConditionMgr:438 - getConditionDescription Invalid condition id : UX DEVICE CLASS RTOS Condition cause : null
2023-10-27 11:57:18,472 [WARN] PackLoader:240 - Cannot read IP mode file for STMicroelectronics.X-CUBE-AZRTOS-WB.2.0.0
2023-10-27 11:57:18,473 [WARN] ConditionMgr:1039 - genDependencies : Invalid condition id : UX DEVICE CLASS RTOS Condition cause : null
2023-10-27 11:57:18,473 [WARN] ConditionMgr:1039 - genDependencies : Invalid condition id : UX DEVICE CLASS RTOS Condition cause : null
2023-10-27 11:57:18,473 [WARN] ConditionMgr:1039 - genDependencies : Invalid condition id : UX DEVICE CLASS RTOS Condition cause : null
2023-10-27 11:57:18,473 [WARN] ConditionMgr:1039 - genDependencies : Invalid condition id : UX DEVICE CLASS RTOS Condition cause : null
2023-10-27 11:57:18,473 [WARN] ConditionMgr:1039 - genDependencies : Invalid condition id : UX DEVICE CLASS RTOS Condition cause : null
2023-10-27 11:57:18,478 [WARN] PackLoader:240 - Cannot read IP mode file for STMicroelectronics.X-CUBE-SUBG2.5.0.0
2023-10-27 11:57:18,485 [WARN] PackLoader:240 - Cannot read IP mode file for STMicroelectronics.X-CUBE-TOF1.3.3.1
2023-10-27 11:57:18,505 [WARN] PackLoader:240 - Cannot read IP mode file for STMicroelectronics.X-CUBE-AZRTOS-G4.2.0.0
2023-10-27 11:57:18,516 [WARN] PackLoader:240 - Cannot read IP mode file for Infineon.AIROC-Wi-Fi-Bluetooth-STM32.1.5.1
2023-10-27 11:57:18,551 [WARN] PackLoader:240 - Cannot read IP mode file for STMicroelectronics.X-CUBE-MEMS1.10.0.0
2023-10-27 11:57:18,648 [WARN] PackLoader:240 - Cannot read IP mode file for STMicroelectronics.X-CUBE-FREERTOS.1.1.0
2023-10-27 11:57:18,652 [WARN] PackLoader:240 - Cannot read IP mode file for portGmbH.I-Cube-SoM-uGOAL.1.1.0
2023-10-27 11:57:18,655 [WARN] PackLoader:240 - Cannot read IP mode file for STMicroelectronics.X-CUBE-ALS.1.0.1
2023-10-27 11:57:18,657 [WARN] PackLoader:240 - Cannot read IP mode file for STMicroelectronics.FP-ATR-ASTRA1.2.0.0
2023-10-27 11:57:18,658 [INFO] ThirdParty:978 - Integrity check success = true
2023-10-27 11:57:18,658 [INFO] IntegrityCheckThread:100 - exiting critical section [integrity check]
2023-10-27 11:57:18,658 [INFO] IntegrityCheckThread:103 - End integrity checks thread
2023-10-27 12:23:34,065 [INFO] Activator:176 - 


2023-10-27 12:23:34,066 [INFO] Activator:177 - !SESSION log4j initialized
2023-10-27 12:23:37,342 [INFO] LogOutputStream:77 - [STDOUT_REDIRECT] 
2023-10-27 12:23:38,094 [INFO] ApplicationProperties:184 - Using Application install path: /opt/st/stm32cubeide_1.13.2/plugins/com.st.stm32cube.common.mx_6.9.2.202309101412
2023-10-27 12:23:38,111 [INFO] DbMcusXml:78 - Set database path to: /opt/st/stm32cubeide_1.13.2/plugins/com.st.stm32cube.common.mx_6.9.2.202309101412//db//mcu/
2023-10-27 12:23:38,111 [INFO] ApiDb:274 - Set plugin database path to: /opt/st/stm32cubeide_1.13.2/plugins/com.st.stm32cube.common.mx_6.9.2.202309101412//db//plugins/boardmanager/
2023-10-27 12:23:38,112 [WARN] ApiDb:259 - Overriding images path with different value:  => /opt/st/stm32cubeide_1.13.2/plugins/com.st.stm32cube.common.mx_6.9.2.202309101412//db//plugins/mcufinder/images/
2023-10-27 12:23:38,119 [INFO] ApiDb:250 - Set database path to: /home/martin/.stmcufinder/plugins/mcufinder//mcu/
2023-10-27 12:23:38,120 [INFO] DbMcusAds:125 - Set database path to: /home/martin/.stmcufinder/plugins/mcufinder//mcu/
2023-10-27 12:23:38,124 [INFO] CrossReferenceDbSqlite:203 - Set database path to: /home/martin/.stmcufinder/plugins/mcufinder//mcu/cs/
2023-10-27 12:23:38,201 [INFO] RulesReader:64 - Compatibility file has been processed (293 Rules)
2023-10-27 12:23:38,239 [INFO] DbMcusXml:78 - Set database path to: /opt/st/stm32cubeide_1.13.2/plugins/com.st.stm32cube.common.mx_6.9.2.202309101412//db//mcu/
2023-10-27 12:23:38,239 [INFO] ApiDb:274 - Set plugin database path to: /opt/st/stm32cubeide_1.13.2/plugins/com.st.stm32cube.common.mx_6.9.2.202309101412//db//plugins/boardmanager/
2023-10-27 12:23:38,239 [INFO] ApiDb:261 - Set plugin images path to: /opt/st/stm32cubeide_1.13.2/plugins/com.st.stm32cube.common.mx_6.9.2.202309101412//db//plugins/mcufinder/images/
2023-10-27 12:23:38,239 [WARN] DbFile:41 - Overriding database path with different value: /home/martin/.stmcufinder/plugins/mcufinder/ => /home/martin/.stmcufinder/plugins/mcufinder
2023-10-27 12:23:38,239 [INFO] ApiDb:250 - Set database path to: /home/martin/.stmcufinder/plugins/mcufinder//mcu/
2023-10-27 12:23:38,240 [WARN] DbFile:41 - Overriding database path with different value: /home/martin/.stmcufinder/plugins/mcufinder/ => /home/martin/.stmcufinder/plugins/mcufinder
2023-10-27 12:23:38,240 [INFO] DbMcusAds:125 - Set database path to: /home/martin/.stmcufinder/plugins/mcufinder//mcu/
2023-10-27 12:23:38,240 [WARN] DbFile:41 - Overriding database path with different value: /home/martin/.stmcufinder/plugins/mcufinder/ => /home/martin/.stmcufinder/plugins/mcufinder
2023-10-27 12:23:38,240 [WARN] DbFile:41 - Overriding database path with different value: /home/martin/.stmcufinder/plugins/mcufinder/ => /home/martin/.stmcufinder/plugins/mcufinder
2023-10-27 12:23:38,240 [INFO] CrossReferenceDbSqlite:203 - Set database path to: /home/martin/.stmcufinder/plugins/mcufinder//mcu/cs/
2023-10-27 12:23:38,280 [INFO] MainPanel:262 - HeapMemory: 268435456
2023-10-27 12:23:38,336 [INFO] DbMcusXml:78 - Set database path to: /opt/st/stm32cubeide_1.13.2/plugins/com.st.stm32cube.common.mx_6.9.2.202309101412//db//mcu/
2023-10-27 12:23:38,336 [INFO] ApiDb:274 - Set plugin database path to: /opt/st/stm32cubeide_1.13.2/plugins/com.st.stm32cube.common.mx_6.9.2.202309101412//db//plugins/boardmanager/
2023-10-27 12:23:38,337 [INFO] ApiDb:261 - Set plugin images path to: /opt/st/stm32cubeide_1.13.2/plugins/com.st.stm32cube.common.mx_6.9.2.202309101412//db//plugins/mcufinder/images/
2023-10-27 12:23:38,337 [WARN] DbFile:41 - Overriding database path with different value: /home/martin/.stmcufinder/plugins/mcufinder/ => /home/martin/.stmcufinder/plugins/mcufinder
2023-10-27 12:23:38,337 [INFO] ApiDb:250 - Set database path to: /home/martin/.stmcufinder/plugins/mcufinder//mcu/
2023-10-27 12:23:38,337 [WARN] DbFile:41 - Overriding database path with different value: /home/martin/.stmcufinder/plugins/mcufinder/ => /home/martin/.stmcufinder/plugins/mcufinder
2023-10-27 12:23:38,337 [INFO] DbMcusAds:125 - Set database path to: /home/martin/.stmcufinder/plugins/mcufinder//mcu/
2023-10-27 12:23:38,337 [WARN] DbFile:41 - Overriding database path with different value: /home/martin/.stmcufinder/plugins/mcufinder/ => /home/martin/.stmcufinder/plugins/mcufinder
2023-10-27 12:23:38,337 [WARN] DbFile:41 - Overriding database path with different value: /home/martin/.stmcufinder/plugins/mcufinder/ => /home/martin/.stmcufinder/plugins/mcufinder
2023-10-27 12:23:38,337 [INFO] CrossReferenceDbSqlite:203 - Set database path to: /home/martin/.stmcufinder/plugins/mcufinder//mcu/cs/
2023-10-27 12:23:38,348 [INFO] ApplicationProperties:184 - Using Application install path: /opt/st/stm32cubeide_1.13.2/plugins/com.st.stm32cube.common.mx_6.9.2.202309101412
2023-10-27 12:23:38,349 [INFO] PluginManage:196 - Search for loadable plugins [exclusion list=, ]
2023-10-27 12:23:38,350 [INFO] PluginManage:310 - Check plugin analytics
2023-10-27 12:23:38,470 [INFO] AnalyticsPlugin:253 - Accepted Software Licenses: 
2023-10-27 12:23:38,471 [INFO] AnalyticsPlugin:255 - Accepted CMSIS Pack Licenses: 
2023-10-27 12:23:38,471 [INFO] AnalyticsPlugin:257 - Accepted Firmware Licenses: FW.F4.1.27.0
2023-10-27 12:23:38,473 [INFO] PluginManage:359 - Loaded plugin analytics (category:tool,tabindex:-1)
2023-10-27 12:23:38,473 [INFO] PluginManage:310 - Check plugin cadmodel
2023-10-27 12:23:38,497 [INFO] CADModel:105 - Init CAD model plugin
2023-10-27 12:23:38,498 [INFO] PluginManage:359 - Loaded plugin cadmodel (category:power,tabindex:5)
2023-10-27 12:23:38,498 [INFO] PluginManage:310 - Check plugin clock
2023-10-27 12:23:38,505 [INFO] PluginManage:359 - Loaded plugin clock (category:base,tabindex:2)
2023-10-27 12:23:38,506 [INFO] PluginManage:310 - Check plugin ddr
2023-10-27 12:23:38,507 [INFO] PluginManage:359 - Loaded plugin ddr (category:tool,tabindex:6)
2023-10-27 12:23:38,508 [INFO] PluginManage:310 - Check plugin filemanager
2023-10-27 12:23:38,608 [INFO] PluginManage:359 - Loaded plugin filemanager (category:base,tabindex:10)
2023-10-27 12:23:38,608 [INFO] PluginManage:310 - Check plugin ipmanager
2023-10-27 12:23:38,611 [INFO] PluginManage:359 - Loaded plugin ipmanager (category:base,tabindex:5)
2023-10-27 12:23:38,611 [INFO] PluginManage:310 - Check plugin lpbam
2023-10-27 12:23:38,616 [INFO] PluginManage:359 - Loaded plugin lpbam (category:base,tabindex:0)
2023-10-27 12:23:38,616 [INFO] PluginManage:310 - Check plugin memorymap
2023-10-27 12:23:38,623 [INFO] PluginManage:359 - Loaded plugin memorymap (category:base,tabindex:4)
2023-10-27 12:23:38,623 [INFO] PluginManage:310 - Check plugin pinoutandconfiguration
2023-10-27 12:23:38,627 [INFO] PluginManage:359 - Loaded plugin pinoutandconfiguration (category:base,tabindex:1)
2023-10-27 12:23:38,627 [INFO] PluginManage:310 - Check plugin pinoutconfig
2023-10-27 12:23:38,681 [WARN] SupportedApi:132 - Cannot load RTOS API schema: s4s-elt-must-match.1: The content of 'definitions' must match (annotation?, (simpleType | complexType)?, (unique | key | keyref)*)). A problem was found starting at: attribute.
2023-10-27 12:23:38,762 [INFO] PluginManage:359 - Loaded plugin pinoutconfig (category:base,tabindex:0)
2023-10-27 12:23:38,762 [INFO] PluginManage:310 - Check plugin power
2023-10-27 12:23:38,768 [INFO] PluginManage:359 - Loaded plugin power (category:power,tabindex:4)
2023-10-27 12:23:38,768 [INFO] PluginManage:310 - Check plugin projectmanager
2023-10-27 12:23:38,778 [INFO] PluginManage:359 - Loaded plugin projectmanager (category:projectmanager,tabindex:3)
2023-10-27 12:23:38,778 [INFO] PluginManage:310 - Check plugin thirdparty
2023-10-27 12:23:38,862 [INFO] PluginManage:359 - Loaded plugin thirdparty (category:base,tabindex:-1)
2023-10-27 12:23:38,862 [WARN] IntegrityCheckThread:84 - waiting for thirdparty lock release [integrity check]
2023-10-27 12:23:38,862 [INFO] PluginManage:310 - Check plugin tools
2023-10-27 12:23:38,862 [INFO] IntegrityCheckThread:86 - entering critical section [integrity check]
2023-10-27 12:23:38,863 [INFO] ThirdPartyUpdaterWithRetryManager:70 - Updater plugin not ready yet. [1/15]
2023-10-27 12:23:38,864 [INFO] PluginManage:359 - Loaded plugin tools (category:base,tabindex:7)
2023-10-27 12:23:38,864 [INFO] PluginManage:310 - Check plugin tutovideos
2023-10-27 12:23:38,976 [INFO] PluginManage:359 - Loaded plugin tutovideos (category:base,tabindex:-1)
2023-10-27 12:23:38,976 [INFO] PluginManage:310 - Check plugin updater
2023-10-27 12:23:38,988 [INFO] PluginManage:359 - Loaded plugin updater (category:base,tabindex:12)
2023-10-27 12:23:38,988 [INFO] PluginManage:310 - Check plugin userauth
2023-10-27 12:23:38,992 [INFO] UserAuth:113 - Init User Auth plugin
2023-10-27 12:23:38,992 [INFO] PluginManage:359 - Loaded plugin userauth (category:base,tabindex:14)
2023-10-27 12:23:38,992 [INFO] PluginManage:283 - PluginManage : Loaded plugins [17]
2023-10-27 12:23:39,114 [INFO] PinOutPanel:1499 - setPackage(No Configuration,No Configuration)
2023-10-27 12:23:39,179 [INFO] CADModel:165 - CPN selected for project level
2023-10-27 12:23:39,179 [INFO] CADModel:114 - Register for checkConnection events
2023-10-27 12:23:39,187 [INFO] IPUIPlugin:80 - create IPUIPlugin
2023-10-27 12:23:39,188 [INFO] PluginManager:220 - loadIPPluginJar : add ts
2023-10-27 12:23:39,189 [INFO] IPUIPlugin:80 - create IPUIPlugin
2023-10-27 12:23:39,190 [INFO] PluginManager:220 - loadIPPluginJar : add dma3
2023-10-27 12:23:39,193 [INFO] IPUIPlugin:80 - create IPUIPlugin
2023-10-27 12:23:39,194 [INFO] PluginManager:220 - loadIPPluginJar : add spi
2023-10-27 12:23:39,195 [INFO] IPUIPlugin:80 - create IPUIPlugin
2023-10-27 12:23:39,196 [INFO] PluginManager:220 - loadIPPluginJar : add openamp
2023-10-27 12:23:39,197 [INFO] IPUIPlugin:80 - create IPUIPlugin
2023-10-27 12:23:39,197 [INFO] PluginManager:220 - loadIPPluginJar : add dfsdm
2023-10-27 12:23:39,202 [INFO] IPUIPlugin:80 - create IPUIPlugin
2023-10-27 12:23:39,202 [INFO] PluginManager:220 - loadIPPluginJar : add fmc
2023-10-27 12:23:39,204 [INFO] IPUIPlugin:80 - create IPUIPlugin
2023-10-27 12:23:39,204 [INFO] PluginManager:220 - loadIPPluginJar : add tracer_emb
2023-10-27 12:23:39,205 [INFO] IPUIPlugin:80 - create IPUIPlugin
2023-10-27 12:23:39,205 [INFO] PluginManager:220 - loadIPPluginJar : add i2s
2023-10-27 12:23:39,208 [INFO] IPUIPlugin:80 - create IPUIPlugin
2023-10-27 12:23:39,208 [INFO] PluginManager:220 - loadIPPluginJar : add nvic
2023-10-27 12:23:39,213 [INFO] IPUIPlugin:80 - create IPUIPlugin
2023-10-27 12:23:39,214 [INFO] PluginManager:220 - loadIPPluginJar : add dma
2023-10-27 12:23:39,218 [INFO] IPUIPlugin:80 - create IPUIPlugin
2023-10-27 12:23:39,218 [INFO] PluginManager:220 - loadIPPluginJar : add stm32_wpan
2023-10-27 12:23:39,219 [INFO] IPUIPlugin:80 - create IPUIPlugin
2023-10-27 12:23:39,219 [INFO] PluginManager:220 - loadIPPluginJar : add quadspi
2023-10-27 12:23:39,221 [INFO] IPUIPlugin:80 - create IPUIPlugin
2023-10-27 12:23:39,221 [INFO] PluginManager:220 - loadIPPluginJar : add gfxmmu
2023-10-27 12:23:39,223 [INFO] IPUIPlugin:80 - create IPUIPlugin
2023-10-27 12:23:39,223 [INFO] PluginManager:220 - loadIPPluginJar : add i2c
2023-10-27 12:23:39,224 [INFO] IPUIPlugin:80 - create IPUIPlugin
2023-10-27 12:23:39,225 [INFO] PluginManager:220 - loadIPPluginJar : add usart
2023-10-27 12:23:39,232 [INFO] IPUIPlugin:80 - create IPUIPlugin
2023-10-27 12:23:39,232 [INFO] PluginManager:220 - loadIPPluginJar : add linkedlist
2023-10-27 12:23:39,238 [INFO] IPUIPlugin:80 - create IPUIPlugin
2023-10-27 12:23:39,238 [INFO] PluginManager:220 - loadIPPluginJar : add mdma
2023-10-27 12:23:39,239 [INFO] IPUIPlugin:80 - create IPUIPlugin
2023-10-27 12:23:39,239 [INFO] PluginManager:220 - loadIPPluginJar : add fatfs
2023-10-27 12:23:39,242 [INFO] IPUIPlugin:80 - create IPUIPlugin
2023-10-27 12:23:39,242 [INFO] PluginManager:220 - loadIPPluginJar : add sai
2023-10-27 12:23:39,244 [INFO] IPUIPlugin:80 - create IPUIPlugin
2023-10-27 12:23:39,244 [INFO] PluginManager:220 - loadIPPluginJar : add opamp
2023-10-27 12:23:39,249 [INFO] IPUIPlugin:80 - create IPUIPlugin
2023-10-27 12:23:39,250 [INFO] PluginManager:220 - loadIPPluginJar : add adc
2023-10-27 12:23:39,253 [INFO] IPUIPlugin:80 - create IPUIPlugin
2023-10-27 12:23:39,253 [INFO] PluginManager:220 - loadIPPluginJar : add resmgrutility
2023-10-27 12:23:39,254 [INFO] IPUIPlugin:80 - create IPUIPlugin
2023-10-27 12:23:39,254 [INFO] PluginManager:220 - loadIPPluginJar : add tim
2023-10-27 12:23:39,256 [INFO] IPUIPlugin:80 - create IPUIPlugin
2023-10-27 12:23:39,257 [INFO] PluginManager:220 - loadIPPluginJar : add cryp
2023-10-27 12:23:39,260 [INFO] IPUIPlugin:80 - create IPUIPlugin
2023-10-27 12:23:39,260 [INFO] PluginManager:220 - loadIPPluginJar : add ipddr
2023-10-27 12:23:39,262 [INFO] IPUIPlugin:80 - create IPUIPlugin
2023-10-27 12:23:39,262 [INFO] PluginManager:220 - loadIPPluginJar : add can
2023-10-27 12:23:39,263 [INFO] IPUIPlugin:80 - create IPUIPlugin
2023-10-27 12:23:39,264 [INFO] PluginManager:220 - loadIPPluginJar : add genericplugin
2023-10-27 12:23:39,265 [INFO] IPUIPlugin:80 - create IPUIPlugin
2023-10-27 12:23:39,265 [INFO] PluginManager:220 - loadIPPluginJar : add comp
2023-10-27 12:23:39,266 [INFO] IPUIPlugin:80 - create IPUIPlugin
2023-10-27 12:23:39,266 [INFO] PluginManager:220 - loadIPPluginJar : add tsc
2023-10-27 12:23:39,270 [INFO] IPUIPlugin:80 - create IPUIPlugin
2023-10-27 12:23:39,270 [INFO] PluginManager:220 - loadIPPluginJar : add freertos
2023-10-27 12:23:39,273 [INFO] IPUIPlugin:80 - create IPUIPlugin
2023-10-27 12:23:39,273 [INFO] PluginManager:220 - loadIPPluginJar : add pdm2pcm
2023-10-27 12:23:39,274 [INFO] IPUIPlugin:80 - create IPUIPlugin
2023-10-27 12:23:39,274 [INFO] PluginManager:220 - loadIPPluginJar : add ltdc
2023-10-27 12:23:39,275 [INFO] IPUIPlugin:80 - create IPUIPlugin
2023-10-27 12:23:39,275 [INFO] PluginManager:220 - loadIPPluginJar : add ucpd
2023-10-27 12:23:39,280 [INFO] IPUIPlugin:80 - create IPUIPlugin
2023-10-27 12:23:39,283 [INFO] PluginManager:220 - loadIPPluginJar : add plateformsettings
2023-10-27 12:23:39,285 [INFO] IPUIPlugin:80 - create IPUIPlugin
2023-10-27 12:23:39,285 [INFO] PluginManager:220 - loadIPPluginJar : add i3c
2023-10-27 12:23:39,287 [INFO] IPUIPlugin:80 - create IPUIPlugin
2023-10-27 12:23:39,288 [INFO] PluginManager:220 - loadIPPluginJar : add usbx
2023-10-27 12:23:39,289 [INFO] IPUIPlugin:80 - create IPUIPlugin
2023-10-27 12:23:39,289 [INFO] PluginManager:220 - loadIPPluginJar : add lorawan
2023-10-27 12:23:39,291 [INFO] IPUIPlugin:80 - create IPUIPlugin
2023-10-27 12:23:39,291 [INFO] PluginManager:220 - loadIPPluginJar : add gtzc
2023-10-27 12:23:39,293 [INFO] IPUIPlugin:80 - create IPUIPlugin
2023-10-27 12:23:39,293 [INFO] PluginManager:220 - loadIPPluginJar : add aes
2023-10-27 12:23:39,294 [INFO] IPUIPlugin:80 - create IPUIPlugin
2023-10-27 12:23:39,295 [INFO] PluginManager:220 - loadIPPluginJar : add hash
2023-10-27 12:23:39,298 [INFO] IPUIPlugin:80 - create IPUIPlugin
2023-10-27 12:23:39,298 [INFO] PluginManager:220 - loadIPPluginJar : add gpio
2023-10-27 12:23:39,302 [INFO] IPUIPlugin:80 - create IPUIPlugin
2023-10-27 12:23:39,302 [INFO] PluginManager:220 - loadIPPluginJar : add gic
2023-10-27 12:23:39,305 [INFO] IPUIPlugin:80 - create IPUIPlugin
2023-10-27 12:23:39,305 [INFO] PluginManager:220 - loadIPPluginJar : add touchsensing
2023-10-27 12:23:39,404 [INFO] CADModel:165 - CPN selected for project level
2023-10-27 12:23:39,404 [INFO] CADModel:114 - Register for checkConnection events
2023-10-27 12:23:39,405 [FATAL] Updater:308 - Updater called before beeing initialized
2023-10-27 12:23:39,405 [ERROR] CADModel:125 - Updater not yet initialized, retry later 
2023-10-27 12:23:39,510 [INFO] CADModel:165 - CPN selected for project level
2023-10-27 12:23:39,510 [INFO] CADModel:114 - Register for checkConnection events
2023-10-27 12:23:39,510 [FATAL] Updater:308 - Updater called before beeing initialized
2023-10-27 12:23:39,510 [ERROR] CADModel:125 - Updater not yet initialized, retry later 
2023-10-27 12:23:39,514 [FATAL] Updater:308 - Updater called before beeing initialized
2023-10-27 12:23:39,596 [FATAL] Updater:308 - Updater called before beeing initialized
2023-10-27 12:23:39,601 [INFO] DbMcusAds:53 - JSON generation date=Tue Mar 07 05:50:55 ART 2023 (1678179055114)
2023-10-27 12:23:39,601 [FATAL] Updater:308 - Updater called before beeing initialized
2023-10-27 12:23:39,623 [WARN] DetailPanel:346 - Failed to get advertising image, set to default
2023-10-27 12:23:39,684 [FATAL] Updater:308 - Updater called before beeing initialized
2023-10-27 12:23:39,685 [FATAL] Updater:308 - Updater called before beeing initialized
2023-10-27 12:23:39,685 [FATAL] Updater:308 - Updater called before beeing initialized
2023-10-27 12:23:39,685 [WARN] DetailPanel:346 - Failed to get advertising image, set to default
2023-10-27 12:23:39,686 [FATAL] Updater:308 - Updater called before beeing initialized
2023-10-27 12:23:39,703 [ERROR] Updater:1120 - MainUpdater not yet initialized. External WinMGr cannot be set.
2023-10-27 12:23:39,704 [INFO] Updater:1056 - Updater Version found : 6.9.2
2023-10-27 12:23:39,715 [INFO] ApplicationProperties:184 - Using Application install path: /opt/st/stm32cubeide_1.13.2/plugins/com.st.stm32cube.common.mx_6.9.2.202309101412
2023-10-27 12:23:39,953 [INFO] MainUpdater:2868 - connection check result : 10
2023-10-27 12:23:39,955 [INFO] MainUpdater:285 - Updater Check For Update Now.
2023-10-27 12:23:39,955 [INFO] MicroXplorer:498 - Change Database Version : DB.6.0.92
2023-10-27 12:23:39,961 [INFO] McuFinderGlobals:63 - Set McuFinder mode to 2 (CubeIDE integrated)
2023-10-27 12:23:39,961 [INFO] UserAuth:179 - activating auth plugin
2023-10-27 12:23:39,965 [INFO] UserAuth:393 - Internet connection configuration mode: 1
2023-10-27 12:23:39,983 [INFO] JxBrowserEngine:151 - Initiate JxBrowser Engine with user profile folder
2023-10-27 12:23:40,146 [INFO] CheckServerUpdateThread:120 - End of CheckServer Thread
2023-10-27 12:23:40,310 [INFO] WebApp:157 - Instantiating new browser for Auth
2023-10-27 12:23:40,635 [INFO] WebApp:753 - Register for checkConnection events
2023-10-27 12:23:40,636 [INFO] WebApp:390 - Apply proxy settings
2023-10-27 12:23:40,636 [INFO] WebApp:475 - Chromium requires no authentication
2023-10-27 12:23:40,640 [INFO] WebApp:418 - Direct internet connection detected
2023-10-27 12:23:40,727 [INFO] WebApp:188 - Starting web application
2023-10-27 12:23:40,727 [INFO] WebApp:520 - Web application path used /opt/st/stm32cubeide_1.13.2/plugins/com.st.stm32cube.common.mx_6.9.2.202309101412/db/plugins/mcufinder/reactClient1/index.html
2023-10-27 12:23:41,914 [WARN] PackLoader:240 - Cannot read IP mode file for STMicroelectronics.X-CUBE-SMBUS.2.1.0
2023-10-27 12:23:41,936 [WARN] PackLoader:240 - Cannot read IP mode file for STMicroelectronics.X-CUBE-AZRTOS-F7.1.1.0
2023-10-27 12:23:41,942 [WARN] PackLoader:240 - Cannot read IP mode file for STMicroelectronics.FP-SNS-MOTENV1.4.3.2
2023-10-27 12:23:41,946 [WARN] PackLoader:240 - Cannot read IP mode file for STMicroelectronics.FP-SNS-FLIGHT1.5.0.2
2023-10-27 12:23:41,951 [WARN] PackLoader:240 - Cannot read IP mode file for STMicroelectronics.X-CUBE-DISPLAY.3.0.0
2023-10-27 12:23:41,958 [WARN] PackLoader:240 - Cannot read IP mode file for STMicroelectronics.X-CUBE-BLE1.7.0.0
2023-10-27 12:23:41,961 [WARN] PackLoader:240 - Cannot read IP mode file for emotas.I-CUBE-CANOPEN.1.3.0
2023-10-27 12:23:41,963 [WARN] PackLoader:240 - Cannot read IP mode file for STMicroelectronics.X-CUBE-TOUCHGFX.4.22.1
2023-10-27 12:23:41,965 [WARN] PackLoader:240 - Cannot read IP mode file for STMicroelectronics.FP-SNS-SMARTAG2.1.2.0
2023-10-27 12:23:41,972 [INFO] LogOutputStream:77 - [STDOUT_REDIRECT] 1 : Invalid condition id : UX_CORESTACK_Condition cause : null
2023-10-27 12:23:41,973 [INFO] LogOutputStream:77 - [STDOUT_REDIRECT] 1 : Invalid condition id : UX_CORESTACK_Condition cause : null
2023-10-27 12:23:41,973 [INFO] LogOutputStream:77 - [STDOUT_REDIRECT] 1 : Invalid condition id : UX_CORESTACK_Condition cause : null
2023-10-27 12:23:41,973 [INFO] LogOutputStream:77 - [STDOUT_REDIRECT] 1 : Invalid condition id : UX_CORESTACK_Condition cause : null
2023-10-27 12:23:41,973 [INFO] LogOutputStream:77 - [STDOUT_REDIRECT] 1 : Invalid condition id : UX_CORESTACK_Condition cause : null
2023-10-27 12:23:41,976 [WARN] PackLoader:240 - Cannot read IP mode file for STMicroelectronics.X-CUBE-AZRTOS-WL.2.0.0
2023-10-27 12:23:41,981 [WARN] PackLoader:240 - Cannot read IP mode file for WES.I-CUBE-Cesium.1.3.0
2023-10-27 12:23:41,983 [WARN] PackLoader:240 - Cannot read IP mode file for STMicroelectronics.X-CUBE-BLE2.3.3.0
2023-10-27 12:23:41,987 [WARN] PackLoader:240 - Cannot read IP mode file for STMicroelectronics.X-CUBE-ALGOBUILD.1.3.0
2023-10-27 12:23:41,999 [WARN] PackLoader:240 - Cannot read IP mode file for STMicroelectronics.X-CUBE-AZRTOS-G0.1.1.0
2023-10-27 12:23:42,003 [WARN] PackLoader:240 - Cannot read IP mode file for STMicroelectronics.X-CUBE-NFC4.3.0.0
2023-10-27 12:23:42,005 [WARN] PackLoader:240 - Cannot read IP mode file for STMicroelectronics.FP-ATR-SIGFOX1.3.2.0
2023-10-27 12:23:42,031 [WARN] PackLoader:240 - Cannot read IP mode file for SEGGER.I-CUBE-embOS.1.3.1
2023-10-27 12:23:42,085 [WARN] PackLoader:240 - Cannot read IP mode file for STMicroelectronics.X-CUBE-GNSS1.6.0.0
2023-10-27 12:23:42,116 [WARN] PackLoader:240 - Cannot read IP mode file for STMicroelectronics.X-CUBE-AZRTOS-F4.1.1.0
2023-10-27 12:23:42,122 [WARN] PackLoader:240 - Cannot read IP mode file for wolfSSL.I-CUBE-wolfSSL.5.6.3
2023-10-27 12:23:42,139 [WARN] PackLoader:240 - Cannot read IP mode file for STMicroelectronics.X-CUBE-AZRTOS-L5.2.0.0
2023-10-27 12:23:42,163 [WARN] PackLoader:240 - Cannot read IP mode file for STMicroelectronics.X-CUBE-MEMS1.9.6.0
2023-10-27 12:23:42,320 [WARN] PackLoader:240 - Cannot read IP mode file for STMicroelectronics.X-CUBE-EEPRMA1.4.2.0
2023-10-27 12:23:42,323 [WARN] PackLoader:240 - Cannot read IP mode file for ITTIA_DB.I-CUBE-ITTIADB.8.8.0
2023-10-27 12:23:42,326 [WARN] PackLoader:240 - Cannot read IP mode file for STMicroelectronics.X-CUBE-BLEMGR.2.0.0
2023-10-27 12:23:42,336 [WARN] ConditionMgr:438 - getConditionDescription Invalid condition id : UX DEVICE CLASS RTOS Condition cause : null
2023-10-27 12:23:42,336 [WARN] ConditionMgr:438 - getConditionDescription Invalid condition id : UX DEVICE CLASS RTOS Condition cause : null
2023-10-27 12:23:42,338 [WARN] PackLoader:240 - Cannot read IP mode file for STMicroelectronics.X-CUBE-AZRTOS-H7.3.1.0
2023-10-27 12:23:42,338 [WARN] ConditionMgr:1039 - genDependencies : Invalid condition id : UX DEVICE CLASS RTOS Condition cause : null
2023-10-27 12:23:42,338 [WARN] ConditionMgr:1039 - genDependencies : Invalid condition id : UX DEVICE CLASS RTOS Condition cause : null
2023-10-27 12:23:42,339 [WARN] ConditionMgr:1039 - genDependencies : Invalid condition id : UX DEVICE CLASS RTOS Condition cause : null
2023-10-27 12:23:42,339 [WARN] ConditionMgr:1039 - genDependencies : Invalid condition id : UX DEVICE CLASS RTOS Condition cause : null
2023-10-27 12:23:42,339 [WARN] ConditionMgr:1039 - genDependencies : Invalid condition id : UX DEVICE CLASS RTOS Condition cause : null
2023-10-27 12:23:42,342 [WARN] PackLoader:240 - Cannot read IP mode file for STMicroelectronics.X-CUBE-NFC7.1.0.1
2023-10-27 12:23:42,346 [WARN] PackLoader:240 - Cannot read IP mode file for STMicroelectronics.X-CUBE-NFC6.3.0.0
2023-10-27 12:23:42,349 [WARN] PackLoader:240 - Cannot read IP mode file for STMicroelectronics.X-CUBE-EEPRMA1.4.1.0
2023-10-27 12:23:42,351 [WARN] PackLoader:240 - Cannot read IP mode file for STMicroelectronics.X-CUBE-AI.8.1.0
2023-10-27 12:23:42,372 [WARN] ConditionMgr:438 - getConditionDescription Invalid condition id : LAN8742 Phy interface Condition cause : null
2023-10-27 12:23:42,373 [WARN] PackLoader:240 - Cannot read IP mode file for STMicroelectronics.X-CUBE-AZRTOS-L4.2.0.0
2023-10-27 12:23:42,374 [WARN] ConditionMgr:1039 - genDependencies : Invalid condition id : LAN8742 Phy interface Condition cause : null
2023-10-27 12:23:42,375 [WARN] ConditionMgr:1039 - genDependencies : Invalid condition id : LAN8742 Phy interface Condition cause : null
2023-10-27 12:23:42,376 [WARN] ConditionMgr:1039 - genDependencies : Invalid condition id : LAN8742 Phy interface Condition cause : null
2023-10-27 12:23:42,383 [WARN] PackLoader:240 - Cannot read IP mode file for STMicroelectronics.X-CUBE-SFXS2LP1.4.0.0
2023-10-27 12:23:42,387 [WARN] PackLoader:240 - Cannot read IP mode file for STMicroelectronics.X-CUBE-ISPU.1.1.0
2023-10-27 12:23:42,401 [WARN] ConditionMgr:438 - getConditionDescription Invalid condition id : UX DEVICE CLASS RTOS Condition cause : null
2023-10-27 12:23:42,402 [WARN] ConditionMgr:438 - getConditionDescription Invalid condition id : UX DEVICE CLASS RTOS Condition cause : null
2023-10-27 12:23:42,404 [WARN] PackLoader:240 - Cannot read IP mode file for STMicroelectronics.X-CUBE-AZRTOS-WB.2.0.0
2023-10-27 12:23:42,405 [WARN] ConditionMgr:1039 - genDependencies : Invalid condition id : UX DEVICE CLASS RTOS Condition cause : null
2023-10-27 12:23:42,405 [WARN] ConditionMgr:1039 - genDependencies : Invalid condition id : UX DEVICE CLASS RTOS Condition cause : null
2023-10-27 12:23:42,406 [WARN] ConditionMgr:1039 - genDependencies : Invalid condition id : UX DEVICE CLASS RTOS Condition cause : null
2023-10-27 12:23:42,406 [WARN] ConditionMgr:1039 - genDependencies : Invalid condition id : UX DEVICE CLASS RTOS Condition cause : null
2023-10-27 12:23:42,406 [WARN] ConditionMgr:1039 - genDependencies : Invalid condition id : UX DEVICE CLASS RTOS Condition cause : null
2023-10-27 12:23:42,417 [WARN] PackLoader:240 - Cannot read IP mode file for STMicroelectronics.X-CUBE-SUBG2.5.0.0
2023-10-27 12:23:42,433 [WARN] PackLoader:240 - Cannot read IP mode file for STMicroelectronics.X-CUBE-TOF1.3.3.1
2023-10-27 12:23:42,465 [WARN] PackLoader:240 - Cannot read IP mode file for STMicroelectronics.X-CUBE-AZRTOS-G4.2.0.0
2023-10-27 12:23:42,479 [WARN] PackLoader:240 - Cannot read IP mode file for Infineon.AIROC-Wi-Fi-Bluetooth-STM32.1.5.1
2023-10-27 12:23:42,522 [WARN] PackLoader:240 - Cannot read IP mode file for STMicroelectronics.X-CUBE-MEMS1.10.0.0
2023-10-27 12:23:42,645 [WARN] PackLoader:240 - Cannot read IP mode file for STMicroelectronics.X-CUBE-FREERTOS.1.1.0
2023-10-27 12:23:42,649 [WARN] PackLoader:240 - Cannot read IP mode file for portGmbH.I-Cube-SoM-uGOAL.1.1.0
2023-10-27 12:23:42,652 [WARN] PackLoader:240 - Cannot read IP mode file for STMicroelectronics.X-CUBE-ALS.1.0.1
2023-10-27 12:23:42,655 [WARN] PackLoader:240 - Cannot read IP mode file for STMicroelectronics.FP-ATR-ASTRA1.2.0.0
2023-10-27 12:23:42,656 [INFO] ThirdParty:978 - Integrity check success = true
2023-10-27 12:23:42,656 [INFO] IntegrityCheckThread:100 - exiting critical section [integrity check]
2023-10-27 12:23:42,656 [INFO] IntegrityCheckThread:103 - End integrity checks thread
2023-10-27 14:01:49,546 [INFO] Activator:176 - 


2023-10-27 14:01:49,548 [INFO] Activator:177 - !SESSION log4j initialized
2023-10-27 14:01:52,911 [INFO] LogOutputStream:77 - [STDOUT_REDIRECT] 
2023-10-27 14:01:53,972 [INFO] ApplicationProperties:184 - Using Application install path: /opt/st/stm32cubeide_1.13.2/plugins/com.st.stm32cube.common.mx_6.9.2.202309101412
2023-10-27 14:01:53,987 [INFO] DbMcusXml:78 - Set database path to: /opt/st/stm32cubeide_1.13.2/plugins/com.st.stm32cube.common.mx_6.9.2.202309101412//db//mcu/
2023-10-27 14:01:53,987 [INFO] ApiDb:274 - Set plugin database path to: /opt/st/stm32cubeide_1.13.2/plugins/com.st.stm32cube.common.mx_6.9.2.202309101412//db//plugins/boardmanager/
2023-10-27 14:01:53,987 [WARN] ApiDb:259 - Overriding images path with different value:  => /opt/st/stm32cubeide_1.13.2/plugins/com.st.stm32cube.common.mx_6.9.2.202309101412//db//plugins/mcufinder/images/
2023-10-27 14:01:53,993 [INFO] ApiDb:250 - Set database path to: /home/martin/.stmcufinder/plugins/mcufinder//mcu/
2023-10-27 14:01:53,994 [INFO] DbMcusAds:125 - Set database path to: /home/martin/.stmcufinder/plugins/mcufinder//mcu/
2023-10-27 14:01:53,996 [INFO] CrossReferenceDbSqlite:203 - Set database path to: /home/martin/.stmcufinder/plugins/mcufinder//mcu/cs/
2023-10-27 14:01:54,085 [INFO] RulesReader:64 - Compatibility file has been processed (293 Rules)
2023-10-27 14:01:54,130 [INFO] DbMcusXml:78 - Set database path to: /opt/st/stm32cubeide_1.13.2/plugins/com.st.stm32cube.common.mx_6.9.2.202309101412//db//mcu/
2023-10-27 14:01:54,130 [INFO] ApiDb:274 - Set plugin database path to: /opt/st/stm32cubeide_1.13.2/plugins/com.st.stm32cube.common.mx_6.9.2.202309101412//db//plugins/boardmanager/
2023-10-27 14:01:54,130 [INFO] ApiDb:261 - Set plugin images path to: /opt/st/stm32cubeide_1.13.2/plugins/com.st.stm32cube.common.mx_6.9.2.202309101412//db//plugins/mcufinder/images/
2023-10-27 14:01:54,130 [WARN] DbFile:41 - Overriding database path with different value: /home/martin/.stmcufinder/plugins/mcufinder/ => /home/martin/.stmcufinder/plugins/mcufinder
2023-10-27 14:01:54,131 [INFO] ApiDb:250 - Set database path to: /home/martin/.stmcufinder/plugins/mcufinder//mcu/
2023-10-27 14:01:54,131 [WARN] DbFile:41 - Overriding database path with different value: /home/martin/.stmcufinder/plugins/mcufinder/ => /home/martin/.stmcufinder/plugins/mcufinder
2023-10-27 14:01:54,131 [INFO] DbMcusAds:125 - Set database path to: /home/martin/.stmcufinder/plugins/mcufinder//mcu/
2023-10-27 14:01:54,131 [WARN] DbFile:41 - Overriding database path with different value: /home/martin/.stmcufinder/plugins/mcufinder/ => /home/martin/.stmcufinder/plugins/mcufinder
2023-10-27 14:01:54,131 [WARN] DbFile:41 - Overriding database path with different value: /home/martin/.stmcufinder/plugins/mcufinder/ => /home/martin/.stmcufinder/plugins/mcufinder
2023-10-27 14:01:54,131 [INFO] CrossReferenceDbSqlite:203 - Set database path to: /home/martin/.stmcufinder/plugins/mcufinder//mcu/cs/
2023-10-27 14:01:54,174 [INFO] MainPanel:262 - HeapMemory: 268435456
2023-10-27 14:01:54,228 [INFO] DbMcusXml:78 - Set database path to: /opt/st/stm32cubeide_1.13.2/plugins/com.st.stm32cube.common.mx_6.9.2.202309101412//db//mcu/
2023-10-27 14:01:54,228 [INFO] ApiDb:274 - Set plugin database path to: /opt/st/stm32cubeide_1.13.2/plugins/com.st.stm32cube.common.mx_6.9.2.202309101412//db//plugins/boardmanager/
2023-10-27 14:01:54,228 [INFO] ApiDb:261 - Set plugin images path to: /opt/st/stm32cubeide_1.13.2/plugins/com.st.stm32cube.common.mx_6.9.2.202309101412//db//plugins/mcufinder/images/
2023-10-27 14:01:54,228 [WARN] DbFile:41 - Overriding database path with different value: /home/martin/.stmcufinder/plugins/mcufinder/ => /home/martin/.stmcufinder/plugins/mcufinder
2023-10-27 14:01:54,228 [INFO] ApiDb:250 - Set database path to: /home/martin/.stmcufinder/plugins/mcufinder//mcu/
2023-10-27 14:01:54,228 [WARN] DbFile:41 - Overriding database path with different value: /home/martin/.stmcufinder/plugins/mcufinder/ => /home/martin/.stmcufinder/plugins/mcufinder
2023-10-27 14:01:54,228 [INFO] DbMcusAds:125 - Set database path to: /home/martin/.stmcufinder/plugins/mcufinder//mcu/
2023-10-27 14:01:54,228 [WARN] DbFile:41 - Overriding database path with different value: /home/martin/.stmcufinder/plugins/mcufinder/ => /home/martin/.stmcufinder/plugins/mcufinder
2023-10-27 14:01:54,228 [WARN] DbFile:41 - Overriding database path with different value: /home/martin/.stmcufinder/plugins/mcufinder/ => /home/martin/.stmcufinder/plugins/mcufinder
2023-10-27 14:01:54,228 [INFO] CrossReferenceDbSqlite:203 - Set database path to: /home/martin/.stmcufinder/plugins/mcufinder//mcu/cs/
2023-10-27 14:01:54,240 [INFO] ApplicationProperties:184 - Using Application install path: /opt/st/stm32cubeide_1.13.2/plugins/com.st.stm32cube.common.mx_6.9.2.202309101412
2023-10-27 14:01:54,242 [INFO] PluginManage:196 - Search for loadable plugins [exclusion list=, ]
2023-10-27 14:01:54,242 [INFO] PluginManage:310 - Check plugin analytics
2023-10-27 14:01:54,351 [INFO] AnalyticsPlugin:253 - Accepted Software Licenses: 
2023-10-27 14:01:54,351 [INFO] AnalyticsPlugin:255 - Accepted CMSIS Pack Licenses: 
2023-10-27 14:01:54,351 [INFO] AnalyticsPlugin:257 - Accepted Firmware Licenses: FW.F4.1.27.0
2023-10-27 14:01:54,353 [INFO] PluginManage:359 - Loaded plugin analytics (category:tool,tabindex:-1)
2023-10-27 14:01:54,354 [INFO] PluginManage:310 - Check plugin cadmodel
2023-10-27 14:01:54,377 [INFO] CADModel:105 - Init CAD model plugin
2023-10-27 14:01:54,377 [INFO] PluginManage:359 - Loaded plugin cadmodel (category:power,tabindex:5)
2023-10-27 14:01:54,378 [INFO] PluginManage:310 - Check plugin clock
2023-10-27 14:01:54,386 [INFO] PluginManage:359 - Loaded plugin clock (category:base,tabindex:2)
2023-10-27 14:01:54,386 [INFO] PluginManage:310 - Check plugin ddr
2023-10-27 14:01:54,387 [INFO] PluginManage:359 - Loaded plugin ddr (category:tool,tabindex:6)
2023-10-27 14:01:54,388 [INFO] PluginManage:310 - Check plugin filemanager
2023-10-27 14:01:54,510 [INFO] PluginManage:359 - Loaded plugin filemanager (category:base,tabindex:10)
2023-10-27 14:01:54,510 [INFO] PluginManage:310 - Check plugin ipmanager
2023-10-27 14:01:54,515 [INFO] PluginManage:359 - Loaded plugin ipmanager (category:base,tabindex:5)
2023-10-27 14:01:54,515 [INFO] PluginManage:310 - Check plugin lpbam
2023-10-27 14:01:54,521 [INFO] PluginManage:359 - Loaded plugin lpbam (category:base,tabindex:0)
2023-10-27 14:01:54,521 [INFO] PluginManage:310 - Check plugin memorymap
2023-10-27 14:01:54,527 [INFO] PluginManage:359 - Loaded plugin memorymap (category:base,tabindex:4)
2023-10-27 14:01:54,528 [INFO] PluginManage:310 - Check plugin pinoutandconfiguration
2023-10-27 14:01:54,533 [INFO] PluginManage:359 - Loaded plugin pinoutandconfiguration (category:base,tabindex:1)
2023-10-27 14:01:54,533 [INFO] PluginManage:310 - Check plugin pinoutconfig
2023-10-27 14:01:54,590 [WARN] SupportedApi:132 - Cannot load RTOS API schema: s4s-elt-must-match.1: The content of 'definitions' must match (annotation?, (simpleType | complexType)?, (unique | key | keyref)*)). A problem was found starting at: attribute.
2023-10-27 14:01:54,681 [INFO] PluginManage:359 - Loaded plugin pinoutconfig (category:base,tabindex:0)
2023-10-27 14:01:54,681 [INFO] PluginManage:310 - Check plugin power
2023-10-27 14:01:54,686 [INFO] PluginManage:359 - Loaded plugin power (category:power,tabindex:4)
2023-10-27 14:01:54,686 [INFO] PluginManage:310 - Check plugin projectmanager
2023-10-27 14:01:54,696 [INFO] PluginManage:359 - Loaded plugin projectmanager (category:projectmanager,tabindex:3)
2023-10-27 14:01:54,696 [INFO] PluginManage:310 - Check plugin thirdparty
2023-10-27 14:01:54,775 [INFO] PluginManage:359 - Loaded plugin thirdparty (category:base,tabindex:-1)
2023-10-27 14:01:54,775 [INFO] PluginManage:310 - Check plugin tools
2023-10-27 14:01:54,774 [WARN] IntegrityCheckThread:84 - waiting for thirdparty lock release [integrity check]
2023-10-27 14:01:54,775 [INFO] IntegrityCheckThread:86 - entering critical section [integrity check]
2023-10-27 14:01:54,775 [INFO] ThirdPartyUpdaterWithRetryManager:70 - Updater plugin not ready yet. [1/15]
2023-10-27 14:01:54,776 [INFO] PluginManage:359 - Loaded plugin tools (category:base,tabindex:7)
2023-10-27 14:01:54,777 [INFO] PluginManage:310 - Check plugin tutovideos
2023-10-27 14:01:54,893 [INFO] PluginManage:359 - Loaded plugin tutovideos (category:base,tabindex:-1)
2023-10-27 14:01:54,894 [INFO] PluginManage:310 - Check plugin updater
2023-10-27 14:01:54,901 [INFO] PluginManage:359 - Loaded plugin updater (category:base,tabindex:12)
2023-10-27 14:01:54,901 [INFO] PluginManage:310 - Check plugin userauth
2023-10-27 14:01:54,906 [INFO] UserAuth:113 - Init User Auth plugin
2023-10-27 14:01:54,906 [INFO] PluginManage:359 - Loaded plugin userauth (category:base,tabindex:14)
2023-10-27 14:01:54,906 [INFO] PluginManage:283 - PluginManage : Loaded plugins [17]
2023-10-27 14:01:55,032 [INFO] PinOutPanel:1499 - setPackage(No Configuration,No Configuration)
2023-10-27 14:01:55,090 [INFO] CADModel:165 - CPN selected for project level
2023-10-27 14:01:55,090 [INFO] CADModel:114 - Register for checkConnection events
2023-10-27 14:01:55,096 [INFO] IPUIPlugin:80 - create IPUIPlugin
2023-10-27 14:01:55,096 [INFO] PluginManager:220 - loadIPPluginJar : add ts
2023-10-27 14:01:55,098 [INFO] IPUIPlugin:80 - create IPUIPlugin
2023-10-27 14:01:55,098 [INFO] PluginManager:220 - loadIPPluginJar : add dma3
2023-10-27 14:01:55,102 [INFO] IPUIPlugin:80 - create IPUIPlugin
2023-10-27 14:01:55,102 [INFO] PluginManager:220 - loadIPPluginJar : add spi
2023-10-27 14:01:55,104 [INFO] IPUIPlugin:80 - create IPUIPlugin
2023-10-27 14:01:55,104 [INFO] PluginManager:220 - loadIPPluginJar : add openamp
2023-10-27 14:01:55,105 [INFO] IPUIPlugin:80 - create IPUIPlugin
2023-10-27 14:01:55,105 [INFO] PluginManager:220 - loadIPPluginJar : add dfsdm
2023-10-27 14:01:55,109 [INFO] IPUIPlugin:80 - create IPUIPlugin
2023-10-27 14:01:55,109 [INFO] PluginManager:220 - loadIPPluginJar : add fmc
2023-10-27 14:01:55,110 [INFO] IPUIPlugin:80 - create IPUIPlugin
2023-10-27 14:01:55,110 [INFO] PluginManager:220 - loadIPPluginJar : add tracer_emb
2023-10-27 14:01:55,111 [INFO] IPUIPlugin:80 - create IPUIPlugin
2023-10-27 14:01:55,112 [INFO] PluginManager:220 - loadIPPluginJar : add i2s
2023-10-27 14:01:55,113 [INFO] IPUIPlugin:80 - create IPUIPlugin
2023-10-27 14:01:55,113 [INFO] PluginManager:220 - loadIPPluginJar : add nvic
2023-10-27 14:01:55,118 [INFO] IPUIPlugin:80 - create IPUIPlugin
2023-10-27 14:01:55,118 [INFO] PluginManager:220 - loadIPPluginJar : add dma
2023-10-27 14:01:55,122 [INFO] IPUIPlugin:80 - create IPUIPlugin
2023-10-27 14:01:55,122 [INFO] PluginManager:220 - loadIPPluginJar : add stm32_wpan
2023-10-27 14:01:55,123 [INFO] IPUIPlugin:80 - create IPUIPlugin
2023-10-27 14:01:55,123 [INFO] PluginManager:220 - loadIPPluginJar : add quadspi
2023-10-27 14:01:55,124 [INFO] IPUIPlugin:80 - create IPUIPlugin
2023-10-27 14:01:55,124 [INFO] PluginManager:220 - loadIPPluginJar : add gfxmmu
2023-10-27 14:01:55,125 [INFO] IPUIPlugin:80 - create IPUIPlugin
2023-10-27 14:01:55,125 [INFO] PluginManager:220 - loadIPPluginJar : add i2c
2023-10-27 14:01:55,126 [INFO] IPUIPlugin:80 - create IPUIPlugin
2023-10-27 14:01:55,126 [INFO] PluginManager:220 - loadIPPluginJar : add usart
2023-10-27 14:01:55,130 [INFO] IPUIPlugin:80 - create IPUIPlugin
2023-10-27 14:01:55,131 [INFO] PluginManager:220 - loadIPPluginJar : add linkedlist
2023-10-27 14:01:55,134 [INFO] IPUIPlugin:80 - create IPUIPlugin
2023-10-27 14:01:55,134 [INFO] PluginManager:220 - loadIPPluginJar : add mdma
2023-10-27 14:01:55,135 [INFO] IPUIPlugin:80 - create IPUIPlugin
2023-10-27 14:01:55,135 [INFO] PluginManager:220 - loadIPPluginJar : add fatfs
2023-10-27 14:01:55,136 [INFO] IPUIPlugin:80 - create IPUIPlugin
2023-10-27 14:01:55,137 [INFO] PluginManager:220 - loadIPPluginJar : add sai
2023-10-27 14:01:55,138 [INFO] IPUIPlugin:80 - create IPUIPlugin
2023-10-27 14:01:55,138 [INFO] PluginManager:220 - loadIPPluginJar : add opamp
2023-10-27 14:01:55,142 [INFO] IPUIPlugin:80 - create IPUIPlugin
2023-10-27 14:01:55,142 [INFO] PluginManager:220 - loadIPPluginJar : add adc
2023-10-27 14:01:55,143 [INFO] IPUIPlugin:80 - create IPUIPlugin
2023-10-27 14:01:55,143 [INFO] PluginManager:220 - loadIPPluginJar : add resmgrutility
2023-10-27 14:01:55,144 [INFO] IPUIPlugin:80 - create IPUIPlugin
2023-10-27 14:01:55,144 [INFO] PluginManager:220 - loadIPPluginJar : add tim
2023-10-27 14:01:55,145 [INFO] IPUIPlugin:80 - create IPUIPlugin
2023-10-27 14:01:55,145 [INFO] PluginManager:220 - loadIPPluginJar : add cryp
2023-10-27 14:01:55,147 [INFO] IPUIPlugin:80 - create IPUIPlugin
2023-10-27 14:01:55,147 [INFO] PluginManager:220 - loadIPPluginJar : add ipddr
2023-10-27 14:01:55,148 [INFO] IPUIPlugin:80 - create IPUIPlugin
2023-10-27 14:01:55,148 [INFO] PluginManager:220 - loadIPPluginJar : add can
2023-10-27 14:01:55,149 [INFO] IPUIPlugin:80 - create IPUIPlugin
2023-10-27 14:01:55,149 [INFO] PluginManager:220 - loadIPPluginJar : add genericplugin
2023-10-27 14:01:55,149 [INFO] IPUIPlugin:80 - create IPUIPlugin
2023-10-27 14:01:55,149 [INFO] PluginManager:220 - loadIPPluginJar : add comp
2023-10-27 14:01:55,150 [INFO] IPUIPlugin:80 - create IPUIPlugin
2023-10-27 14:01:55,150 [INFO] PluginManager:220 - loadIPPluginJar : add tsc
2023-10-27 14:01:55,153 [INFO] IPUIPlugin:80 - create IPUIPlugin
2023-10-27 14:01:55,154 [INFO] PluginManager:220 - loadIPPluginJar : add freertos
2023-10-27 14:01:55,155 [INFO] IPUIPlugin:80 - create IPUIPlugin
2023-10-27 14:01:55,155 [INFO] PluginManager:220 - loadIPPluginJar : add pdm2pcm
2023-10-27 14:01:55,156 [INFO] IPUIPlugin:80 - create IPUIPlugin
2023-10-27 14:01:55,156 [INFO] PluginManager:220 - loadIPPluginJar : add ltdc
2023-10-27 14:01:55,157 [INFO] IPUIPlugin:80 - create IPUIPlugin
2023-10-27 14:01:55,157 [INFO] PluginManager:220 - loadIPPluginJar : add ucpd
2023-10-27 14:01:55,160 [INFO] IPUIPlugin:80 - create IPUIPlugin
2023-10-27 14:01:55,161 [INFO] PluginManager:220 - loadIPPluginJar : add plateformsettings
2023-10-27 14:01:55,162 [INFO] IPUIPlugin:80 - create IPUIPlugin
2023-10-27 14:01:55,163 [INFO] PluginManager:220 - loadIPPluginJar : add i3c
2023-10-27 14:01:55,164 [INFO] IPUIPlugin:80 - create IPUIPlugin
2023-10-27 14:01:55,164 [INFO] PluginManager:220 - loadIPPluginJar : add usbx
2023-10-27 14:01:55,165 [INFO] IPUIPlugin:80 - create IPUIPlugin
2023-10-27 14:01:55,165 [INFO] PluginManager:220 - loadIPPluginJar : add lorawan
2023-10-27 14:01:55,166 [INFO] IPUIPlugin:80 - create IPUIPlugin
2023-10-27 14:01:55,166 [INFO] PluginManager:220 - loadIPPluginJar : add gtzc
2023-10-27 14:01:55,167 [INFO] IPUIPlugin:80 - create IPUIPlugin
2023-10-27 14:01:55,167 [INFO] PluginManager:220 - loadIPPluginJar : add aes
2023-10-27 14:01:55,168 [INFO] IPUIPlugin:80 - create IPUIPlugin
2023-10-27 14:01:55,168 [INFO] PluginManager:220 - loadIPPluginJar : add hash
2023-10-27 14:01:55,171 [INFO] IPUIPlugin:80 - create IPUIPlugin
2023-10-27 14:01:55,171 [INFO] PluginManager:220 - loadIPPluginJar : add gpio
2023-10-27 14:01:55,174 [INFO] IPUIPlugin:80 - create IPUIPlugin
2023-10-27 14:01:55,174 [INFO] PluginManager:220 - loadIPPluginJar : add gic
2023-10-27 14:01:55,175 [INFO] IPUIPlugin:80 - create IPUIPlugin
2023-10-27 14:01:55,175 [INFO] PluginManager:220 - loadIPPluginJar : add touchsensing
2023-10-27 14:01:55,265 [INFO] CADModel:165 - CPN selected for project level
2023-10-27 14:01:55,265 [INFO] CADModel:114 - Register for checkConnection events
2023-10-27 14:01:55,265 [FATAL] Updater:308 - Updater called before beeing initialized
2023-10-27 14:01:55,266 [ERROR] CADModel:125 - Updater not yet initialized, retry later 
2023-10-27 14:01:55,355 [INFO] CADModel:165 - CPN selected for project level
2023-10-27 14:01:55,355 [INFO] CADModel:114 - Register for checkConnection events
2023-10-27 14:01:55,355 [FATAL] Updater:308 - Updater called before beeing initialized
2023-10-27 14:01:55,355 [ERROR] CADModel:125 - Updater not yet initialized, retry later 
2023-10-27 14:01:55,358 [FATAL] Updater:308 - Updater called before beeing initialized
2023-10-27 14:01:55,401 [FATAL] Updater:308 - Updater called before beeing initialized
2023-10-27 14:01:55,405 [INFO] DbMcusAds:53 - JSON generation date=Tue Mar 07 05:50:55 ART 2023 (1678179055114)
2023-10-27 14:01:55,405 [FATAL] Updater:308 - Updater called before beeing initialized
2023-10-27 14:01:55,427 [WARN] DetailPanel:346 - Failed to get advertising image, set to default
2023-10-27 14:01:55,488 [FATAL] Updater:308 - Updater called before beeing initialized
2023-10-27 14:01:55,489 [FATAL] Updater:308 - Updater called before beeing initialized
2023-10-27 14:01:55,489 [FATAL] Updater:308 - Updater called before beeing initialized
2023-10-27 14:01:55,489 [WARN] DetailPanel:346 - Failed to get advertising image, set to default
2023-10-27 14:01:55,490 [FATAL] Updater:308 - Updater called before beeing initialized
2023-10-27 14:01:55,508 [ERROR] Updater:1120 - MainUpdater not yet initialized. External WinMGr cannot be set.
2023-10-27 14:01:55,509 [INFO] Updater:1056 - Updater Version found : 6.9.2
2023-10-27 14:01:55,524 [INFO] ApplicationProperties:184 - Using Application install path: /opt/st/stm32cubeide_1.13.2/plugins/com.st.stm32cube.common.mx_6.9.2.202309101412
2023-10-27 14:01:55,769 [INFO] MainUpdater:2868 - connection check result : 10
2023-10-27 14:01:55,769 [INFO] MainUpdater:285 - Updater Check For Update Now.
2023-10-27 14:01:55,770 [INFO] MicroXplorer:498 - Change Database Version : DB.6.0.92
2023-10-27 14:01:55,775 [INFO] McuFinderGlobals:63 - Set McuFinder mode to 2 (CubeIDE integrated)
2023-10-27 14:01:55,775 [INFO] UserAuth:179 - activating auth plugin
2023-10-27 14:01:55,778 [INFO] UserAuth:393 - Internet connection configuration mode: 1
2023-10-27 14:01:55,789 [INFO] JxBrowserEngine:151 - Initiate JxBrowser Engine with user profile folder
2023-10-27 14:01:55,934 [INFO] CheckServerUpdateThread:120 - End of CheckServer Thread
2023-10-27 14:01:56,178 [INFO] WebApp:157 - Instantiating new browser for Auth
2023-10-27 14:01:56,446 [INFO] WebApp:753 - Register for checkConnection events
2023-10-27 14:01:56,446 [INFO] WebApp:390 - Apply proxy settings
2023-10-27 14:01:56,446 [INFO] WebApp:475 - Chromium requires no authentication
2023-10-27 14:01:56,450 [INFO] WebApp:418 - Direct internet connection detected
2023-10-27 14:01:56,520 [INFO] WebApp:188 - Starting web application
2023-10-27 14:01:56,520 [INFO] WebApp:520 - Web application path used /opt/st/stm32cubeide_1.13.2/plugins/com.st.stm32cube.common.mx_6.9.2.202309101412/db/plugins/mcufinder/reactClient1/index.html
2023-10-27 14:01:57,886 [WARN] PackLoader:240 - Cannot read IP mode file for STMicroelectronics.X-CUBE-SMBUS.2.1.0
2023-10-27 14:01:57,920 [WARN] PackLoader:240 - Cannot read IP mode file for STMicroelectronics.X-CUBE-AZRTOS-F7.1.1.0
2023-10-27 14:01:57,930 [WARN] PackLoader:240 - Cannot read IP mode file for STMicroelectronics.FP-SNS-MOTENV1.4.3.2
2023-10-27 14:01:57,936 [WARN] PackLoader:240 - Cannot read IP mode file for STMicroelectronics.FP-SNS-FLIGHT1.5.0.2
2023-10-27 14:01:57,944 [WARN] PackLoader:240 - Cannot read IP mode file for STMicroelectronics.X-CUBE-DISPLAY.3.0.0
2023-10-27 14:01:57,964 [WARN] PackLoader:240 - Cannot read IP mode file for STMicroelectronics.X-CUBE-BLE1.7.0.0
2023-10-27 14:01:57,969 [WARN] PackLoader:240 - Cannot read IP mode file for emotas.I-CUBE-CANOPEN.1.3.0
2023-10-27 14:01:57,972 [WARN] PackLoader:240 - Cannot read IP mode file for STMicroelectronics.X-CUBE-TOUCHGFX.4.22.1
2023-10-27 14:01:57,975 [WARN] PackLoader:240 - Cannot read IP mode file for STMicroelectronics.FP-SNS-SMARTAG2.1.2.0
2023-10-27 14:01:57,986 [INFO] LogOutputStream:77 - [STDOUT_REDIRECT] 1 : Invalid condition id : UX_CORESTACK_Condition cause : null
2023-10-27 14:01:57,986 [INFO] LogOutputStream:77 - [STDOUT_REDIRECT] 1 : Invalid condition id : UX_CORESTACK_Condition cause : null
2023-10-27 14:01:57,987 [INFO] LogOutputStream:77 - [STDOUT_REDIRECT] 1 : Invalid condition id : UX_CORESTACK_Condition cause : null
2023-10-27 14:01:57,987 [INFO] LogOutputStream:77 - [STDOUT_REDIRECT] 1 : Invalid condition id : UX_CORESTACK_Condition cause : null
2023-10-27 14:01:57,987 [INFO] LogOutputStream:77 - [STDOUT_REDIRECT] 1 : Invalid condition id : UX_CORESTACK_Condition cause : null
2023-10-27 14:01:57,995 [WARN] PackLoader:240 - Cannot read IP mode file for STMicroelectronics.X-CUBE-AZRTOS-WL.2.0.0
2023-10-27 14:01:58,001 [WARN] PackLoader:240 - Cannot read IP mode file for WES.I-CUBE-Cesium.1.3.0
2023-10-27 14:01:58,005 [WARN] PackLoader:240 - Cannot read IP mode file for STMicroelectronics.X-CUBE-BLE2.3.3.0
2023-10-27 14:01:58,010 [WARN] PackLoader:240 - Cannot read IP mode file for STMicroelectronics.X-CUBE-ALGOBUILD.1.3.0
2023-10-27 14:01:58,022 [WARN] PackLoader:240 - Cannot read IP mode file for STMicroelectronics.X-CUBE-AZRTOS-G0.1.1.0
2023-10-27 14:01:58,025 [WARN] PackLoader:240 - Cannot read IP mode file for STMicroelectronics.X-CUBE-NFC4.3.0.0
2023-10-27 14:01:58,028 [WARN] PackLoader:240 - Cannot read IP mode file for STMicroelectronics.FP-ATR-SIGFOX1.3.2.0
2023-10-27 14:01:58,046 [WARN] PackLoader:240 - Cannot read IP mode file for SEGGER.I-CUBE-embOS.1.3.1
2023-10-27 14:01:58,071 [WARN] PackLoader:240 - Cannot read IP mode file for STMicroelectronics.X-CUBE-GNSS1.6.0.0
2023-10-27 14:01:58,079 [WARN] PackLoader:240 - Cannot read IP mode file for STMicroelectronics.X-CUBE-AZRTOS-F4.1.1.0
2023-10-27 14:01:58,083 [WARN] PackLoader:240 - Cannot read IP mode file for wolfSSL.I-CUBE-wolfSSL.5.6.3
2023-10-27 14:01:58,091 [WARN] PackLoader:240 - Cannot read IP mode file for STMicroelectronics.X-CUBE-AZRTOS-L5.2.0.0
2023-10-27 14:01:58,119 [WARN] PackLoader:240 - Cannot read IP mode file for STMicroelectronics.X-CUBE-MEMS1.9.6.0
2023-10-27 14:01:58,253 [WARN] PackLoader:240 - Cannot read IP mode file for STMicroelectronics.X-CUBE-EEPRMA1.4.2.0
2023-10-27 14:01:58,255 [WARN] PackLoader:240 - Cannot read IP mode file for ITTIA_DB.I-CUBE-ITTIADB.8.8.0
2023-10-27 14:01:58,259 [WARN] PackLoader:240 - Cannot read IP mode file for STMicroelectronics.X-CUBE-BLEMGR.2.0.0
2023-10-27 14:01:58,268 [WARN] ConditionMgr:438 - getConditionDescription Invalid condition id : UX DEVICE CLASS RTOS Condition cause : null
2023-10-27 14:01:58,268 [WARN] ConditionMgr:438 - getConditionDescription Invalid condition id : UX DEVICE CLASS RTOS Condition cause : null
2023-10-27 14:01:58,269 [WARN] PackLoader:240 - Cannot read IP mode file for STMicroelectronics.X-CUBE-AZRTOS-H7.3.1.0
2023-10-27 14:01:58,270 [WARN] ConditionMgr:1039 - genDependencies : Invalid condition id : UX DEVICE CLASS RTOS Condition cause : null
2023-10-27 14:01:58,270 [WARN] ConditionMgr:1039 - genDependencies : Invalid condition id : UX DEVICE CLASS RTOS Condition cause : null
2023-10-27 14:01:58,270 [WARN] ConditionMgr:1039 - genDependencies : Invalid condition id : UX DEVICE CLASS RTOS Condition cause : null
2023-10-27 14:01:58,271 [WARN] ConditionMgr:1039 - genDependencies : Invalid condition id : UX DEVICE CLASS RTOS Condition cause : null
2023-10-27 14:01:58,271 [WARN] ConditionMgr:1039 - genDependencies : Invalid condition id : UX DEVICE CLASS RTOS Condition cause : null
2023-10-27 14:01:58,274 [WARN] PackLoader:240 - Cannot read IP mode file for STMicroelectronics.X-CUBE-NFC7.1.0.1
2023-10-27 14:01:58,277 [WARN] PackLoader:240 - Cannot read IP mode file for STMicroelectronics.X-CUBE-NFC6.3.0.0
2023-10-27 14:01:58,284 [WARN] PackLoader:240 - Cannot read IP mode file for STMicroelectronics.X-CUBE-EEPRMA1.4.1.0
2023-10-27 14:01:58,288 [WARN] PackLoader:240 - Cannot read IP mode file for STMicroelectronics.X-CUBE-AI.8.1.0
2023-10-27 14:01:58,305 [WARN] ConditionMgr:438 - getConditionDescription Invalid condition id : LAN8742 Phy interface Condition cause : null
2023-10-27 14:01:58,305 [WARN] PackLoader:240 - Cannot read IP mode file for STMicroelectronics.X-CUBE-AZRTOS-L4.2.0.0
2023-10-27 14:01:58,306 [WARN] ConditionMgr:1039 - genDependencies : Invalid condition id : LAN8742 Phy interface Condition cause : null
2023-10-27 14:01:58,307 [WARN] ConditionMgr:1039 - genDependencies : Invalid condition id : LAN8742 Phy interface Condition cause : null
2023-10-27 14:01:58,307 [WARN] ConditionMgr:1039 - genDependencies : Invalid condition id : LAN8742 Phy interface Condition cause : null
2023-10-27 14:01:58,312 [WARN] PackLoader:240 - Cannot read IP mode file for STMicroelectronics.X-CUBE-SFXS2LP1.4.0.0
2023-10-27 14:01:58,315 [WARN] PackLoader:240 - Cannot read IP mode file for STMicroelectronics.X-CUBE-ISPU.1.1.0
2023-10-27 14:01:58,325 [WARN] ConditionMgr:438 - getConditionDescription Invalid condition id : UX DEVICE CLASS RTOS Condition cause : null
2023-10-27 14:01:58,325 [WARN] ConditionMgr:438 - getConditionDescription Invalid condition id : UX DEVICE CLASS RTOS Condition cause : null
2023-10-27 14:01:58,327 [WARN] PackLoader:240 - Cannot read IP mode file for STMicroelectronics.X-CUBE-AZRTOS-WB.2.0.0
2023-10-27 14:01:58,328 [WARN] ConditionMgr:1039 - genDependencies : Invalid condition id : UX DEVICE CLASS RTOS Condition cause : null
2023-10-27 14:01:58,328 [WARN] ConditionMgr:1039 - genDependencies : Invalid condition id : UX DEVICE CLASS RTOS Condition cause : null
2023-10-27 14:01:58,328 [WARN] ConditionMgr:1039 - genDependencies : Invalid condition id : UX DEVICE CLASS RTOS Condition cause : null
2023-10-27 14:01:58,329 [WARN] ConditionMgr:1039 - genDependencies : Invalid condition id : UX DEVICE CLASS RTOS Condition cause : null
2023-10-27 14:01:58,329 [WARN] ConditionMgr:1039 - genDependencies : Invalid condition id : UX DEVICE CLASS RTOS Condition cause : null
2023-10-27 14:01:58,336 [WARN] PackLoader:240 - Cannot read IP mode file for STMicroelectronics.X-CUBE-SUBG2.5.0.0
2023-10-27 14:01:58,348 [WARN] PackLoader:240 - Cannot read IP mode file for STMicroelectronics.X-CUBE-TOF1.3.3.1
2023-10-27 14:01:58,367 [WARN] PackLoader:240 - Cannot read IP mode file for STMicroelectronics.X-CUBE-AZRTOS-G4.2.0.0
2023-10-27 14:01:58,377 [WARN] PackLoader:240 - Cannot read IP mode file for Infineon.AIROC-Wi-Fi-Bluetooth-STM32.1.5.1
2023-10-27 14:01:58,401 [WARN] PackLoader:240 - Cannot read IP mode file for STMicroelectronics.X-CUBE-MEMS1.10.0.0
2023-10-27 14:01:58,477 [WARN] PackLoader:240 - Cannot read IP mode file for STMicroelectronics.X-CUBE-FREERTOS.1.1.0
2023-10-27 14:01:58,480 [WARN] PackLoader:240 - Cannot read IP mode file for portGmbH.I-Cube-SoM-uGOAL.1.1.0
2023-10-27 14:01:58,483 [WARN] PackLoader:240 - Cannot read IP mode file for STMicroelectronics.X-CUBE-ALS.1.0.1
2023-10-27 14:01:58,485 [WARN] PackLoader:240 - Cannot read IP mode file for STMicroelectronics.FP-ATR-ASTRA1.2.0.0
2023-10-27 14:01:58,486 [INFO] ThirdParty:978 - Integrity check success = true
2023-10-27 14:01:58,486 [INFO] IntegrityCheckThread:100 - exiting critical section [integrity check]
2023-10-27 14:01:58,486 [INFO] IntegrityCheckThread:103 - End integrity checks thread
2023-10-27 14:05:33,585 [ERROR] LogOutputStream:75 - [STDERR_REDIRECT] 
