2023-11-11 12:04:06,849 [INFO] Activator:176 - 


2023-11-11 12:04:06,853 [INFO] Activator:177 - !SESSION log4j initialized
2023-11-11 12:04:10,819 [INFO] LogOutputStream:77 - [STDOUT_REDIRECT] 
2023-11-11 12:04:13,172 [INFO] ApplicationProperties:184 - Using Application install path: /opt/st/stm32cubeide_1.13.2/plugins/com.st.stm32cube.common.mx_6.9.2.202309101412
2023-11-11 12:04:13,187 [INFO] DbMcusXml:78 - Set database path to: /opt/st/stm32cubeide_1.13.2/plugins/com.st.stm32cube.common.mx_6.9.2.202309101412//db//mcu/
2023-11-11 12:04:13,187 [INFO] ApiDb:274 - Set plugin database path to: /opt/st/stm32cubeide_1.13.2/plugins/com.st.stm32cube.common.mx_6.9.2.202309101412//db//plugins/boardmanager/
2023-11-11 12:04:13,187 [WARN] ApiDb:259 - Overriding images path with different value:  => /opt/st/stm32cubeide_1.13.2/plugins/com.st.stm32cube.common.mx_6.9.2.202309101412//db//plugins/mcufinder/images/
2023-11-11 12:04:13,196 [INFO] ApiDb:250 - Set database path to: /home/martin/.stmcufinder/plugins/mcufinder//mcu/
2023-11-11 12:04:13,197 [INFO] DbMcusAds:125 - Set database path to: /home/martin/.stmcufinder/plugins/mcufinder//mcu/
2023-11-11 12:04:13,199 [INFO] CrossReferenceDbSqlite:203 - Set database path to: /home/martin/.stmcufinder/plugins/mcufinder//mcu/cs/
2023-11-11 12:04:13,321 [INFO] RulesReader:64 - Compatibility file has been processed (293 Rules)
2023-11-11 12:04:13,388 [INFO] DbMcusXml:78 - Set database path to: /opt/st/stm32cubeide_1.13.2/plugins/com.st.stm32cube.common.mx_6.9.2.202309101412//db//mcu/
2023-11-11 12:04:13,388 [INFO] ApiDb:274 - Set plugin database path to: /opt/st/stm32cubeide_1.13.2/plugins/com.st.stm32cube.common.mx_6.9.2.202309101412//db//plugins/boardmanager/
2023-11-11 12:04:13,389 [INFO] ApiDb:261 - Set plugin images path to: /opt/st/stm32cubeide_1.13.2/plugins/com.st.stm32cube.common.mx_6.9.2.202309101412//db//plugins/mcufinder/images/
2023-11-11 12:04:13,389 [WARN] DbFile:41 - Overriding database path with different value: /home/martin/.stmcufinder/plugins/mcufinder/ => /home/martin/.stmcufinder/plugins/mcufinder
2023-11-11 12:04:13,389 [INFO] ApiDb:250 - Set database path to: /home/martin/.stmcufinder/plugins/mcufinder//mcu/
2023-11-11 12:04:13,389 [WARN] DbFile:41 - Overriding database path with different value: /home/martin/.stmcufinder/plugins/mcufinder/ => /home/martin/.stmcufinder/plugins/mcufinder
2023-11-11 12:04:13,389 [INFO] DbMcusAds:125 - Set database path to: /home/martin/.stmcufinder/plugins/mcufinder//mcu/
2023-11-11 12:04:13,389 [WARN] DbFile:41 - Overriding database path with different value: /home/martin/.stmcufinder/plugins/mcufinder/ => /home/martin/.stmcufinder/plugins/mcufinder
2023-11-11 12:04:13,389 [WARN] DbFile:41 - Overriding database path with different value: /home/martin/.stmcufinder/plugins/mcufinder/ => /home/martin/.stmcufinder/plugins/mcufinder
2023-11-11 12:04:13,389 [INFO] CrossReferenceDbSqlite:203 - Set database path to: /home/martin/.stmcufinder/plugins/mcufinder//mcu/cs/
2023-11-11 12:04:13,456 [INFO] MainPanel:262 - HeapMemory: 268435456
2023-11-11 12:04:13,543 [INFO] DbMcusXml:78 - Set database path to: /opt/st/stm32cubeide_1.13.2/plugins/com.st.stm32cube.common.mx_6.9.2.202309101412//db//mcu/
2023-11-11 12:04:13,543 [INFO] ApiDb:274 - Set plugin database path to: /opt/st/stm32cubeide_1.13.2/plugins/com.st.stm32cube.common.mx_6.9.2.202309101412//db//plugins/boardmanager/
2023-11-11 12:04:13,543 [INFO] ApiDb:261 - Set plugin images path to: /opt/st/stm32cubeide_1.13.2/plugins/com.st.stm32cube.common.mx_6.9.2.202309101412//db//plugins/mcufinder/images/
2023-11-11 12:04:13,544 [WARN] DbFile:41 - Overriding database path with different value: /home/martin/.stmcufinder/plugins/mcufinder/ => /home/martin/.stmcufinder/plugins/mcufinder
2023-11-11 12:04:13,544 [INFO] ApiDb:250 - Set database path to: /home/martin/.stmcufinder/plugins/mcufinder//mcu/
2023-11-11 12:04:13,544 [WARN] DbFile:41 - Overriding database path with different value: /home/martin/.stmcufinder/plugins/mcufinder/ => /home/martin/.stmcufinder/plugins/mcufinder
2023-11-11 12:04:13,544 [INFO] DbMcusAds:125 - Set database path to: /home/martin/.stmcufinder/plugins/mcufinder//mcu/
2023-11-11 12:04:13,544 [WARN] DbFile:41 - Overriding database path with different value: /home/martin/.stmcufinder/plugins/mcufinder/ => /home/martin/.stmcufinder/plugins/mcufinder
2023-11-11 12:04:13,544 [WARN] DbFile:41 - Overriding database path with different value: /home/martin/.stmcufinder/plugins/mcufinder/ => /home/martin/.stmcufinder/plugins/mcufinder
2023-11-11 12:04:13,545 [INFO] CrossReferenceDbSqlite:203 - Set database path to: /home/martin/.stmcufinder/plugins/mcufinder//mcu/cs/
2023-11-11 12:04:13,567 [INFO] ApplicationProperties:184 - Using Application install path: /opt/st/stm32cubeide_1.13.2/plugins/com.st.stm32cube.common.mx_6.9.2.202309101412
2023-11-11 12:04:13,568 [INFO] PluginManage:196 - Search for loadable plugins [exclusion list=, ]
2023-11-11 12:04:13,569 [INFO] PluginManage:310 - Check plugin analytics
2023-11-11 12:04:13,718 [INFO] AnalyticsPlugin:253 - Accepted Software Licenses: 
2023-11-11 12:04:13,718 [INFO] AnalyticsPlugin:255 - Accepted CMSIS Pack Licenses: 
2023-11-11 12:04:13,718 [INFO] AnalyticsPlugin:257 - Accepted Firmware Licenses: FW.F4.1.27.0
2023-11-11 12:04:13,720 [INFO] PluginManage:359 - Loaded plugin analytics (category:tool,tabindex:-1)
2023-11-11 12:04:13,720 [INFO] PluginManage:310 - Check plugin cadmodel
2023-11-11 12:04:13,751 [INFO] CADModel:105 - Init CAD model plugin
2023-11-11 12:04:13,752 [INFO] PluginManage:359 - Loaded plugin cadmodel (category:power,tabindex:5)
2023-11-11 12:04:13,752 [INFO] PluginManage:310 - Check plugin clock
2023-11-11 12:04:13,760 [INFO] PluginManage:359 - Loaded plugin clock (category:base,tabindex:2)
2023-11-11 12:04:13,761 [INFO] PluginManage:310 - Check plugin ddr
2023-11-11 12:04:13,763 [INFO] PluginManage:359 - Loaded plugin ddr (category:tool,tabindex:6)
2023-11-11 12:04:13,763 [INFO] PluginManage:310 - Check plugin filemanager
2023-11-11 12:04:13,867 [INFO] PluginManage:359 - Loaded plugin filemanager (category:base,tabindex:10)
2023-11-11 12:04:13,867 [INFO] PluginManage:310 - Check plugin ipmanager
2023-11-11 12:04:13,872 [INFO] PluginManage:359 - Loaded plugin ipmanager (category:base,tabindex:5)
2023-11-11 12:04:13,872 [INFO] PluginManage:310 - Check plugin lpbam
2023-11-11 12:04:13,881 [INFO] PluginManage:359 - Loaded plugin lpbam (category:base,tabindex:0)
2023-11-11 12:04:13,881 [INFO] PluginManage:310 - Check plugin memorymap
2023-11-11 12:04:13,889 [INFO] PluginManage:359 - Loaded plugin memorymap (category:base,tabindex:4)
2023-11-11 12:04:13,889 [INFO] PluginManage:310 - Check plugin pinoutandconfiguration
2023-11-11 12:04:13,895 [INFO] PluginManage:359 - Loaded plugin pinoutandconfiguration (category:base,tabindex:1)
2023-11-11 12:04:13,895 [INFO] PluginManage:310 - Check plugin pinoutconfig
2023-11-11 12:04:13,978 [WARN] SupportedApi:132 - Cannot load RTOS API schema: s4s-elt-must-match.1: The content of 'definitions' must match (annotation?, (simpleType | complexType)?, (unique | key | keyref)*)). A problem was found starting at: attribute.
2023-11-11 12:04:14,072 [INFO] PluginManage:359 - Loaded plugin pinoutconfig (category:base,tabindex:0)
2023-11-11 12:04:14,072 [INFO] PluginManage:310 - Check plugin power
2023-11-11 12:04:14,081 [INFO] PluginManage:359 - Loaded plugin power (category:power,tabindex:4)
2023-11-11 12:04:14,081 [INFO] PluginManage:310 - Check plugin projectmanager
2023-11-11 12:04:14,093 [INFO] PluginManage:359 - Loaded plugin projectmanager (category:projectmanager,tabindex:3)
2023-11-11 12:04:14,093 [INFO] PluginManage:310 - Check plugin thirdparty
2023-11-11 12:04:14,210 [INFO] PluginManage:359 - Loaded plugin thirdparty (category:base,tabindex:-1)
2023-11-11 12:04:14,210 [WARN] IntegrityCheckThread:84 - waiting for thirdparty lock release [integrity check]
2023-11-11 12:04:14,210 [INFO] PluginManage:310 - Check plugin tools
2023-11-11 12:04:14,210 [INFO] IntegrityCheckThread:86 - entering critical section [integrity check]
2023-11-11 12:04:14,210 [INFO] ThirdPartyUpdaterWithRetryManager:70 - Updater plugin not ready yet. [1/15]
2023-11-11 12:04:14,212 [INFO] PluginManage:359 - Loaded plugin tools (category:base,tabindex:7)
2023-11-11 12:04:14,212 [INFO] PluginManage:310 - Check plugin tutovideos
2023-11-11 12:04:14,335 [INFO] PluginManage:359 - Loaded plugin tutovideos (category:base,tabindex:-1)
2023-11-11 12:04:14,335 [INFO] PluginManage:310 - Check plugin updater
2023-11-11 12:04:14,344 [INFO] PluginManage:359 - Loaded plugin updater (category:base,tabindex:12)
2023-11-11 12:04:14,344 [INFO] PluginManage:310 - Check plugin userauth
2023-11-11 12:04:14,349 [INFO] UserAuth:113 - Init User Auth plugin
2023-11-11 12:04:14,349 [INFO] PluginManage:359 - Loaded plugin userauth (category:base,tabindex:14)
2023-11-11 12:04:14,349 [INFO] PluginManage:283 - PluginManage : Loaded plugins [17]
2023-11-11 12:04:14,491 [INFO] PinOutPanel:1499 - setPackage(No Configuration,No Configuration)
2023-11-11 12:04:14,588 [INFO] CADModel:165 - CPN selected for project level
2023-11-11 12:04:14,589 [INFO] CADModel:114 - Register for checkConnection events
2023-11-11 12:04:14,602 [INFO] IPUIPlugin:80 - create IPUIPlugin
2023-11-11 12:04:14,603 [INFO] PluginManager:220 - loadIPPluginJar : add ts
2023-11-11 12:04:14,605 [INFO] IPUIPlugin:80 - create IPUIPlugin
2023-11-11 12:04:14,606 [INFO] PluginManager:220 - loadIPPluginJar : add dma3
2023-11-11 12:04:14,612 [INFO] IPUIPlugin:80 - create IPUIPlugin
2023-11-11 12:04:14,613 [INFO] PluginManager:220 - loadIPPluginJar : add spi
2023-11-11 12:04:14,616 [INFO] IPUIPlugin:80 - create IPUIPlugin
2023-11-11 12:04:14,617 [INFO] PluginManager:220 - loadIPPluginJar : add openamp
2023-11-11 12:04:14,619 [INFO] IPUIPlugin:80 - create IPUIPlugin
2023-11-11 12:04:14,619 [INFO] PluginManager:220 - loadIPPluginJar : add dfsdm
2023-11-11 12:04:14,625 [INFO] IPUIPlugin:80 - create IPUIPlugin
2023-11-11 12:04:14,625 [INFO] PluginManager:220 - loadIPPluginJar : add fmc
2023-11-11 12:04:14,627 [INFO] IPUIPlugin:80 - create IPUIPlugin
2023-11-11 12:04:14,627 [INFO] PluginManager:220 - loadIPPluginJar : add tracer_emb
2023-11-11 12:04:14,630 [INFO] IPUIPlugin:80 - create IPUIPlugin
2023-11-11 12:04:14,630 [INFO] PluginManager:220 - loadIPPluginJar : add i2s
2023-11-11 12:04:14,634 [INFO] IPUIPlugin:80 - create IPUIPlugin
2023-11-11 12:04:14,634 [INFO] PluginManager:220 - loadIPPluginJar : add nvic
2023-11-11 12:04:14,640 [INFO] IPUIPlugin:80 - create IPUIPlugin
2023-11-11 12:04:14,640 [INFO] PluginManager:220 - loadIPPluginJar : add dma
2023-11-11 12:04:14,645 [INFO] IPUIPlugin:80 - create IPUIPlugin
2023-11-11 12:04:14,645 [INFO] PluginManager:220 - loadIPPluginJar : add stm32_wpan
2023-11-11 12:04:14,646 [INFO] IPUIPlugin:80 - create IPUIPlugin
2023-11-11 12:04:14,646 [INFO] PluginManager:220 - loadIPPluginJar : add quadspi
2023-11-11 12:04:14,649 [INFO] IPUIPlugin:80 - create IPUIPlugin
2023-11-11 12:04:14,649 [INFO] PluginManager:220 - loadIPPluginJar : add gfxmmu
2023-11-11 12:04:14,651 [INFO] IPUIPlugin:80 - create IPUIPlugin
2023-11-11 12:04:14,651 [INFO] PluginManager:220 - loadIPPluginJar : add i2c
2023-11-11 12:04:14,653 [INFO] IPUIPlugin:80 - create IPUIPlugin
2023-11-11 12:04:14,653 [INFO] PluginManager:220 - loadIPPluginJar : add usart
2023-11-11 12:04:14,660 [INFO] IPUIPlugin:80 - create IPUIPlugin
2023-11-11 12:04:14,660 [INFO] PluginManager:220 - loadIPPluginJar : add linkedlist
2023-11-11 12:04:14,665 [INFO] IPUIPlugin:80 - create IPUIPlugin
2023-11-11 12:04:14,665 [INFO] PluginManager:220 - loadIPPluginJar : add mdma
2023-11-11 12:04:14,666 [INFO] IPUIPlugin:80 - create IPUIPlugin
2023-11-11 12:04:14,667 [INFO] PluginManager:220 - loadIPPluginJar : add fatfs
2023-11-11 12:04:14,669 [INFO] IPUIPlugin:80 - create IPUIPlugin
2023-11-11 12:04:14,669 [INFO] PluginManager:220 - loadIPPluginJar : add sai
2023-11-11 12:04:14,671 [INFO] IPUIPlugin:80 - create IPUIPlugin
2023-11-11 12:04:14,672 [INFO] PluginManager:220 - loadIPPluginJar : add opamp
2023-11-11 12:04:14,677 [INFO] IPUIPlugin:80 - create IPUIPlugin
2023-11-11 12:04:14,677 [INFO] PluginManager:220 - loadIPPluginJar : add adc
2023-11-11 12:04:14,680 [INFO] IPUIPlugin:80 - create IPUIPlugin
2023-11-11 12:04:14,680 [INFO] PluginManager:220 - loadIPPluginJar : add resmgrutility
2023-11-11 12:04:14,682 [INFO] IPUIPlugin:80 - create IPUIPlugin
2023-11-11 12:04:14,682 [INFO] PluginManager:220 - loadIPPluginJar : add tim
2023-11-11 12:04:14,684 [INFO] IPUIPlugin:80 - create IPUIPlugin
2023-11-11 12:04:14,684 [INFO] PluginManager:220 - loadIPPluginJar : add cryp
2023-11-11 12:04:14,687 [INFO] IPUIPlugin:80 - create IPUIPlugin
2023-11-11 12:04:14,687 [INFO] PluginManager:220 - loadIPPluginJar : add ipddr
2023-11-11 12:04:14,689 [INFO] IPUIPlugin:80 - create IPUIPlugin
2023-11-11 12:04:14,690 [INFO] PluginManager:220 - loadIPPluginJar : add can
2023-11-11 12:04:14,691 [INFO] IPUIPlugin:80 - create IPUIPlugin
2023-11-11 12:04:14,691 [INFO] PluginManager:220 - loadIPPluginJar : add genericplugin
2023-11-11 12:04:14,692 [INFO] IPUIPlugin:80 - create IPUIPlugin
2023-11-11 12:04:14,693 [INFO] PluginManager:220 - loadIPPluginJar : add comp
2023-11-11 12:04:14,694 [INFO] IPUIPlugin:80 - create IPUIPlugin
2023-11-11 12:04:14,694 [INFO] PluginManager:220 - loadIPPluginJar : add tsc
2023-11-11 12:04:14,699 [INFO] IPUIPlugin:80 - create IPUIPlugin
2023-11-11 12:04:14,700 [INFO] PluginManager:220 - loadIPPluginJar : add freertos
2023-11-11 12:04:14,702 [INFO] IPUIPlugin:80 - create IPUIPlugin
2023-11-11 12:04:14,702 [INFO] PluginManager:220 - loadIPPluginJar : add pdm2pcm
2023-11-11 12:04:14,704 [INFO] IPUIPlugin:80 - create IPUIPlugin
2023-11-11 12:04:14,704 [INFO] PluginManager:220 - loadIPPluginJar : add ltdc
2023-11-11 12:04:14,705 [INFO] IPUIPlugin:80 - create IPUIPlugin
2023-11-11 12:04:14,705 [INFO] PluginManager:220 - loadIPPluginJar : add ucpd
2023-11-11 12:04:14,712 [INFO] IPUIPlugin:80 - create IPUIPlugin
2023-11-11 12:04:14,715 [INFO] PluginManager:220 - loadIPPluginJar : add plateformsettings
2023-11-11 12:04:14,717 [INFO] IPUIPlugin:80 - create IPUIPlugin
2023-11-11 12:04:14,717 [INFO] PluginManager:220 - loadIPPluginJar : add i3c
2023-11-11 12:04:14,720 [INFO] IPUIPlugin:80 - create IPUIPlugin
2023-11-11 12:04:14,720 [INFO] PluginManager:220 - loadIPPluginJar : add usbx
2023-11-11 12:04:14,722 [INFO] IPUIPlugin:80 - create IPUIPlugin
2023-11-11 12:04:14,722 [INFO] PluginManager:220 - loadIPPluginJar : add lorawan
2023-11-11 12:04:14,724 [INFO] IPUIPlugin:80 - create IPUIPlugin
2023-11-11 12:04:14,724 [INFO] PluginManager:220 - loadIPPluginJar : add gtzc
2023-11-11 12:04:14,726 [INFO] IPUIPlugin:80 - create IPUIPlugin
2023-11-11 12:04:14,727 [INFO] PluginManager:220 - loadIPPluginJar : add aes
2023-11-11 12:04:14,729 [INFO] IPUIPlugin:80 - create IPUIPlugin
2023-11-11 12:04:14,729 [INFO] PluginManager:220 - loadIPPluginJar : add hash
2023-11-11 12:04:14,733 [INFO] IPUIPlugin:80 - create IPUIPlugin
2023-11-11 12:04:14,733 [INFO] PluginManager:220 - loadIPPluginJar : add gpio
2023-11-11 12:04:14,738 [INFO] IPUIPlugin:80 - create IPUIPlugin
2023-11-11 12:04:14,738 [INFO] PluginManager:220 - loadIPPluginJar : add gic
2023-11-11 12:04:14,741 [INFO] IPUIPlugin:80 - create IPUIPlugin
2023-11-11 12:04:14,741 [INFO] PluginManager:220 - loadIPPluginJar : add touchsensing
2023-11-11 12:04:14,840 [INFO] CADModel:165 - CPN selected for project level
2023-11-11 12:04:14,841 [INFO] CADModel:114 - Register for checkConnection events
2023-11-11 12:04:14,841 [FATAL] Updater:308 - Updater called before beeing initialized
2023-11-11 12:04:14,841 [ERROR] CADModel:125 - Updater not yet initialized, retry later 
2023-11-11 12:04:14,933 [INFO] CADModel:165 - CPN selected for project level
2023-11-11 12:04:14,933 [INFO] CADModel:114 - Register for checkConnection events
2023-11-11 12:04:14,933 [FATAL] Updater:308 - Updater called before beeing initialized
2023-11-11 12:04:14,933 [ERROR] CADModel:125 - Updater not yet initialized, retry later 
2023-11-11 12:04:14,935 [FATAL] Updater:308 - Updater called before beeing initialized
2023-11-11 12:04:14,992 [FATAL] Updater:308 - Updater called before beeing initialized
2023-11-11 12:04:14,997 [INFO] DbMcusAds:53 - JSON generation date=Tue Mar 07 05:50:55 ART 2023 (1678179055335)
2023-11-11 12:04:14,998 [FATAL] Updater:308 - Updater called before beeing initialized
2023-11-11 12:04:15,027 [WARN] DetailPanel:346 - Failed to get advertising image, set to default
2023-11-11 12:04:15,093 [FATAL] Updater:308 - Updater called before beeing initialized
2023-11-11 12:04:15,095 [FATAL] Updater:308 - Updater called before beeing initialized
2023-11-11 12:04:15,095 [FATAL] Updater:308 - Updater called before beeing initialized
2023-11-11 12:04:15,095 [WARN] DetailPanel:346 - Failed to get advertising image, set to default
2023-11-11 12:04:15,096 [FATAL] Updater:308 - Updater called before beeing initialized
2023-11-11 12:04:15,116 [ERROR] Updater:1120 - MainUpdater not yet initialized. External WinMGr cannot be set.
2023-11-11 12:04:15,118 [INFO] Updater:1056 - Updater Version found : 6.9.2
2023-11-11 12:04:15,133 [INFO] ApplicationProperties:184 - Using Application install path: /opt/st/stm32cubeide_1.13.2/plugins/com.st.stm32cube.common.mx_6.9.2.202309101412
2023-11-11 12:04:15,221 [INFO] MainUpdater:2868 - connection check result : 10
2023-11-11 12:04:15,222 [INFO] MainUpdater:285 - Updater Check For Update Now.
2023-11-11 12:04:15,222 [INFO] MicroXplorer:498 - Change Database Version : DB.6.0.92
2023-11-11 12:04:15,225 [INFO] McuFinderGlobals:63 - Set McuFinder mode to 2 (CubeIDE integrated)
2023-11-11 12:04:15,225 [INFO] UserAuth:179 - activating auth plugin
2023-11-11 12:04:15,228 [INFO] UserAuth:393 - Internet connection configuration mode: 1
2023-11-11 12:04:15,241 [INFO] JxBrowserEngine:151 - Initiate JxBrowser Engine with user profile folder
2023-11-11 12:04:15,399 [INFO] CheckServerUpdateThread:120 - End of CheckServer Thread
2023-11-11 12:04:15,875 [INFO] WebApp:157 - Instantiating new browser for Auth
2023-11-11 12:04:16,319 [INFO] WebApp:753 - Register for checkConnection events
2023-11-11 12:04:16,319 [INFO] WebApp:390 - Apply proxy settings
2023-11-11 12:04:16,319 [INFO] WebApp:475 - Chromium requires no authentication
2023-11-11 12:04:16,322 [INFO] WebApp:418 - Direct internet connection detected
2023-11-11 12:04:16,415 [INFO] WebApp:188 - Starting web application
2023-11-11 12:04:16,415 [INFO] WebApp:520 - Web application path used /opt/st/stm32cubeide_1.13.2/plugins/com.st.stm32cube.common.mx_6.9.2.202309101412/db/plugins/mcufinder/reactClient1/index.html
2023-11-11 12:04:17,308 [WARN] PackLoader:240 - Cannot read IP mode file for STMicroelectronics.X-CUBE-SMBUS.2.1.0
2023-11-11 12:04:17,330 [WARN] PackLoader:240 - Cannot read IP mode file for STMicroelectronics.X-CUBE-AZRTOS-F7.1.1.0
2023-11-11 12:04:17,340 [WARN] PackLoader:240 - Cannot read IP mode file for STMicroelectronics.FP-SNS-MOTENV1.4.3.2
2023-11-11 12:04:17,346 [WARN] PackLoader:240 - Cannot read IP mode file for STMicroelectronics.FP-SNS-FLIGHT1.5.0.2
2023-11-11 12:04:17,354 [WARN] PackLoader:240 - Cannot read IP mode file for STMicroelectronics.X-CUBE-DISPLAY.3.0.0
2023-11-11 12:04:17,366 [WARN] PackLoader:240 - Cannot read IP mode file for STMicroelectronics.X-CUBE-BLE1.7.0.0
2023-11-11 12:04:17,371 [WARN] PackLoader:240 - Cannot read IP mode file for emotas.I-CUBE-CANOPEN.1.3.0
2023-11-11 12:04:17,376 [WARN] PackLoader:240 - Cannot read IP mode file for STMicroelectronics.X-CUBE-TOUCHGFX.4.22.1
2023-11-11 12:04:17,380 [WARN] PackLoader:240 - Cannot read IP mode file for STMicroelectronics.FP-SNS-SMARTAG2.1.2.0
2023-11-11 12:04:17,393 [INFO] LogOutputStream:77 - [STDOUT_REDIRECT] 1 : Invalid condition id : UX_CORESTACK_Condition cause : null
2023-11-11 12:04:17,393 [INFO] LogOutputStream:77 - [STDOUT_REDIRECT] 1 : Invalid condition id : UX_CORESTACK_Condition cause : null
2023-11-11 12:04:17,393 [INFO] LogOutputStream:77 - [STDOUT_REDIRECT] 1 : Invalid condition id : UX_CORESTACK_Condition cause : null
2023-11-11 12:04:17,394 [INFO] LogOutputStream:77 - [STDOUT_REDIRECT] 1 : Invalid condition id : UX_CORESTACK_Condition cause : null
2023-11-11 12:04:17,394 [INFO] LogOutputStream:77 - [STDOUT_REDIRECT] 1 : Invalid condition id : UX_CORESTACK_Condition cause : null
2023-11-11 12:04:17,398 [WARN] PackLoader:240 - Cannot read IP mode file for STMicroelectronics.X-CUBE-AZRTOS-WL.2.0.0
2023-11-11 12:04:17,406 [WARN] PackLoader:240 - Cannot read IP mode file for WES.I-CUBE-Cesium.1.3.0
2023-11-11 12:04:17,410 [WARN] PackLoader:240 - Cannot read IP mode file for STMicroelectronics.X-CUBE-BLE2.3.3.0
2023-11-11 12:04:17,416 [WARN] PackLoader:240 - Cannot read IP mode file for STMicroelectronics.X-CUBE-ALGOBUILD.1.3.0
2023-11-11 12:04:17,432 [WARN] PackLoader:240 - Cannot read IP mode file for STMicroelectronics.X-CUBE-AZRTOS-G0.1.1.0
2023-11-11 12:04:17,438 [WARN] PackLoader:240 - Cannot read IP mode file for STMicroelectronics.X-CUBE-NFC4.3.0.0
2023-11-11 12:04:17,446 [WARN] PackLoader:240 - Cannot read IP mode file for STMicroelectronics.X-CUBE-BLEMGR.3.0.0
2023-11-11 12:04:17,452 [WARN] PackLoader:240 - Cannot read IP mode file for STMicroelectronics.FP-ATR-SIGFOX1.3.2.0
2023-11-11 12:04:17,475 [WARN] PackLoader:240 - Cannot read IP mode file for SEGGER.I-CUBE-embOS.1.3.1
2023-11-11 12:04:17,517 [WARN] PackLoader:240 - Cannot read IP mode file for STMicroelectronics.X-CUBE-GNSS1.6.0.0
2023-11-11 12:04:17,537 [WARN] PackLoader:240 - Cannot read IP mode file for STMicroelectronics.X-CUBE-AZRTOS-F4.1.1.0
2023-11-11 12:04:17,548 [WARN] PackLoader:240 - Cannot read IP mode file for wolfSSL.I-CUBE-wolfSSL.5.6.3
2023-11-11 12:04:17,591 [WARN] PackLoader:240 - Cannot read IP mode file for STMicroelectronics.X-CUBE-AZRTOS-L5.2.0.0
2023-11-11 12:04:17,647 [WARN] PackLoader:240 - Cannot read IP mode file for STMicroelectronics.X-CUBE-MEMS1.9.6.0
2023-11-11 12:04:17,835 [WARN] PackLoader:240 - Cannot read IP mode file for STMicroelectronics.X-CUBE-EEPRMA1.4.2.0
2023-11-11 12:04:17,840 [WARN] PackLoader:240 - Cannot read IP mode file for ITTIA_DB.I-CUBE-ITTIADB.8.8.0
2023-11-11 12:04:17,845 [WARN] PackLoader:240 - Cannot read IP mode file for STMicroelectronics.X-CUBE-BLEMGR.2.0.0
2023-11-11 12:04:17,855 [WARN] ConditionMgr:438 - getConditionDescription Invalid condition id : UX DEVICE CLASS RTOS Condition cause : null
2023-11-11 12:04:17,855 [WARN] ConditionMgr:438 - getConditionDescription Invalid condition id : UX DEVICE CLASS RTOS Condition cause : null
2023-11-11 12:04:17,857 [WARN] PackLoader:240 - Cannot read IP mode file for STMicroelectronics.X-CUBE-AZRTOS-H7.3.1.0
2023-11-11 12:04:17,858 [WARN] ConditionMgr:1039 - genDependencies : Invalid condition id : UX DEVICE CLASS RTOS Condition cause : null
2023-11-11 12:04:17,858 [WARN] ConditionMgr:1039 - genDependencies : Invalid condition id : UX DEVICE CLASS RTOS Condition cause : null
2023-11-11 12:04:17,858 [WARN] ConditionMgr:1039 - genDependencies : Invalid condition id : UX DEVICE CLASS RTOS Condition cause : null
2023-11-11 12:04:17,858 [WARN] ConditionMgr:1039 - genDependencies : Invalid condition id : UX DEVICE CLASS RTOS Condition cause : null
2023-11-11 12:04:17,859 [WARN] ConditionMgr:1039 - genDependencies : Invalid condition id : UX DEVICE CLASS RTOS Condition cause : null
2023-11-11 12:04:17,862 [WARN] PackLoader:240 - Cannot read IP mode file for STMicroelectronics.X-CUBE-NFC7.1.0.1
2023-11-11 12:04:17,867 [WARN] PackLoader:240 - Cannot read IP mode file for STMicroelectronics.X-CUBE-NFC6.3.0.0
2023-11-11 12:04:17,871 [WARN] PackLoader:240 - Cannot read IP mode file for STMicroelectronics.X-CUBE-EEPRMA1.4.1.0
2023-11-11 12:04:17,873 [WARN] PackLoader:240 - Cannot read IP mode file for STMicroelectronics.X-CUBE-AI.8.1.0
2023-11-11 12:04:17,883 [WARN] ConditionMgr:438 - getConditionDescription Invalid condition id : LAN8742 Phy interface Condition cause : null
2023-11-11 12:04:17,884 [WARN] PackLoader:240 - Cannot read IP mode file for STMicroelectronics.X-CUBE-AZRTOS-L4.2.0.0
2023-11-11 12:04:17,885 [WARN] ConditionMgr:1039 - genDependencies : Invalid condition id : LAN8742 Phy interface Condition cause : null
2023-11-11 12:04:17,885 [WARN] ConditionMgr:1039 - genDependencies : Invalid condition id : LAN8742 Phy interface Condition cause : null
2023-11-11 12:04:17,885 [WARN] ConditionMgr:1039 - genDependencies : Invalid condition id : LAN8742 Phy interface Condition cause : null
2023-11-11 12:04:17,890 [WARN] PackLoader:240 - Cannot read IP mode file for STMicroelectronics.X-CUBE-SFXS2LP1.4.0.0
2023-11-11 12:04:17,894 [WARN] PackLoader:240 - Cannot read IP mode file for STMicroelectronics.X-CUBE-ISPU.1.1.0
2023-11-11 12:04:17,909 [WARN] ConditionMgr:438 - getConditionDescription Invalid condition id : UX DEVICE CLASS RTOS Condition cause : null
2023-11-11 12:04:17,909 [WARN] ConditionMgr:438 - getConditionDescription Invalid condition id : UX DEVICE CLASS RTOS Condition cause : null
2023-11-11 12:04:17,912 [WARN] PackLoader:240 - Cannot read IP mode file for STMicroelectronics.X-CUBE-AZRTOS-WB.2.0.0
2023-11-11 12:04:17,912 [WARN] ConditionMgr:1039 - genDependencies : Invalid condition id : UX DEVICE CLASS RTOS Condition cause : null
2023-11-11 12:04:17,913 [WARN] ConditionMgr:1039 - genDependencies : Invalid condition id : UX DEVICE CLASS RTOS Condition cause : null
2023-11-11 12:04:17,913 [WARN] ConditionMgr:1039 - genDependencies : Invalid condition id : UX DEVICE CLASS RTOS Condition cause : null
2023-11-11 12:04:17,914 [WARN] ConditionMgr:1039 - genDependencies : Invalid condition id : UX DEVICE CLASS RTOS Condition cause : null
2023-11-11 12:04:17,914 [WARN] ConditionMgr:1039 - genDependencies : Invalid condition id : UX DEVICE CLASS RTOS Condition cause : null
2023-11-11 12:04:17,926 [WARN] PackLoader:240 - Cannot read IP mode file for STMicroelectronics.X-CUBE-SUBG2.5.0.0
2023-11-11 12:04:17,945 [WARN] PackLoader:240 - Cannot read IP mode file for STMicroelectronics.X-CUBE-TOF1.3.3.1
2023-11-11 12:04:17,975 [WARN] PackLoader:240 - Cannot read IP mode file for STMicroelectronics.X-CUBE-AZRTOS-G4.2.0.0
2023-11-11 12:04:17,992 [WARN] PackLoader:240 - Cannot read IP mode file for Infineon.AIROC-Wi-Fi-Bluetooth-STM32.1.5.1
2023-11-11 12:04:18,000 [WARN] PackLoader:240 - Cannot read IP mode file for STMicroelectronics.FP-SNS-MOTENVWB1.1.3.0
2023-11-11 12:04:18,052 [WARN] PackLoader:240 - Cannot read IP mode file for STMicroelectronics.X-CUBE-MEMS1.10.0.0
2023-11-11 12:04:18,155 [WARN] PackLoader:240 - Cannot read IP mode file for STMicroelectronics.X-CUBE-FREERTOS.1.1.0
2023-11-11 12:04:18,159 [WARN] PackLoader:240 - Cannot read IP mode file for portGmbH.I-Cube-SoM-uGOAL.1.1.0
2023-11-11 12:04:18,163 [WARN] PackLoader:240 - Cannot read IP mode file for STMicroelectronics.X-CUBE-ALS.1.0.1
2023-11-11 12:04:18,166 [WARN] PackLoader:240 - Cannot read IP mode file for STMicroelectronics.FP-ATR-ASTRA1.2.0.0
2023-11-11 12:04:18,167 [INFO] ThirdParty:978 - Integrity check success = true
2023-11-11 12:04:18,167 [INFO] IntegrityCheckThread:100 - exiting critical section [integrity check]
2023-11-11 12:04:18,167 [INFO] IntegrityCheckThread:103 - End integrity checks thread
