2023-11-09 21:18:17,901 [INFO] Activator:176 - 


2023-11-09 21:18:17,906 [INFO] Activator:177 - !SESSION log4j initialized
2023-11-09 21:18:20,585 [INFO] LogOutputStream:77 - [STDOUT_REDIRECT] 
2023-11-09 21:18:23,879 [INFO] ApplicationProperties:184 - Using Application install path: /opt/st/stm32cubeide_1.13.2/plugins/com.st.stm32cube.common.mx_6.9.2.202309101412
2023-11-09 21:18:23,895 [INFO] DbMcusXml:78 - Set database path to: /opt/st/stm32cubeide_1.13.2/plugins/com.st.stm32cube.common.mx_6.9.2.202309101412//db//mcu/
2023-11-09 21:18:23,895 [INFO] ApiDb:274 - Set plugin database path to: /opt/st/stm32cubeide_1.13.2/plugins/com.st.stm32cube.common.mx_6.9.2.202309101412//db//plugins/boardmanager/
2023-11-09 21:18:23,895 [WARN] ApiDb:259 - Overriding images path with different value:  => /opt/st/stm32cubeide_1.13.2/plugins/com.st.stm32cube.common.mx_6.9.2.202309101412//db//plugins/mcufinder/images/
2023-11-09 21:18:23,903 [INFO] ApiDb:250 - Set database path to: /home/martin/.stmcufinder/plugins/mcufinder//mcu/
2023-11-09 21:18:23,904 [INFO] DbMcusAds:125 - Set database path to: /home/martin/.stmcufinder/plugins/mcufinder//mcu/
2023-11-09 21:18:23,906 [INFO] CrossReferenceDbSqlite:203 - Set database path to: /home/martin/.stmcufinder/plugins/mcufinder//mcu/cs/
2023-11-09 21:18:24,010 [INFO] RulesReader:64 - Compatibility file has been processed (293 Rules)
2023-11-09 21:18:24,074 [INFO] DbMcusXml:78 - Set database path to: /opt/st/stm32cubeide_1.13.2/plugins/com.st.stm32cube.common.mx_6.9.2.202309101412//db//mcu/
2023-11-09 21:18:24,074 [INFO] ApiDb:274 - Set plugin database path to: /opt/st/stm32cubeide_1.13.2/plugins/com.st.stm32cube.common.mx_6.9.2.202309101412//db//plugins/boardmanager/
2023-11-09 21:18:24,074 [INFO] ApiDb:261 - Set plugin images path to: /opt/st/stm32cubeide_1.13.2/plugins/com.st.stm32cube.common.mx_6.9.2.202309101412//db//plugins/mcufinder/images/
2023-11-09 21:18:24,074 [WARN] DbFile:41 - Overriding database path with different value: /home/martin/.stmcufinder/plugins/mcufinder/ => /home/martin/.stmcufinder/plugins/mcufinder
2023-11-09 21:18:24,075 [INFO] ApiDb:250 - Set database path to: /home/martin/.stmcufinder/plugins/mcufinder//mcu/
2023-11-09 21:18:24,075 [WARN] DbFile:41 - Overriding database path with different value: /home/martin/.stmcufinder/plugins/mcufinder/ => /home/martin/.stmcufinder/plugins/mcufinder
2023-11-09 21:18:24,075 [INFO] DbMcusAds:125 - Set database path to: /home/martin/.stmcufinder/plugins/mcufinder//mcu/
2023-11-09 21:18:24,075 [WARN] DbFile:41 - Overriding database path with different value: /home/martin/.stmcufinder/plugins/mcufinder/ => /home/martin/.stmcufinder/plugins/mcufinder
2023-11-09 21:18:24,075 [WARN] DbFile:41 - Overriding database path with different value: /home/martin/.stmcufinder/plugins/mcufinder/ => /home/martin/.stmcufinder/plugins/mcufinder
2023-11-09 21:18:24,075 [INFO] CrossReferenceDbSqlite:203 - Set database path to: /home/martin/.stmcufinder/plugins/mcufinder//mcu/cs/
2023-11-09 21:18:24,136 [INFO] MainPanel:262 - HeapMemory: 268435456
2023-11-09 21:18:24,220 [INFO] DbMcusXml:78 - Set database path to: /opt/st/stm32cubeide_1.13.2/plugins/com.st.stm32cube.common.mx_6.9.2.202309101412//db//mcu/
2023-11-09 21:18:24,220 [INFO] ApiDb:274 - Set plugin database path to: /opt/st/stm32cubeide_1.13.2/plugins/com.st.stm32cube.common.mx_6.9.2.202309101412//db//plugins/boardmanager/
2023-11-09 21:18:24,220 [INFO] ApiDb:261 - Set plugin images path to: /opt/st/stm32cubeide_1.13.2/plugins/com.st.stm32cube.common.mx_6.9.2.202309101412//db//plugins/mcufinder/images/
2023-11-09 21:18:24,220 [WARN] DbFile:41 - Overriding database path with different value: /home/martin/.stmcufinder/plugins/mcufinder/ => /home/martin/.stmcufinder/plugins/mcufinder
2023-11-09 21:18:24,221 [INFO] ApiDb:250 - Set database path to: /home/martin/.stmcufinder/plugins/mcufinder//mcu/
2023-11-09 21:18:24,221 [WARN] DbFile:41 - Overriding database path with different value: /home/martin/.stmcufinder/plugins/mcufinder/ => /home/martin/.stmcufinder/plugins/mcufinder
2023-11-09 21:18:24,221 [INFO] DbMcusAds:125 - Set database path to: /home/martin/.stmcufinder/plugins/mcufinder//mcu/
2023-11-09 21:18:24,221 [WARN] DbFile:41 - Overriding database path with different value: /home/martin/.stmcufinder/plugins/mcufinder/ => /home/martin/.stmcufinder/plugins/mcufinder
2023-11-09 21:18:24,221 [WARN] DbFile:41 - Overriding database path with different value: /home/martin/.stmcufinder/plugins/mcufinder/ => /home/martin/.stmcufinder/plugins/mcufinder
2023-11-09 21:18:24,221 [INFO] CrossReferenceDbSqlite:203 - Set database path to: /home/martin/.stmcufinder/plugins/mcufinder//mcu/cs/
2023-11-09 21:18:24,239 [INFO] ApplicationProperties:184 - Using Application install path: /opt/st/stm32cubeide_1.13.2/plugins/com.st.stm32cube.common.mx_6.9.2.202309101412
2023-11-09 21:18:24,241 [INFO] PluginManage:196 - Search for loadable plugins [exclusion list=, ]
2023-11-09 21:18:24,242 [INFO] PluginManage:310 - Check plugin analytics
2023-11-09 21:18:24,377 [INFO] AnalyticsPlugin:253 - Accepted Software Licenses: 
2023-11-09 21:18:24,377 [INFO] AnalyticsPlugin:255 - Accepted CMSIS Pack Licenses: 
2023-11-09 21:18:24,377 [INFO] AnalyticsPlugin:257 - Accepted Firmware Licenses: FW.F4.1.27.0
2023-11-09 21:18:24,379 [INFO] PluginManage:359 - Loaded plugin analytics (category:tool,tabindex:-1)
2023-11-09 21:18:24,379 [INFO] PluginManage:310 - Check plugin cadmodel
2023-11-09 21:18:24,406 [INFO] CADModel:105 - Init CAD model plugin
2023-11-09 21:18:24,407 [INFO] PluginManage:359 - Loaded plugin cadmodel (category:power,tabindex:5)
2023-11-09 21:18:24,407 [INFO] PluginManage:310 - Check plugin clock
2023-11-09 21:18:24,415 [INFO] PluginManage:359 - Loaded plugin clock (category:base,tabindex:2)
2023-11-09 21:18:24,415 [INFO] PluginManage:310 - Check plugin ddr
2023-11-09 21:18:24,417 [INFO] PluginManage:359 - Loaded plugin ddr (category:tool,tabindex:6)
2023-11-09 21:18:24,417 [INFO] PluginManage:310 - Check plugin filemanager
2023-11-09 21:18:24,509 [INFO] PluginManage:359 - Loaded plugin filemanager (category:base,tabindex:10)
2023-11-09 21:18:24,510 [INFO] PluginManage:310 - Check plugin ipmanager
2023-11-09 21:18:24,514 [INFO] PluginManage:359 - Loaded plugin ipmanager (category:base,tabindex:5)
2023-11-09 21:18:24,514 [INFO] PluginManage:310 - Check plugin lpbam
2023-11-09 21:18:24,523 [INFO] PluginManage:359 - Loaded plugin lpbam (category:base,tabindex:0)
2023-11-09 21:18:24,523 [INFO] PluginManage:310 - Check plugin memorymap
2023-11-09 21:18:24,532 [INFO] PluginManage:359 - Loaded plugin memorymap (category:base,tabindex:4)
2023-11-09 21:18:24,532 [INFO] PluginManage:310 - Check plugin pinoutandconfiguration
2023-11-09 21:18:24,537 [INFO] PluginManage:359 - Loaded plugin pinoutandconfiguration (category:base,tabindex:1)
2023-11-09 21:18:24,538 [INFO] PluginManage:310 - Check plugin pinoutconfig
2023-11-09 21:18:24,597 [WARN] SupportedApi:132 - Cannot load RTOS API schema: s4s-elt-must-match.1: The content of 'definitions' must match (annotation?, (simpleType | complexType)?, (unique | key | keyref)*)). A problem was found starting at: attribute.
2023-11-09 21:18:24,696 [INFO] PluginManage:359 - Loaded plugin pinoutconfig (category:base,tabindex:0)
2023-11-09 21:18:24,696 [INFO] PluginManage:310 - Check plugin power
2023-11-09 21:18:24,704 [INFO] PluginManage:359 - Loaded plugin power (category:power,tabindex:4)
2023-11-09 21:18:24,704 [INFO] PluginManage:310 - Check plugin projectmanager
2023-11-09 21:18:24,714 [INFO] PluginManage:359 - Loaded plugin projectmanager (category:projectmanager,tabindex:3)
2023-11-09 21:18:24,714 [INFO] PluginManage:310 - Check plugin thirdparty
2023-11-09 21:18:24,809 [INFO] PluginManage:359 - Loaded plugin thirdparty (category:base,tabindex:-1)
2023-11-09 21:18:24,809 [WARN] IntegrityCheckThread:84 - waiting for thirdparty lock release [integrity check]
2023-11-09 21:18:24,810 [INFO] IntegrityCheckThread:86 - entering critical section [integrity check]
2023-11-09 21:18:24,810 [INFO] PluginManage:310 - Check plugin tools
2023-11-09 21:18:24,810 [INFO] ThirdPartyUpdaterWithRetryManager:70 - Updater plugin not ready yet. [1/15]
2023-11-09 21:18:24,812 [INFO] PluginManage:359 - Loaded plugin tools (category:base,tabindex:7)
2023-11-09 21:18:24,812 [INFO] PluginManage:310 - Check plugin tutovideos
2023-11-09 21:18:24,962 [INFO] PluginManage:359 - Loaded plugin tutovideos (category:base,tabindex:-1)
2023-11-09 21:18:24,962 [INFO] PluginManage:310 - Check plugin updater
2023-11-09 21:18:24,971 [INFO] PluginManage:359 - Loaded plugin updater (category:base,tabindex:12)
2023-11-09 21:18:24,971 [INFO] PluginManage:310 - Check plugin userauth
2023-11-09 21:18:24,976 [INFO] UserAuth:113 - Init User Auth plugin
2023-11-09 21:18:24,976 [INFO] PluginManage:359 - Loaded plugin userauth (category:base,tabindex:14)
2023-11-09 21:18:24,976 [INFO] PluginManage:283 - PluginManage : Loaded plugins [17]
2023-11-09 21:18:25,113 [INFO] PinOutPanel:1499 - setPackage(No Configuration,No Configuration)
2023-11-09 21:18:25,190 [INFO] CADModel:165 - CPN selected for project level
2023-11-09 21:18:25,190 [INFO] CADModel:114 - Register for checkConnection events
2023-11-09 21:18:25,199 [INFO] IPUIPlugin:80 - create IPUIPlugin
2023-11-09 21:18:25,199 [INFO] PluginManager:220 - loadIPPluginJar : add ts
2023-11-09 21:18:25,201 [INFO] IPUIPlugin:80 - create IPUIPlugin
2023-11-09 21:18:25,201 [INFO] PluginManager:220 - loadIPPluginJar : add dma3
2023-11-09 21:18:25,205 [INFO] IPUIPlugin:80 - create IPUIPlugin
2023-11-09 21:18:25,205 [INFO] PluginManager:220 - loadIPPluginJar : add spi
2023-11-09 21:18:25,207 [INFO] IPUIPlugin:80 - create IPUIPlugin
2023-11-09 21:18:25,207 [INFO] PluginManager:220 - loadIPPluginJar : add openamp
2023-11-09 21:18:25,208 [INFO] IPUIPlugin:80 - create IPUIPlugin
2023-11-09 21:18:25,208 [INFO] PluginManager:220 - loadIPPluginJar : add dfsdm
2023-11-09 21:18:25,213 [INFO] IPUIPlugin:80 - create IPUIPlugin
2023-11-09 21:18:25,213 [INFO] PluginManager:220 - loadIPPluginJar : add fmc
2023-11-09 21:18:25,214 [INFO] IPUIPlugin:80 - create IPUIPlugin
2023-11-09 21:18:25,215 [INFO] PluginManager:220 - loadIPPluginJar : add tracer_emb
2023-11-09 21:18:25,216 [INFO] IPUIPlugin:80 - create IPUIPlugin
2023-11-09 21:18:25,216 [INFO] PluginManager:220 - loadIPPluginJar : add i2s
2023-11-09 21:18:25,218 [INFO] IPUIPlugin:80 - create IPUIPlugin
2023-11-09 21:18:25,218 [INFO] PluginManager:220 - loadIPPluginJar : add nvic
2023-11-09 21:18:25,223 [INFO] IPUIPlugin:80 - create IPUIPlugin
2023-11-09 21:18:25,223 [INFO] PluginManager:220 - loadIPPluginJar : add dma
2023-11-09 21:18:25,226 [INFO] IPUIPlugin:80 - create IPUIPlugin
2023-11-09 21:18:25,226 [INFO] PluginManager:220 - loadIPPluginJar : add stm32_wpan
2023-11-09 21:18:25,227 [INFO] IPUIPlugin:80 - create IPUIPlugin
2023-11-09 21:18:25,227 [INFO] PluginManager:220 - loadIPPluginJar : add quadspi
2023-11-09 21:18:25,229 [INFO] IPUIPlugin:80 - create IPUIPlugin
2023-11-09 21:18:25,229 [INFO] PluginManager:220 - loadIPPluginJar : add gfxmmu
2023-11-09 21:18:25,230 [INFO] IPUIPlugin:80 - create IPUIPlugin
2023-11-09 21:18:25,230 [INFO] PluginManager:220 - loadIPPluginJar : add i2c
2023-11-09 21:18:25,232 [INFO] IPUIPlugin:80 - create IPUIPlugin
2023-11-09 21:18:25,232 [INFO] PluginManager:220 - loadIPPluginJar : add usart
2023-11-09 21:18:25,237 [INFO] IPUIPlugin:80 - create IPUIPlugin
2023-11-09 21:18:25,238 [INFO] PluginManager:220 - loadIPPluginJar : add linkedlist
2023-11-09 21:18:25,241 [INFO] IPUIPlugin:80 - create IPUIPlugin
2023-11-09 21:18:25,242 [INFO] PluginManager:220 - loadIPPluginJar : add mdma
2023-11-09 21:18:25,243 [INFO] IPUIPlugin:80 - create IPUIPlugin
2023-11-09 21:18:25,243 [INFO] PluginManager:220 - loadIPPluginJar : add fatfs
2023-11-09 21:18:25,245 [INFO] IPUIPlugin:80 - create IPUIPlugin
2023-11-09 21:18:25,245 [INFO] PluginManager:220 - loadIPPluginJar : add sai
2023-11-09 21:18:25,247 [INFO] IPUIPlugin:80 - create IPUIPlugin
2023-11-09 21:18:25,247 [INFO] PluginManager:220 - loadIPPluginJar : add opamp
2023-11-09 21:18:25,251 [INFO] IPUIPlugin:80 - create IPUIPlugin
2023-11-09 21:18:25,251 [INFO] PluginManager:220 - loadIPPluginJar : add adc
2023-11-09 21:18:25,254 [INFO] IPUIPlugin:80 - create IPUIPlugin
2023-11-09 21:18:25,254 [INFO] PluginManager:220 - loadIPPluginJar : add resmgrutility
2023-11-09 21:18:25,256 [INFO] IPUIPlugin:80 - create IPUIPlugin
2023-11-09 21:18:25,256 [INFO] PluginManager:220 - loadIPPluginJar : add tim
2023-11-09 21:18:25,258 [INFO] IPUIPlugin:80 - create IPUIPlugin
2023-11-09 21:18:25,258 [INFO] PluginManager:220 - loadIPPluginJar : add cryp
2023-11-09 21:18:25,260 [INFO] IPUIPlugin:80 - create IPUIPlugin
2023-11-09 21:18:25,260 [INFO] PluginManager:220 - loadIPPluginJar : add ipddr
2023-11-09 21:18:25,262 [INFO] IPUIPlugin:80 - create IPUIPlugin
2023-11-09 21:18:25,262 [INFO] PluginManager:220 - loadIPPluginJar : add can
2023-11-09 21:18:25,263 [INFO] IPUIPlugin:80 - create IPUIPlugin
2023-11-09 21:18:25,263 [INFO] PluginManager:220 - loadIPPluginJar : add genericplugin
2023-11-09 21:18:25,264 [INFO] IPUIPlugin:80 - create IPUIPlugin
2023-11-09 21:18:25,264 [INFO] PluginManager:220 - loadIPPluginJar : add comp
2023-11-09 21:18:25,265 [INFO] IPUIPlugin:80 - create IPUIPlugin
2023-11-09 21:18:25,265 [INFO] PluginManager:220 - loadIPPluginJar : add tsc
2023-11-09 21:18:25,271 [INFO] IPUIPlugin:80 - create IPUIPlugin
2023-11-09 21:18:25,271 [INFO] PluginManager:220 - loadIPPluginJar : add freertos
2023-11-09 21:18:25,273 [INFO] IPUIPlugin:80 - create IPUIPlugin
2023-11-09 21:18:25,274 [INFO] PluginManager:220 - loadIPPluginJar : add pdm2pcm
2023-11-09 21:18:25,275 [INFO] IPUIPlugin:80 - create IPUIPlugin
2023-11-09 21:18:25,275 [INFO] PluginManager:220 - loadIPPluginJar : add ltdc
2023-11-09 21:18:25,276 [INFO] IPUIPlugin:80 - create IPUIPlugin
2023-11-09 21:18:25,277 [INFO] PluginManager:220 - loadIPPluginJar : add ucpd
2023-11-09 21:18:25,283 [INFO] IPUIPlugin:80 - create IPUIPlugin
2023-11-09 21:18:25,286 [INFO] PluginManager:220 - loadIPPluginJar : add plateformsettings
2023-11-09 21:18:25,287 [INFO] IPUIPlugin:80 - create IPUIPlugin
2023-11-09 21:18:25,288 [INFO] PluginManager:220 - loadIPPluginJar : add i3c
2023-11-09 21:18:25,290 [INFO] IPUIPlugin:80 - create IPUIPlugin
2023-11-09 21:18:25,290 [INFO] PluginManager:220 - loadIPPluginJar : add usbx
2023-11-09 21:18:25,292 [INFO] IPUIPlugin:80 - create IPUIPlugin
2023-11-09 21:18:25,292 [INFO] PluginManager:220 - loadIPPluginJar : add lorawan
2023-11-09 21:18:25,294 [INFO] IPUIPlugin:80 - create IPUIPlugin
2023-11-09 21:18:25,295 [INFO] PluginManager:220 - loadIPPluginJar : add gtzc
2023-11-09 21:18:25,297 [INFO] IPUIPlugin:80 - create IPUIPlugin
2023-11-09 21:18:25,297 [INFO] PluginManager:220 - loadIPPluginJar : add aes
2023-11-09 21:18:25,298 [INFO] IPUIPlugin:80 - create IPUIPlugin
2023-11-09 21:18:25,298 [INFO] PluginManager:220 - loadIPPluginJar : add hash
2023-11-09 21:18:25,301 [INFO] IPUIPlugin:80 - create IPUIPlugin
2023-11-09 21:18:25,301 [INFO] PluginManager:220 - loadIPPluginJar : add gpio
2023-11-09 21:18:25,305 [INFO] IPUIPlugin:80 - create IPUIPlugin
2023-11-09 21:18:25,305 [INFO] PluginManager:220 - loadIPPluginJar : add gic
2023-11-09 21:18:25,307 [INFO] IPUIPlugin:80 - create IPUIPlugin
2023-11-09 21:18:25,307 [INFO] PluginManager:220 - loadIPPluginJar : add touchsensing
2023-11-09 21:18:25,398 [INFO] CADModel:165 - CPN selected for project level
2023-11-09 21:18:25,398 [INFO] CADModel:114 - Register for checkConnection events
2023-11-09 21:18:25,398 [FATAL] Updater:308 - Updater called before beeing initialized
2023-11-09 21:18:25,398 [ERROR] CADModel:125 - Updater not yet initialized, retry later 
2023-11-09 21:18:25,490 [INFO] CADModel:165 - CPN selected for project level
2023-11-09 21:18:25,490 [INFO] CADModel:114 - Register for checkConnection events
2023-11-09 21:18:25,490 [FATAL] Updater:308 - Updater called before beeing initialized
2023-11-09 21:18:25,490 [ERROR] CADModel:125 - Updater not yet initialized, retry later 
2023-11-09 21:18:25,493 [FATAL] Updater:308 - Updater called before beeing initialized
2023-11-09 21:18:25,558 [FATAL] Updater:308 - Updater called before beeing initialized
2023-11-09 21:18:25,562 [INFO] DbMcusAds:53 - JSON generation date=Tue Mar 07 05:50:55 ART 2023 (1678179055335)
2023-11-09 21:18:25,562 [FATAL] Updater:308 - Updater called before beeing initialized
2023-11-09 21:18:25,593 [WARN] DetailPanel:346 - Failed to get advertising image, set to default
2023-11-09 21:18:25,671 [FATAL] Updater:308 - Updater called before beeing initialized
2023-11-09 21:18:25,672 [FATAL] Updater:308 - Updater called before beeing initialized
2023-11-09 21:18:25,672 [FATAL] Updater:308 - Updater called before beeing initialized
2023-11-09 21:18:25,672 [WARN] DetailPanel:346 - Failed to get advertising image, set to default
2023-11-09 21:18:25,673 [FATAL] Updater:308 - Updater called before beeing initialized
2023-11-09 21:18:25,696 [ERROR] Updater:1120 - MainUpdater not yet initialized. External WinMGr cannot be set.
2023-11-09 21:18:25,697 [INFO] Updater:1056 - Updater Version found : 6.9.2
2023-11-09 21:18:25,715 [INFO] ApplicationProperties:184 - Using Application install path: /opt/st/stm32cubeide_1.13.2/plugins/com.st.stm32cube.common.mx_6.9.2.202309101412
2023-11-09 21:18:25,818 [INFO] MainUpdater:2868 - connection check result : 10
2023-11-09 21:18:25,818 [INFO] MainUpdater:285 - Updater Check For Update Now.
2023-11-09 21:18:25,819 [INFO] MicroXplorer:498 - Change Database Version : DB.6.0.92
2023-11-09 21:18:25,822 [INFO] McuFinderGlobals:63 - Set McuFinder mode to 2 (CubeIDE integrated)
2023-11-09 21:18:25,822 [INFO] UserAuth:179 - activating auth plugin
2023-11-09 21:18:25,824 [INFO] UserAuth:393 - Internet connection configuration mode: 1
2023-11-09 21:18:25,836 [INFO] JxBrowserEngine:151 - Initiate JxBrowser Engine with user profile folder
2023-11-09 21:18:25,978 [INFO] CheckServerUpdateThread:120 - End of CheckServer Thread
2023-11-09 21:18:26,496 [INFO] WebApp:157 - Instantiating new browser for Auth
2023-11-09 21:18:26,939 [INFO] WebApp:753 - Register for checkConnection events
2023-11-09 21:18:26,939 [INFO] WebApp:390 - Apply proxy settings
2023-11-09 21:18:26,939 [INFO] WebApp:475 - Chromium requires no authentication
2023-11-09 21:18:26,944 [INFO] WebApp:418 - Direct internet connection detected
2023-11-09 21:18:27,039 [INFO] WebApp:188 - Starting web application
2023-11-09 21:18:27,040 [INFO] WebApp:520 - Web application path used /opt/st/stm32cubeide_1.13.2/plugins/com.st.stm32cube.common.mx_6.9.2.202309101412/db/plugins/mcufinder/reactClient1/index.html
2023-11-09 21:18:27,891 [WARN] PackLoader:240 - Cannot read IP mode file for STMicroelectronics.X-CUBE-SMBUS.2.1.0
2023-11-09 21:18:27,924 [WARN] PackLoader:240 - Cannot read IP mode file for STMicroelectronics.X-CUBE-AZRTOS-F7.1.1.0
2023-11-09 21:18:27,934 [WARN] PackLoader:240 - Cannot read IP mode file for STMicroelectronics.FP-SNS-MOTENV1.4.3.2
2023-11-09 21:18:27,941 [WARN] PackLoader:240 - Cannot read IP mode file for STMicroelectronics.FP-SNS-FLIGHT1.5.0.2
2023-11-09 21:18:27,949 [WARN] PackLoader:240 - Cannot read IP mode file for STMicroelectronics.X-CUBE-DISPLAY.3.0.0
2023-11-09 21:18:27,962 [WARN] PackLoader:240 - Cannot read IP mode file for STMicroelectronics.X-CUBE-BLE1.7.0.0
2023-11-09 21:18:27,966 [WARN] PackLoader:240 - Cannot read IP mode file for emotas.I-CUBE-CANOPEN.1.3.0
2023-11-09 21:18:27,968 [WARN] PackLoader:240 - Cannot read IP mode file for STMicroelectronics.X-CUBE-TOUCHGFX.4.22.1
2023-11-09 21:18:27,971 [WARN] PackLoader:240 - Cannot read IP mode file for STMicroelectronics.FP-SNS-SMARTAG2.1.2.0
2023-11-09 21:18:27,979 [INFO] LogOutputStream:77 - [STDOUT_REDIRECT] 1 : Invalid condition id : UX_CORESTACK_Condition cause : null
2023-11-09 21:18:27,979 [INFO] LogOutputStream:77 - [STDOUT_REDIRECT] 1 : Invalid condition id : UX_CORESTACK_Condition cause : null
2023-11-09 21:18:27,979 [INFO] LogOutputStream:77 - [STDOUT_REDIRECT] 1 : Invalid condition id : UX_CORESTACK_Condition cause : null
2023-11-09 21:18:27,979 [INFO] LogOutputStream:77 - [STDOUT_REDIRECT] 1 : Invalid condition id : UX_CORESTACK_Condition cause : null
2023-11-09 21:18:27,979 [INFO] LogOutputStream:77 - [STDOUT_REDIRECT] 1 : Invalid condition id : UX_CORESTACK_Condition cause : null
2023-11-09 21:18:27,988 [WARN] PackLoader:240 - Cannot read IP mode file for STMicroelectronics.X-CUBE-AZRTOS-WL.2.0.0
2023-11-09 21:18:27,997 [WARN] PackLoader:240 - Cannot read IP mode file for WES.I-CUBE-Cesium.1.3.0
2023-11-09 21:18:28,002 [WARN] PackLoader:240 - Cannot read IP mode file for STMicroelectronics.X-CUBE-BLE2.3.3.0
2023-11-09 21:18:28,008 [WARN] PackLoader:240 - Cannot read IP mode file for STMicroelectronics.X-CUBE-ALGOBUILD.1.3.0
2023-11-09 21:18:28,029 [WARN] PackLoader:240 - Cannot read IP mode file for STMicroelectronics.X-CUBE-AZRTOS-G0.1.1.0
2023-11-09 21:18:28,037 [WARN] PackLoader:240 - Cannot read IP mode file for STMicroelectronics.X-CUBE-NFC4.3.0.0
2023-11-09 21:18:28,049 [WARN] PackLoader:240 - Cannot read IP mode file for STMicroelectronics.X-CUBE-BLEMGR.3.0.0
2023-11-09 21:18:28,055 [WARN] PackLoader:240 - Cannot read IP mode file for STMicroelectronics.FP-ATR-SIGFOX1.3.2.0
2023-11-09 21:18:28,090 [WARN] PackLoader:240 - Cannot read IP mode file for SEGGER.I-CUBE-embOS.1.3.1
2023-11-09 21:18:28,140 [WARN] PackLoader:240 - Cannot read IP mode file for STMicroelectronics.X-CUBE-GNSS1.6.0.0
2023-11-09 21:18:28,160 [WARN] PackLoader:240 - Cannot read IP mode file for STMicroelectronics.X-CUBE-AZRTOS-F4.1.1.0
2023-11-09 21:18:28,167 [WARN] PackLoader:240 - Cannot read IP mode file for wolfSSL.I-CUBE-wolfSSL.5.6.3
2023-11-09 21:18:28,185 [WARN] PackLoader:240 - Cannot read IP mode file for STMicroelectronics.X-CUBE-AZRTOS-L5.2.0.0
2023-11-09 21:18:28,233 [WARN] PackLoader:240 - Cannot read IP mode file for STMicroelectronics.X-CUBE-MEMS1.9.6.0
2023-11-09 21:18:28,435 [WARN] PackLoader:240 - Cannot read IP mode file for STMicroelectronics.X-CUBE-EEPRMA1.4.2.0
2023-11-09 21:18:28,440 [WARN] PackLoader:240 - Cannot read IP mode file for ITTIA_DB.I-CUBE-ITTIADB.8.8.0
2023-11-09 21:18:28,447 [WARN] PackLoader:240 - Cannot read IP mode file for STMicroelectronics.X-CUBE-BLEMGR.2.0.0
2023-11-09 21:18:28,464 [WARN] ConditionMgr:438 - getConditionDescription Invalid condition id : UX DEVICE CLASS RTOS Condition cause : null
2023-11-09 21:18:28,465 [WARN] ConditionMgr:438 - getConditionDescription Invalid condition id : UX DEVICE CLASS RTOS Condition cause : null
2023-11-09 21:18:28,468 [WARN] PackLoader:240 - Cannot read IP mode file for STMicroelectronics.X-CUBE-AZRTOS-H7.3.1.0
2023-11-09 21:18:28,469 [WARN] ConditionMgr:1039 - genDependencies : Invalid condition id : UX DEVICE CLASS RTOS Condition cause : null
2023-11-09 21:18:28,470 [WARN] ConditionMgr:1039 - genDependencies : Invalid condition id : UX DEVICE CLASS RTOS Condition cause : null
2023-11-09 21:18:28,470 [WARN] ConditionMgr:1039 - genDependencies : Invalid condition id : UX DEVICE CLASS RTOS Condition cause : null
2023-11-09 21:18:28,471 [WARN] ConditionMgr:1039 - genDependencies : Invalid condition id : UX DEVICE CLASS RTOS Condition cause : null
2023-11-09 21:18:28,471 [WARN] ConditionMgr:1039 - genDependencies : Invalid condition id : UX DEVICE CLASS RTOS Condition cause : null
2023-11-09 21:18:28,478 [WARN] PackLoader:240 - Cannot read IP mode file for STMicroelectronics.X-CUBE-NFC7.1.0.1
2023-11-09 21:18:28,484 [WARN] PackLoader:240 - Cannot read IP mode file for STMicroelectronics.X-CUBE-NFC6.3.0.0
2023-11-09 21:18:28,490 [WARN] PackLoader:240 - Cannot read IP mode file for STMicroelectronics.X-CUBE-EEPRMA1.4.1.0
2023-11-09 21:18:28,494 [WARN] PackLoader:240 - Cannot read IP mode file for STMicroelectronics.X-CUBE-AI.8.1.0
2023-11-09 21:18:28,510 [WARN] ConditionMgr:438 - getConditionDescription Invalid condition id : LAN8742 Phy interface Condition cause : null
2023-11-09 21:18:28,510 [WARN] PackLoader:240 - Cannot read IP mode file for STMicroelectronics.X-CUBE-AZRTOS-L4.2.0.0
2023-11-09 21:18:28,512 [WARN] ConditionMgr:1039 - genDependencies : Invalid condition id : LAN8742 Phy interface Condition cause : null
2023-11-09 21:18:28,512 [WARN] ConditionMgr:1039 - genDependencies : Invalid condition id : LAN8742 Phy interface Condition cause : null
2023-11-09 21:18:28,513 [WARN] ConditionMgr:1039 - genDependencies : Invalid condition id : LAN8742 Phy interface Condition cause : null
2023-11-09 21:18:28,519 [WARN] PackLoader:240 - Cannot read IP mode file for STMicroelectronics.X-CUBE-SFXS2LP1.4.0.0
2023-11-09 21:18:28,523 [WARN] PackLoader:240 - Cannot read IP mode file for STMicroelectronics.X-CUBE-ISPU.1.1.0
2023-11-09 21:18:28,534 [WARN] ConditionMgr:438 - getConditionDescription Invalid condition id : UX DEVICE CLASS RTOS Condition cause : null
2023-11-09 21:18:28,534 [WARN] ConditionMgr:438 - getConditionDescription Invalid condition id : UX DEVICE CLASS RTOS Condition cause : null
2023-11-09 21:18:28,536 [WARN] PackLoader:240 - Cannot read IP mode file for STMicroelectronics.X-CUBE-AZRTOS-WB.2.0.0
2023-11-09 21:18:28,537 [WARN] ConditionMgr:1039 - genDependencies : Invalid condition id : UX DEVICE CLASS RTOS Condition cause : null
2023-11-09 21:18:28,537 [WARN] ConditionMgr:1039 - genDependencies : Invalid condition id : UX DEVICE CLASS RTOS Condition cause : null
2023-11-09 21:18:28,538 [WARN] ConditionMgr:1039 - genDependencies : Invalid condition id : UX DEVICE CLASS RTOS Condition cause : null
2023-11-09 21:18:28,538 [WARN] ConditionMgr:1039 - genDependencies : Invalid condition id : UX DEVICE CLASS RTOS Condition cause : null
2023-11-09 21:18:28,538 [WARN] ConditionMgr:1039 - genDependencies : Invalid condition id : UX DEVICE CLASS RTOS Condition cause : null
2023-11-09 21:18:28,549 [WARN] PackLoader:240 - Cannot read IP mode file for STMicroelectronics.X-CUBE-SUBG2.5.0.0
2023-11-09 21:18:28,560 [WARN] PackLoader:240 - Cannot read IP mode file for STMicroelectronics.X-CUBE-TOF1.3.3.1
2023-11-09 21:18:28,576 [WARN] PackLoader:240 - Cannot read IP mode file for STMicroelectronics.X-CUBE-AZRTOS-G4.2.0.0
2023-11-09 21:18:28,586 [WARN] PackLoader:240 - Cannot read IP mode file for Infineon.AIROC-Wi-Fi-Bluetooth-STM32.1.5.1
2023-11-09 21:18:28,591 [WARN] PackLoader:240 - Cannot read IP mode file for STMicroelectronics.FP-SNS-MOTENVWB1.1.3.0
2023-11-09 21:18:28,617 [WARN] PackLoader:240 - Cannot read IP mode file for STMicroelectronics.X-CUBE-MEMS1.10.0.0
2023-11-09 21:18:28,703 [WARN] PackLoader:240 - Cannot read IP mode file for STMicroelectronics.X-CUBE-FREERTOS.1.1.0
2023-11-09 21:18:28,706 [WARN] PackLoader:240 - Cannot read IP mode file for portGmbH.I-Cube-SoM-uGOAL.1.1.0
2023-11-09 21:18:28,709 [WARN] PackLoader:240 - Cannot read IP mode file for STMicroelectronics.X-CUBE-ALS.1.0.1
2023-11-09 21:18:28,716 [WARN] PackLoader:240 - Cannot read IP mode file for STMicroelectronics.FP-ATR-ASTRA1.2.0.0
2023-11-09 21:18:28,717 [INFO] ThirdParty:978 - Integrity check success = true
2023-11-09 21:18:28,717 [INFO] IntegrityCheckThread:100 - exiting critical section [integrity check]
2023-11-09 21:18:28,717 [INFO] IntegrityCheckThread:103 - End integrity checks thread
2023-11-09 22:19:11,381 [ERROR] LogOutputStream:75 - [STDERR_REDIRECT] 
