2023-11-28 15:27:22,785 [INFO] Activator:176 - 


2023-11-28 15:27:22,788 [INFO] Activator:177 - !SESSION log4j initialized
2023-11-28 15:27:26,022 [INFO] LogOutputStream:77 - [STDOUT_REDIRECT] 
2023-11-28 15:27:26,963 [INFO] ApplicationProperties:184 - Using Application install path: /opt/st/stm32cubeide_1.13.2/plugins/com.st.stm32cube.common.mx_6.9.2.202309101412
2023-11-28 15:27:26,979 [INFO] DbMcusXml:78 - Set database path to: /opt/st/stm32cubeide_1.13.2/plugins/com.st.stm32cube.common.mx_6.9.2.202309101412//db//mcu/
2023-11-28 15:27:26,979 [INFO] ApiDb:274 - Set plugin database path to: /opt/st/stm32cubeide_1.13.2/plugins/com.st.stm32cube.common.mx_6.9.2.202309101412//db//plugins/boardmanager/
2023-11-28 15:27:26,979 [WARN] ApiDb:259 - Overriding images path with different value:  => /opt/st/stm32cubeide_1.13.2/plugins/com.st.stm32cube.common.mx_6.9.2.202309101412//db//plugins/mcufinder/images/
2023-11-28 15:27:26,988 [INFO] ApiDb:250 - Set database path to: /home/martin/.stmcufinder/plugins/mcufinder//mcu/
2023-11-28 15:27:26,990 [INFO] DbMcusAds:125 - Set database path to: /home/martin/.stmcufinder/plugins/mcufinder//mcu/
2023-11-28 15:27:26,992 [INFO] CrossReferenceDbSqlite:203 - Set database path to: /home/martin/.stmcufinder/plugins/mcufinder//mcu/cs/
2023-11-28 15:27:27,094 [INFO] RulesReader:64 - Compatibility file has been processed (293 Rules)
2023-11-28 15:27:27,158 [INFO] DbMcusXml:78 - Set database path to: /opt/st/stm32cubeide_1.13.2/plugins/com.st.stm32cube.common.mx_6.9.2.202309101412//db//mcu/
2023-11-28 15:27:27,158 [INFO] ApiDb:274 - Set plugin database path to: /opt/st/stm32cubeide_1.13.2/plugins/com.st.stm32cube.common.mx_6.9.2.202309101412//db//plugins/boardmanager/
2023-11-28 15:27:27,158 [INFO] ApiDb:261 - Set plugin images path to: /opt/st/stm32cubeide_1.13.2/plugins/com.st.stm32cube.common.mx_6.9.2.202309101412//db//plugins/mcufinder/images/
2023-11-28 15:27:27,158 [WARN] DbFile:41 - Overriding database path with different value: /home/martin/.stmcufinder/plugins/mcufinder/ => /home/martin/.stmcufinder/plugins/mcufinder
2023-11-28 15:27:27,159 [INFO] ApiDb:250 - Set database path to: /home/martin/.stmcufinder/plugins/mcufinder//mcu/
2023-11-28 15:27:27,159 [WARN] DbFile:41 - Overriding database path with different value: /home/martin/.stmcufinder/plugins/mcufinder/ => /home/martin/.stmcufinder/plugins/mcufinder
2023-11-28 15:27:27,159 [INFO] DbMcusAds:125 - Set database path to: /home/martin/.stmcufinder/plugins/mcufinder//mcu/
2023-11-28 15:27:27,159 [WARN] DbFile:41 - Overriding database path with different value: /home/martin/.stmcufinder/plugins/mcufinder/ => /home/martin/.stmcufinder/plugins/mcufinder
2023-11-28 15:27:27,159 [WARN] DbFile:41 - Overriding database path with different value: /home/martin/.stmcufinder/plugins/mcufinder/ => /home/martin/.stmcufinder/plugins/mcufinder
2023-11-28 15:27:27,159 [INFO] CrossReferenceDbSqlite:203 - Set database path to: /home/martin/.stmcufinder/plugins/mcufinder//mcu/cs/
2023-11-28 15:27:27,240 [INFO] MainPanel:262 - HeapMemory: 268435456
2023-11-28 15:27:27,316 [INFO] DbMcusXml:78 - Set database path to: /opt/st/stm32cubeide_1.13.2/plugins/com.st.stm32cube.common.mx_6.9.2.202309101412//db//mcu/
2023-11-28 15:27:27,316 [INFO] ApiDb:274 - Set plugin database path to: /opt/st/stm32cubeide_1.13.2/plugins/com.st.stm32cube.common.mx_6.9.2.202309101412//db//plugins/boardmanager/
2023-11-28 15:27:27,316 [INFO] ApiDb:261 - Set plugin images path to: /opt/st/stm32cubeide_1.13.2/plugins/com.st.stm32cube.common.mx_6.9.2.202309101412//db//plugins/mcufinder/images/
2023-11-28 15:27:27,317 [WARN] DbFile:41 - Overriding database path with different value: /home/martin/.stmcufinder/plugins/mcufinder/ => /home/martin/.stmcufinder/plugins/mcufinder
2023-11-28 15:27:27,317 [INFO] ApiDb:250 - Set database path to: /home/martin/.stmcufinder/plugins/mcufinder//mcu/
2023-11-28 15:27:27,317 [WARN] DbFile:41 - Overriding database path with different value: /home/martin/.stmcufinder/plugins/mcufinder/ => /home/martin/.stmcufinder/plugins/mcufinder
2023-11-28 15:27:27,317 [INFO] DbMcusAds:125 - Set database path to: /home/martin/.stmcufinder/plugins/mcufinder//mcu/
2023-11-28 15:27:27,317 [WARN] DbFile:41 - Overriding database path with different value: /home/martin/.stmcufinder/plugins/mcufinder/ => /home/martin/.stmcufinder/plugins/mcufinder
2023-11-28 15:27:27,317 [WARN] DbFile:41 - Overriding database path with different value: /home/martin/.stmcufinder/plugins/mcufinder/ => /home/martin/.stmcufinder/plugins/mcufinder
2023-11-28 15:27:27,317 [INFO] CrossReferenceDbSqlite:203 - Set database path to: /home/martin/.stmcufinder/plugins/mcufinder//mcu/cs/
2023-11-28 15:27:27,332 [INFO] ApplicationProperties:184 - Using Application install path: /opt/st/stm32cubeide_1.13.2/plugins/com.st.stm32cube.common.mx_6.9.2.202309101412
2023-11-28 15:27:27,333 [INFO] PluginManage:196 - Search for loadable plugins [exclusion list=, ]
2023-11-28 15:27:27,334 [INFO] PluginManage:310 - Check plugin analytics
2023-11-28 15:27:27,459 [INFO] AnalyticsPlugin:253 - Accepted Software Licenses: 
2023-11-28 15:27:27,459 [INFO] AnalyticsPlugin:255 - Accepted CMSIS Pack Licenses: 
2023-11-28 15:27:27,459 [INFO] AnalyticsPlugin:257 - Accepted Firmware Licenses: FW.F4.1.27.0
2023-11-28 15:27:27,462 [INFO] PluginManage:359 - Loaded plugin analytics (category:tool,tabindex:-1)
2023-11-28 15:27:27,462 [INFO] PluginManage:310 - Check plugin cadmodel
2023-11-28 15:27:27,533 [INFO] CADModel:105 - Init CAD model plugin
2023-11-28 15:27:27,534 [INFO] PluginManage:359 - Loaded plugin cadmodel (category:power,tabindex:5)
2023-11-28 15:27:27,534 [INFO] PluginManage:310 - Check plugin clock
2023-11-28 15:27:27,543 [INFO] PluginManage:359 - Loaded plugin clock (category:base,tabindex:2)
2023-11-28 15:27:27,544 [INFO] PluginManage:310 - Check plugin ddr
2023-11-28 15:27:27,546 [INFO] PluginManage:359 - Loaded plugin ddr (category:tool,tabindex:6)
2023-11-28 15:27:27,546 [INFO] PluginManage:310 - Check plugin filemanager
2023-11-28 15:27:27,638 [INFO] PluginManage:359 - Loaded plugin filemanager (category:base,tabindex:10)
2023-11-28 15:27:27,638 [INFO] PluginManage:310 - Check plugin ipmanager
2023-11-28 15:27:27,643 [INFO] PluginManage:359 - Loaded plugin ipmanager (category:base,tabindex:5)
2023-11-28 15:27:27,643 [INFO] PluginManage:310 - Check plugin lpbam
2023-11-28 15:27:27,652 [INFO] PluginManage:359 - Loaded plugin lpbam (category:base,tabindex:0)
2023-11-28 15:27:27,652 [INFO] PluginManage:310 - Check plugin memorymap
2023-11-28 15:27:27,659 [INFO] PluginManage:359 - Loaded plugin memorymap (category:base,tabindex:4)
2023-11-28 15:27:27,659 [INFO] PluginManage:310 - Check plugin pinoutandconfiguration
2023-11-28 15:27:27,664 [INFO] PluginManage:359 - Loaded plugin pinoutandconfiguration (category:base,tabindex:1)
2023-11-28 15:27:27,664 [INFO] PluginManage:310 - Check plugin pinoutconfig
2023-11-28 15:27:27,725 [WARN] SupportedApi:132 - Cannot load RTOS API schema: s4s-elt-must-match.1: The content of 'definitions' must match (annotation?, (simpleType | complexType)?, (unique | key | keyref)*)). A problem was found starting at: attribute.
2023-11-28 15:27:27,814 [INFO] PluginManage:359 - Loaded plugin pinoutconfig (category:base,tabindex:0)
2023-11-28 15:27:27,814 [INFO] PluginManage:310 - Check plugin power
2023-11-28 15:27:27,822 [INFO] PluginManage:359 - Loaded plugin power (category:power,tabindex:4)
2023-11-28 15:27:27,822 [INFO] PluginManage:310 - Check plugin projectmanager
2023-11-28 15:27:27,831 [INFO] PluginManage:359 - Loaded plugin projectmanager (category:projectmanager,tabindex:3)
2023-11-28 15:27:27,831 [INFO] PluginManage:310 - Check plugin thirdparty
2023-11-28 15:27:27,928 [WARN] IntegrityCheckThread:84 - waiting for thirdparty lock release [integrity check]
2023-11-28 15:27:27,928 [INFO] PluginManage:359 - Loaded plugin thirdparty (category:base,tabindex:-1)
2023-11-28 15:27:27,928 [INFO] IntegrityCheckThread:86 - entering critical section [integrity check]
2023-11-28 15:27:27,928 [INFO] PluginManage:310 - Check plugin tools
2023-11-28 15:27:27,929 [INFO] ThirdPartyUpdaterWithRetryManager:70 - Updater plugin not ready yet. [1/15]
2023-11-28 15:27:27,931 [INFO] PluginManage:359 - Loaded plugin tools (category:base,tabindex:7)
2023-11-28 15:27:27,931 [INFO] PluginManage:310 - Check plugin tutovideos
2023-11-28 15:27:28,054 [INFO] PluginManage:359 - Loaded plugin tutovideos (category:base,tabindex:-1)
2023-11-28 15:27:28,054 [INFO] PluginManage:310 - Check plugin updater
2023-11-28 15:27:28,064 [INFO] PluginManage:359 - Loaded plugin updater (category:base,tabindex:12)
2023-11-28 15:27:28,064 [INFO] PluginManage:310 - Check plugin userauth
2023-11-28 15:27:28,069 [INFO] UserAuth:113 - Init User Auth plugin
2023-11-28 15:27:28,069 [INFO] PluginManage:359 - Loaded plugin userauth (category:base,tabindex:14)
2023-11-28 15:27:28,069 [INFO] PluginManage:283 - PluginManage : Loaded plugins [17]
2023-11-28 15:27:28,224 [INFO] PinOutPanel:1499 - setPackage(No Configuration,No Configuration)
2023-11-28 15:27:28,300 [INFO] CADModel:165 - CPN selected for project level
2023-11-28 15:27:28,300 [INFO] CADModel:114 - Register for checkConnection events
2023-11-28 15:27:28,311 [INFO] IPUIPlugin:80 - create IPUIPlugin
2023-11-28 15:27:28,311 [INFO] PluginManager:220 - loadIPPluginJar : add ts
2023-11-28 15:27:28,313 [INFO] IPUIPlugin:80 - create IPUIPlugin
2023-11-28 15:27:28,314 [INFO] PluginManager:220 - loadIPPluginJar : add dma3
2023-11-28 15:27:28,318 [INFO] IPUIPlugin:80 - create IPUIPlugin
2023-11-28 15:27:28,318 [INFO] PluginManager:220 - loadIPPluginJar : add spi
2023-11-28 15:27:28,320 [INFO] IPUIPlugin:80 - create IPUIPlugin
2023-11-28 15:27:28,320 [INFO] PluginManager:220 - loadIPPluginJar : add openamp
2023-11-28 15:27:28,321 [INFO] IPUIPlugin:80 - create IPUIPlugin
2023-11-28 15:27:28,322 [INFO] PluginManager:220 - loadIPPluginJar : add dfsdm
2023-11-28 15:27:28,327 [INFO] IPUIPlugin:80 - create IPUIPlugin
2023-11-28 15:27:28,327 [INFO] PluginManager:220 - loadIPPluginJar : add fmc
2023-11-28 15:27:28,328 [INFO] IPUIPlugin:80 - create IPUIPlugin
2023-11-28 15:27:28,328 [INFO] PluginManager:220 - loadIPPluginJar : add tracer_emb
2023-11-28 15:27:28,330 [INFO] IPUIPlugin:80 - create IPUIPlugin
2023-11-28 15:27:28,330 [INFO] PluginManager:220 - loadIPPluginJar : add i2s
2023-11-28 15:27:28,332 [INFO] IPUIPlugin:80 - create IPUIPlugin
2023-11-28 15:27:28,332 [INFO] PluginManager:220 - loadIPPluginJar : add nvic
2023-11-28 15:27:28,335 [INFO] IPUIPlugin:80 - create IPUIPlugin
2023-11-28 15:27:28,336 [INFO] PluginManager:220 - loadIPPluginJar : add dma
2023-11-28 15:27:28,339 [INFO] IPUIPlugin:80 - create IPUIPlugin
2023-11-28 15:27:28,339 [INFO] PluginManager:220 - loadIPPluginJar : add stm32_wpan
2023-11-28 15:27:28,341 [INFO] IPUIPlugin:80 - create IPUIPlugin
2023-11-28 15:27:28,341 [INFO] PluginManager:220 - loadIPPluginJar : add quadspi
2023-11-28 15:27:28,346 [INFO] IPUIPlugin:80 - create IPUIPlugin
2023-11-28 15:27:28,346 [INFO] PluginManager:220 - loadIPPluginJar : add gfxmmu
2023-11-28 15:27:28,348 [INFO] IPUIPlugin:80 - create IPUIPlugin
2023-11-28 15:27:28,348 [INFO] PluginManager:220 - loadIPPluginJar : add i2c
2023-11-28 15:27:28,349 [INFO] IPUIPlugin:80 - create IPUIPlugin
2023-11-28 15:27:28,350 [INFO] PluginManager:220 - loadIPPluginJar : add usart
2023-11-28 15:27:28,355 [INFO] IPUIPlugin:80 - create IPUIPlugin
2023-11-28 15:27:28,355 [INFO] PluginManager:220 - loadIPPluginJar : add linkedlist
2023-11-28 15:27:28,359 [INFO] IPUIPlugin:80 - create IPUIPlugin
2023-11-28 15:27:28,359 [INFO] PluginManager:220 - loadIPPluginJar : add mdma
2023-11-28 15:27:28,360 [INFO] IPUIPlugin:80 - create IPUIPlugin
2023-11-28 15:27:28,360 [INFO] PluginManager:220 - loadIPPluginJar : add fatfs
2023-11-28 15:27:28,362 [INFO] IPUIPlugin:80 - create IPUIPlugin
2023-11-28 15:27:28,362 [INFO] PluginManager:220 - loadIPPluginJar : add sai
2023-11-28 15:27:28,363 [INFO] IPUIPlugin:80 - create IPUIPlugin
2023-11-28 15:27:28,363 [INFO] PluginManager:220 - loadIPPluginJar : add opamp
2023-11-28 15:27:28,366 [INFO] IPUIPlugin:80 - create IPUIPlugin
2023-11-28 15:27:28,366 [INFO] PluginManager:220 - loadIPPluginJar : add adc
2023-11-28 15:27:28,368 [INFO] IPUIPlugin:80 - create IPUIPlugin
2023-11-28 15:27:28,368 [INFO] PluginManager:220 - loadIPPluginJar : add resmgrutility
2023-11-28 15:27:28,369 [INFO] IPUIPlugin:80 - create IPUIPlugin
2023-11-28 15:27:28,369 [INFO] PluginManager:220 - loadIPPluginJar : add tim
2023-11-28 15:27:28,371 [INFO] IPUIPlugin:80 - create IPUIPlugin
2023-11-28 15:27:28,371 [INFO] PluginManager:220 - loadIPPluginJar : add cryp
2023-11-28 15:27:28,374 [INFO] IPUIPlugin:80 - create IPUIPlugin
2023-11-28 15:27:28,374 [INFO] PluginManager:220 - loadIPPluginJar : add ipddr
2023-11-28 15:27:28,376 [INFO] IPUIPlugin:80 - create IPUIPlugin
2023-11-28 15:27:28,376 [INFO] PluginManager:220 - loadIPPluginJar : add can
2023-11-28 15:27:28,377 [INFO] IPUIPlugin:80 - create IPUIPlugin
2023-11-28 15:27:28,377 [INFO] PluginManager:220 - loadIPPluginJar : add genericplugin
2023-11-28 15:27:28,377 [INFO] IPUIPlugin:80 - create IPUIPlugin
2023-11-28 15:27:28,378 [INFO] PluginManager:220 - loadIPPluginJar : add comp
2023-11-28 15:27:28,378 [INFO] IPUIPlugin:80 - create IPUIPlugin
2023-11-28 15:27:28,378 [INFO] PluginManager:220 - loadIPPluginJar : add tsc
2023-11-28 15:27:28,382 [INFO] IPUIPlugin:80 - create IPUIPlugin
2023-11-28 15:27:28,382 [INFO] PluginManager:220 - loadIPPluginJar : add freertos
2023-11-28 15:27:28,383 [INFO] IPUIPlugin:80 - create IPUIPlugin
2023-11-28 15:27:28,383 [INFO] PluginManager:220 - loadIPPluginJar : add pdm2pcm
2023-11-28 15:27:28,384 [INFO] IPUIPlugin:80 - create IPUIPlugin
2023-11-28 15:27:28,384 [INFO] PluginManager:220 - loadIPPluginJar : add ltdc
2023-11-28 15:27:28,385 [INFO] IPUIPlugin:80 - create IPUIPlugin
2023-11-28 15:27:28,385 [INFO] PluginManager:220 - loadIPPluginJar : add ucpd
2023-11-28 15:27:28,391 [INFO] IPUIPlugin:80 - create IPUIPlugin
2023-11-28 15:27:28,393 [INFO] PluginManager:220 - loadIPPluginJar : add plateformsettings
2023-11-28 15:27:28,394 [INFO] IPUIPlugin:80 - create IPUIPlugin
2023-11-28 15:27:28,395 [INFO] PluginManager:220 - loadIPPluginJar : add i3c
2023-11-28 15:27:28,396 [INFO] IPUIPlugin:80 - create IPUIPlugin
2023-11-28 15:27:28,396 [INFO] PluginManager:220 - loadIPPluginJar : add usbx
2023-11-28 15:27:28,398 [INFO] IPUIPlugin:80 - create IPUIPlugin
2023-11-28 15:27:28,398 [INFO] PluginManager:220 - loadIPPluginJar : add lorawan
2023-11-28 15:27:28,399 [INFO] IPUIPlugin:80 - create IPUIPlugin
2023-11-28 15:27:28,399 [INFO] PluginManager:220 - loadIPPluginJar : add gtzc
2023-11-28 15:27:28,401 [INFO] IPUIPlugin:80 - create IPUIPlugin
2023-11-28 15:27:28,401 [INFO] PluginManager:220 - loadIPPluginJar : add aes
2023-11-28 15:27:28,402 [INFO] IPUIPlugin:80 - create IPUIPlugin
2023-11-28 15:27:28,402 [INFO] PluginManager:220 - loadIPPluginJar : add hash
2023-11-28 15:27:28,405 [INFO] IPUIPlugin:80 - create IPUIPlugin
2023-11-28 15:27:28,406 [INFO] PluginManager:220 - loadIPPluginJar : add gpio
2023-11-28 15:27:28,410 [INFO] IPUIPlugin:80 - create IPUIPlugin
2023-11-28 15:27:28,411 [INFO] PluginManager:220 - loadIPPluginJar : add gic
2023-11-28 15:27:28,413 [INFO] IPUIPlugin:80 - create IPUIPlugin
2023-11-28 15:27:28,413 [INFO] PluginManager:220 - loadIPPluginJar : add touchsensing
2023-11-28 15:27:28,505 [INFO] CADModel:165 - CPN selected for project level
2023-11-28 15:27:28,505 [INFO] CADModel:114 - Register for checkConnection events
2023-11-28 15:27:28,506 [FATAL] Updater:308 - Updater called before beeing initialized
2023-11-28 15:27:28,506 [ERROR] CADModel:125 - Updater not yet initialized, retry later 
2023-11-28 15:27:28,638 [INFO] CADModel:165 - CPN selected for project level
2023-11-28 15:27:28,638 [INFO] CADModel:114 - Register for checkConnection events
2023-11-28 15:27:28,638 [FATAL] Updater:308 - Updater called before beeing initialized
2023-11-28 15:27:28,638 [ERROR] CADModel:125 - Updater not yet initialized, retry later 
2023-11-28 15:27:28,642 [FATAL] Updater:308 - Updater called before beeing initialized
2023-11-28 15:27:28,701 [FATAL] Updater:308 - Updater called before beeing initialized
2023-11-28 15:27:28,708 [INFO] DbMcusAds:53 - JSON generation date=Tue Mar 07 05:50:55 ART 2023 (1678179055114)
2023-11-28 15:27:28,708 [FATAL] Updater:308 - Updater called before beeing initialized
2023-11-28 15:27:28,741 [WARN] DetailPanel:346 - Failed to get advertising image, set to default
2023-11-28 15:27:28,818 [FATAL] Updater:308 - Updater called before beeing initialized
2023-11-28 15:27:28,820 [FATAL] Updater:308 - Updater called before beeing initialized
2023-11-28 15:27:28,820 [FATAL] Updater:308 - Updater called before beeing initialized
2023-11-28 15:27:28,821 [WARN] DetailPanel:346 - Failed to get advertising image, set to default
2023-11-28 15:27:28,822 [FATAL] Updater:308 - Updater called before beeing initialized
2023-11-28 15:27:28,849 [ERROR] Updater:1120 - MainUpdater not yet initialized. External WinMGr cannot be set.
2023-11-28 15:27:28,851 [INFO] Updater:1056 - Updater Version found : 6.9.2
2023-11-28 15:27:28,879 [INFO] ApplicationProperties:184 - Using Application install path: /opt/st/stm32cubeide_1.13.2/plugins/com.st.stm32cube.common.mx_6.9.2.202309101412
2023-11-28 15:27:28,996 [INFO] MainUpdater:2868 - connection check result : 10
2023-11-28 15:27:28,996 [INFO] MainUpdater:3562 - Updater definition file requires update
2023-11-28 15:27:28,996 [INFO] MainUpdater:285 - Updater Check For Update Now.
2023-11-28 15:27:28,996 [INFO] MicroXplorer:498 - Change Database Version : DB.6.0.92
2023-11-28 15:27:28,999 [INFO] McuFinderGlobals:63 - Set McuFinder mode to 2 (CubeIDE integrated)
2023-11-28 15:27:29,000 [INFO] UserAuth:179 - activating auth plugin
2023-11-28 15:27:29,001 [INFO] UserAuth:393 - Internet connection configuration mode: 1
2023-11-28 15:27:29,012 [INFO] JxBrowserEngine:151 - Initiate JxBrowser Engine with user profile folder
2023-11-28 15:27:29,031 [INFO] ServerAccessManage:473 - Download File updaters.zip
2023-11-28 15:27:29,155 [INFO] FileExtend:240 - Unzip File : updaters.zip
2023-11-28 15:27:29,155 [INFO] FileExtend:255 - Standard Zip Deflate
2023-11-28 15:27:29,251 [INFO] ServerAccessManage:473 - Download File PacksControlFlags.xml
2023-11-28 15:27:29,347 [INFO] ServerAccessManage:473 - Download File cubemx.pidx
2023-11-28 15:27:29,413 [INFO] LoadServerUpdatesThread:373 - End of LoadServerUpdate Thread
2023-11-28 15:27:29,569 [INFO] CheckServerUpdateThread:120 - End of CheckServer Thread
2023-11-28 15:27:29,701 [INFO] WebApp:157 - Instantiating new browser for Auth
2023-11-28 15:27:30,098 [INFO] WebApp:753 - Register for checkConnection events
2023-11-28 15:27:30,098 [INFO] WebApp:390 - Apply proxy settings
2023-11-28 15:27:30,098 [INFO] WebApp:475 - Chromium requires no authentication
2023-11-28 15:27:30,104 [INFO] WebApp:418 - Direct internet connection detected
2023-11-28 15:27:30,220 [INFO] WebApp:188 - Starting web application
2023-11-28 15:27:30,220 [INFO] WebApp:520 - Web application path used /opt/st/stm32cubeide_1.13.2/plugins/com.st.stm32cube.common.mx_6.9.2.202309101412/db/plugins/mcufinder/reactClient1/index.html
2023-11-28 15:27:31,016 [WARN] PackLoader:240 - Cannot read IP mode file for STMicroelectronics.X-CUBE-SMBUS.2.1.0
2023-11-28 15:27:31,048 [WARN] PackLoader:240 - Cannot read IP mode file for STMicroelectronics.X-CUBE-AZRTOS-F7.1.1.0
2023-11-28 15:27:31,059 [WARN] PackLoader:240 - Cannot read IP mode file for STMicroelectronics.FP-SNS-MOTENV1.4.3.2
2023-11-28 15:27:31,065 [WARN] PackLoader:240 - Cannot read IP mode file for STMicroelectronics.FP-SNS-FLIGHT1.5.0.2
2023-11-28 15:27:31,073 [WARN] PackLoader:240 - Cannot read IP mode file for STMicroelectronics.X-CUBE-DISPLAY.3.0.0
2023-11-28 15:27:31,085 [WARN] PackLoader:240 - Cannot read IP mode file for STMicroelectronics.X-CUBE-BLE1.7.0.0
2023-11-28 15:27:31,090 [WARN] PackLoader:240 - Cannot read IP mode file for emotas.I-CUBE-CANOPEN.1.3.0
2023-11-28 15:27:31,094 [WARN] PackLoader:240 - Cannot read IP mode file for STMicroelectronics.X-CUBE-TOUCHGFX.4.22.1
2023-11-28 15:27:31,097 [WARN] PackLoader:240 - Cannot read IP mode file for STMicroelectronics.FP-SNS-SMARTAG2.1.2.0
2023-11-28 15:27:31,107 [INFO] LogOutputStream:77 - [STDOUT_REDIRECT] 1 : Invalid condition id : UX_CORESTACK_Condition cause : null
2023-11-28 15:27:31,107 [INFO] LogOutputStream:77 - [STDOUT_REDIRECT] 1 : Invalid condition id : UX_CORESTACK_Condition cause : null
2023-11-28 15:27:31,108 [INFO] LogOutputStream:77 - [STDOUT_REDIRECT] 1 : Invalid condition id : UX_CORESTACK_Condition cause : null
2023-11-28 15:27:31,108 [INFO] LogOutputStream:77 - [STDOUT_REDIRECT] 1 : Invalid condition id : UX_CORESTACK_Condition cause : null
2023-11-28 15:27:31,108 [INFO] LogOutputStream:77 - [STDOUT_REDIRECT] 1 : Invalid condition id : UX_CORESTACK_Condition cause : null
2023-11-28 15:27:31,113 [WARN] PackLoader:240 - Cannot read IP mode file for STMicroelectronics.X-CUBE-AZRTOS-WL.2.0.0
2023-11-28 15:27:31,121 [WARN] PackLoader:240 - Cannot read IP mode file for WES.I-CUBE-Cesium.1.3.0
2023-11-28 15:27:31,125 [WARN] PackLoader:240 - Cannot read IP mode file for STMicroelectronics.X-CUBE-BLE2.3.3.0
2023-11-28 15:27:31,131 [WARN] PackLoader:240 - Cannot read IP mode file for STMicroelectronics.X-CUBE-ALGOBUILD.1.3.0
2023-11-28 15:27:31,151 [WARN] PackLoader:240 - Cannot read IP mode file for STMicroelectronics.X-CUBE-AZRTOS-G0.1.1.0
2023-11-28 15:27:31,159 [WARN] PackLoader:240 - Cannot read IP mode file for STMicroelectronics.X-CUBE-NFC4.3.0.0
2023-11-28 15:27:31,169 [WARN] PackLoader:240 - Cannot read IP mode file for STMicroelectronics.X-CUBE-BLEMGR.3.0.0
2023-11-28 15:27:31,174 [WARN] PackLoader:240 - Cannot read IP mode file for STMicroelectronics.FP-ATR-SIGFOX1.3.2.0
2023-11-28 15:27:31,205 [WARN] PackLoader:240 - Cannot read IP mode file for SEGGER.I-CUBE-embOS.1.3.1
2023-11-28 15:27:31,246 [WARN] PackLoader:240 - Cannot read IP mode file for STMicroelectronics.X-CUBE-GNSS1.6.0.0
2023-11-28 15:27:31,256 [WARN] PackLoader:240 - Cannot read IP mode file for STMicroelectronics.X-CUBE-AZRTOS-F4.1.1.0
2023-11-28 15:27:31,260 [WARN] PackLoader:240 - Cannot read IP mode file for wolfSSL.I-CUBE-wolfSSL.5.6.3
2023-11-28 15:27:31,269 [WARN] PackLoader:240 - Cannot read IP mode file for STMicroelectronics.X-CUBE-AZRTOS-L5.2.0.0
2023-11-28 15:27:31,297 [WARN] PackLoader:240 - Cannot read IP mode file for STMicroelectronics.X-CUBE-MEMS1.9.6.0
2023-11-28 15:27:31,427 [WARN] PackLoader:240 - Cannot read IP mode file for STMicroelectronics.X-CUBE-EEPRMA1.4.2.0
2023-11-28 15:27:31,431 [WARN] PackLoader:240 - Cannot read IP mode file for ITTIA_DB.I-CUBE-ITTIADB.8.8.0
2023-11-28 15:27:31,436 [WARN] PackLoader:240 - Cannot read IP mode file for STMicroelectronics.X-CUBE-BLEMGR.2.0.0
2023-11-28 15:27:31,447 [WARN] ConditionMgr:438 - getConditionDescription Invalid condition id : UX DEVICE CLASS RTOS Condition cause : null
2023-11-28 15:27:31,448 [WARN] ConditionMgr:438 - getConditionDescription Invalid condition id : UX DEVICE CLASS RTOS Condition cause : null
2023-11-28 15:27:31,450 [WARN] PackLoader:240 - Cannot read IP mode file for STMicroelectronics.X-CUBE-AZRTOS-H7.3.1.0
2023-11-28 15:27:31,451 [WARN] ConditionMgr:1039 - genDependencies : Invalid condition id : UX DEVICE CLASS RTOS Condition cause : null
2023-11-28 15:27:31,451 [WARN] ConditionMgr:1039 - genDependencies : Invalid condition id : UX DEVICE CLASS RTOS Condition cause : null
2023-11-28 15:27:31,452 [WARN] ConditionMgr:1039 - genDependencies : Invalid condition id : UX DEVICE CLASS RTOS Condition cause : null
2023-11-28 15:27:31,452 [WARN] ConditionMgr:1039 - genDependencies : Invalid condition id : UX DEVICE CLASS RTOS Condition cause : null
2023-11-28 15:27:31,452 [WARN] ConditionMgr:1039 - genDependencies : Invalid condition id : UX DEVICE CLASS RTOS Condition cause : null
2023-11-28 15:27:31,458 [WARN] PackLoader:240 - Cannot read IP mode file for STMicroelectronics.X-CUBE-NFC7.1.0.1
2023-11-28 15:27:31,462 [WARN] PackLoader:240 - Cannot read IP mode file for STMicroelectronics.X-CUBE-NFC6.3.0.0
2023-11-28 15:27:31,466 [WARN] PackLoader:240 - Cannot read IP mode file for STMicroelectronics.X-CUBE-EEPRMA1.4.1.0
2023-11-28 15:27:31,470 [WARN] PackLoader:240 - Cannot read IP mode file for STMicroelectronics.X-CUBE-AI.8.1.0
2023-11-28 15:27:31,479 [WARN] ConditionMgr:438 - getConditionDescription Invalid condition id : LAN8742 Phy interface Condition cause : null
2023-11-28 15:27:31,484 [WARN] PackLoader:240 - Cannot read IP mode file for STMicroelectronics.X-CUBE-AZRTOS-L4.2.0.0
2023-11-28 15:27:31,486 [WARN] ConditionMgr:1039 - genDependencies : Invalid condition id : LAN8742 Phy interface Condition cause : null
2023-11-28 15:27:31,486 [WARN] ConditionMgr:1039 - genDependencies : Invalid condition id : LAN8742 Phy interface Condition cause : null
2023-11-28 15:27:31,487 [WARN] ConditionMgr:1039 - genDependencies : Invalid condition id : LAN8742 Phy interface Condition cause : null
2023-11-28 15:27:31,493 [WARN] PackLoader:240 - Cannot read IP mode file for STMicroelectronics.X-CUBE-SFXS2LP1.4.0.0
2023-11-28 15:27:31,497 [WARN] PackLoader:240 - Cannot read IP mode file for STMicroelectronics.X-CUBE-ISPU.1.1.0
2023-11-28 15:27:31,508 [WARN] ConditionMgr:438 - getConditionDescription Invalid condition id : UX DEVICE CLASS RTOS Condition cause : null
2023-11-28 15:27:31,508 [WARN] ConditionMgr:438 - getConditionDescription Invalid condition id : UX DEVICE CLASS RTOS Condition cause : null
2023-11-28 15:27:31,510 [WARN] PackLoader:240 - Cannot read IP mode file for STMicroelectronics.X-CUBE-AZRTOS-WB.2.0.0
2023-11-28 15:27:31,511 [WARN] ConditionMgr:1039 - genDependencies : Invalid condition id : UX DEVICE CLASS RTOS Condition cause : null
2023-11-28 15:27:31,511 [WARN] ConditionMgr:1039 - genDependencies : Invalid condition id : UX DEVICE CLASS RTOS Condition cause : null
2023-11-28 15:27:31,512 [WARN] ConditionMgr:1039 - genDependencies : Invalid condition id : UX DEVICE CLASS RTOS Condition cause : null
2023-11-28 15:27:31,512 [WARN] ConditionMgr:1039 - genDependencies : Invalid condition id : UX DEVICE CLASS RTOS Condition cause : null
2023-11-28 15:27:31,512 [WARN] ConditionMgr:1039 - genDependencies : Invalid condition id : UX DEVICE CLASS RTOS Condition cause : null
2023-11-28 15:27:31,521 [WARN] PackLoader:240 - Cannot read IP mode file for STMicroelectronics.X-CUBE-SUBG2.5.0.0
2023-11-28 15:27:31,529 [WARN] PackLoader:240 - Cannot read IP mode file for STMicroelectronics.X-CUBE-TOF1.3.3.1
2023-11-28 15:27:31,542 [WARN] PackLoader:240 - Cannot read IP mode file for STMicroelectronics.X-CUBE-AZRTOS-G4.2.0.0
2023-11-28 15:27:31,549 [WARN] PackLoader:240 - Cannot read IP mode file for Infineon.AIROC-Wi-Fi-Bluetooth-STM32.1.5.1
2023-11-28 15:27:31,554 [WARN] PackLoader:240 - Cannot read IP mode file for STMicroelectronics.FP-SNS-MOTENVWB1.1.3.0
2023-11-28 15:27:31,577 [WARN] PackLoader:240 - Cannot read IP mode file for STMicroelectronics.X-CUBE-MEMS1.10.0.0
2023-11-28 15:27:31,646 [WARN] PackLoader:240 - Cannot read IP mode file for STMicroelectronics.X-CUBE-FREERTOS.1.1.0
2023-11-28 15:27:31,648 [WARN] PackLoader:240 - Cannot read IP mode file for portGmbH.I-Cube-SoM-uGOAL.1.1.0
2023-11-28 15:27:31,656 [WARN] PackLoader:240 - Cannot read IP mode file for STMicroelectronics.X-CUBE-ALS.1.0.1
2023-11-28 15:27:31,658 [WARN] PackLoader:240 - Cannot read IP mode file for STMicroelectronics.FP-ATR-ASTRA1.2.0.0
2023-11-28 15:27:31,665 [WARN] PackLoader:240 - Cannot read IP mode file for STMicroelectronics.X-CUBE-TOF1.3.4.0
2023-11-28 15:27:31,672 [INFO] ThirdParty:978 - Integrity check success = true
2023-11-28 15:27:31,672 [INFO] IntegrityCheckThread:100 - exiting critical section [integrity check]
2023-11-28 15:27:31,672 [INFO] IntegrityCheckThread:103 - End integrity checks thread
2023-11-28 15:57:24,795 [ERROR] LogOutputStream:75 - [STDERR_REDIRECT] 
